2024-02-15 23:17:34,558  DEBUG                   utils.py# 29  Start logging
2024-02-15 23:17:34,559  DEBUG   aggressive_perceptron.py#121  Initial bias: -0.009038811609836923
2024-02-15 23:17:34,559  DEBUG   aggressive_perceptron.py#122  Initial weights: [-0.009038811609836923, -0.009038811609836923, -0.009038811609836923, -0.009038811609836923, -0.009038811609836923, -0.009038811609836923, -0.009038811609836923, -0.009038811609836923, -0.009038811609836923, -0.009038811609836923, -0.009038811609836923, -0.009038811609836923, -0.009038811609836923, -0.009038811609836923, -0.009038811609836923, -0.009038811609836923, -0.009038811609836923, -0.009038811609836923, -0.009038811609836923]
2024-02-15 23:17:34,569  DEBUG   aggressive_perceptron.py#130  --------------------------------------------------
2024-02-15 23:17:34,569  DEBUG   aggressive_perceptron.py#131  Cross Validation Training
2024-02-15 23:17:34,569  DEBUG   aggressive_perceptron.py# 61  Margin: 1
2024-02-15 23:17:34,681  DEBUG   aggressive_perceptron.py#151    Cross validation (Fold 0) Accuracy: 0.5933333333333334
2024-02-15 23:17:34,681  DEBUG   aggressive_perceptron.py# 61  Margin: 1
2024-02-15 23:17:34,793  DEBUG   aggressive_perceptron.py#151    Cross validation (Fold 1) Accuracy: 0.6133333333333333
2024-02-15 23:17:34,793  DEBUG   aggressive_perceptron.py# 61  Margin: 1
2024-02-15 23:17:34,904  DEBUG   aggressive_perceptron.py#151    Cross validation (Fold 2) Accuracy: 0.6333333333333333
2024-02-15 23:17:34,904  DEBUG   aggressive_perceptron.py# 61  Margin: 1
2024-02-15 23:17:35,014  DEBUG   aggressive_perceptron.py#151    Cross validation (Fold 3) Accuracy: 0.6466666666666666
2024-02-15 23:17:35,014  DEBUG   aggressive_perceptron.py# 61  Margin: 1
2024-02-15 23:17:35,125  DEBUG   aggressive_perceptron.py#151    Cross validation (Fold 4) Accuracy: 0.7066666666666667
2024-02-15 23:17:35,125  DEBUG   aggressive_perceptron.py#154  
2024-02-15 23:17:35,125  DEBUG   aggressive_perceptron.py# 61  Margin: 0.1
2024-02-15 23:17:35,233  DEBUG   aggressive_perceptron.py#151    Cross validation (Fold 0) Accuracy: 0.7733333333333333
2024-02-15 23:17:35,233  DEBUG   aggressive_perceptron.py# 61  Margin: 0.1
2024-02-15 23:17:35,340  DEBUG   aggressive_perceptron.py#151    Cross validation (Fold 1) Accuracy: 0.72
2024-02-15 23:17:35,340  DEBUG   aggressive_perceptron.py# 61  Margin: 0.1
2024-02-15 23:17:35,448  DEBUG   aggressive_perceptron.py#151    Cross validation (Fold 2) Accuracy: 0.7066666666666667
2024-02-15 23:17:35,448  DEBUG   aggressive_perceptron.py# 61  Margin: 0.1
2024-02-15 23:17:35,557  DEBUG   aggressive_perceptron.py#151    Cross validation (Fold 3) Accuracy: 0.68
2024-02-15 23:17:35,557  DEBUG   aggressive_perceptron.py# 61  Margin: 0.1
2024-02-15 23:17:35,666  DEBUG   aggressive_perceptron.py#151    Cross validation (Fold 4) Accuracy: 0.7866666666666666
2024-02-15 23:17:35,666  DEBUG   aggressive_perceptron.py#154  
2024-02-15 23:17:35,666  DEBUG   aggressive_perceptron.py# 61  Margin: 0.01
2024-02-15 23:17:35,773  DEBUG   aggressive_perceptron.py#151    Cross validation (Fold 0) Accuracy: 0.7466666666666667
2024-02-15 23:17:35,773  DEBUG   aggressive_perceptron.py# 61  Margin: 0.01
2024-02-15 23:17:35,881  DEBUG   aggressive_perceptron.py#151    Cross validation (Fold 1) Accuracy: 0.7333333333333333
2024-02-15 23:17:35,881  DEBUG   aggressive_perceptron.py# 61  Margin: 0.01
2024-02-15 23:17:36,003  DEBUG   aggressive_perceptron.py#151    Cross validation (Fold 2) Accuracy: 0.7
2024-02-15 23:17:36,003  DEBUG   aggressive_perceptron.py# 61  Margin: 0.01
2024-02-15 23:17:36,115  DEBUG   aggressive_perceptron.py#151    Cross validation (Fold 3) Accuracy: 0.6733333333333333
2024-02-15 23:17:36,115  DEBUG   aggressive_perceptron.py# 61  Margin: 0.01
2024-02-15 23:17:36,228  DEBUG   aggressive_perceptron.py#151    Cross validation (Fold 4) Accuracy: 0.78
2024-02-15 23:17:36,228  DEBUG   aggressive_perceptron.py#154  
2024-02-15 23:17:36,228  DEBUG   aggressive_perceptron.py#156  All CV accuracy dictionary: {1: [0.5933333333333334, 0.6133333333333333, 0.6333333333333333, 0.6466666666666666, 0.7066666666666667], 0.1: [0.7733333333333333, 0.72, 0.7066666666666667, 0.68, 0.7866666666666666], 0.01: [0.7466666666666667, 0.7333333333333333, 0.7, 0.6733333333333333, 0.78]}
2024-02-15 23:17:36,228  DEBUG   aggressive_perceptron.py#173  Average accuracy of all folds with margin 1 is 0.6386666666666666
2024-02-15 23:17:36,228  DEBUG   aggressive_perceptron.py#173  Average accuracy of all folds with margin 0.1 is 0.7333333333333333
2024-02-15 23:17:36,228  DEBUG   aggressive_perceptron.py#173  Average accuracy of all folds with margin 0.01 is 0.7266666666666666
2024-02-15 23:17:36,228  DEBUG   aggressive_perceptron.py#179  All hyper parameter setting dictionary: {'margin 1': {'margin': 1, 'accuracy': 0.6386666666666666}, 'margin 0.1': {'margin': 0.1, 'accuracy': 0.7333333333333333}, 'margin 0.01': {'margin': 0.01, 'accuracy': 0.7266666666666666}}
2024-02-15 23:17:36,228  DEBUG   aggressive_perceptron.py#186  --------------------------------------------------
2024-02-15 23:17:36,228  DEBUG   aggressive_perceptron.py#187  Online Training
2024-02-15 23:17:36,228  DEBUG   aggressive_perceptron.py# 81  Margin: 0.1
2024-02-15 23:17:36,245  DEBUG   aggressive_perceptron.py# 91    Epoch:  1   Accuracy: 0.755
2024-02-15 23:17:36,262  DEBUG   aggressive_perceptron.py# 91    Epoch:  2   Accuracy: 0.755
2024-02-15 23:17:36,279  DEBUG   aggressive_perceptron.py# 91    Epoch:  3   Accuracy: 0.635
2024-02-15 23:17:36,296  DEBUG   aggressive_perceptron.py# 91    Epoch:  4   Accuracy: 0.645
2024-02-15 23:17:36,312  DEBUG   aggressive_perceptron.py# 91    Epoch:  5   Accuracy: 0.745
2024-02-15 23:17:36,328  DEBUG   aggressive_perceptron.py# 91    Epoch:  6   Accuracy: 0.765
2024-02-15 23:17:36,345  DEBUG   aggressive_perceptron.py# 91    Epoch:  7   Accuracy: 0.705
2024-02-15 23:17:36,361  DEBUG   aggressive_perceptron.py# 91    Epoch:  8   Accuracy: 0.76
2024-02-15 23:17:36,377  DEBUG   aggressive_perceptron.py# 91    Epoch:  9   Accuracy: 0.68
2024-02-15 23:17:36,393  DEBUG   aggressive_perceptron.py# 91    Epoch: 10   Accuracy: 0.655
2024-02-15 23:17:36,410  DEBUG   aggressive_perceptron.py# 91    Epoch: 11   Accuracy: 0.735
2024-02-15 23:17:36,427  DEBUG   aggressive_perceptron.py# 91    Epoch: 12   Accuracy: 0.715
2024-02-15 23:17:36,443  DEBUG   aggressive_perceptron.py# 91    Epoch: 13   Accuracy: 0.675
2024-02-15 23:17:36,459  DEBUG   aggressive_perceptron.py# 91    Epoch: 14   Accuracy: 0.735
2024-02-15 23:17:36,475  DEBUG   aggressive_perceptron.py# 91    Epoch: 15   Accuracy: 0.67
2024-02-15 23:17:36,491  DEBUG   aggressive_perceptron.py# 91    Epoch: 16   Accuracy: 0.71
2024-02-15 23:17:36,507  DEBUG   aggressive_perceptron.py# 91    Epoch: 17   Accuracy: 0.755
2024-02-15 23:17:36,523  DEBUG   aggressive_perceptron.py# 91    Epoch: 18   Accuracy: 0.76
2024-02-15 23:17:36,539  DEBUG   aggressive_perceptron.py# 91    Epoch: 19   Accuracy: 0.75
2024-02-15 23:17:36,555  DEBUG   aggressive_perceptron.py# 91    Epoch: 20   Accuracy: 0.775
2024-02-15 23:17:36,555  DEBUG   aggressive_perceptron.py#102     Best Dev Accuracy: 0.775 (Epoch 20)
2024-02-15 23:17:36,558  DEBUG   aggressive_perceptron.py#200  Test set accuracy for best hyper parameter (margin 0.1) is 0.7611940298507462
