2024-02-15 23:17:23,308  DEBUG                   utils.py# 29  Start logging
2024-02-15 23:17:23,309  DEBUG       simple_perceptron.py#119  Initial bias: -0.0035540828179369387
2024-02-15 23:17:23,309  DEBUG       simple_perceptron.py#120  Initial weights: [-0.0035540828179369387, -0.0035540828179369387, -0.0035540828179369387, -0.0035540828179369387, -0.0035540828179369387, -0.0035540828179369387, -0.0035540828179369387, -0.0035540828179369387, -0.0035540828179369387, -0.0035540828179369387, -0.0035540828179369387, -0.0035540828179369387, -0.0035540828179369387, -0.0035540828179369387, -0.0035540828179369387, -0.0035540828179369387, -0.0035540828179369387, -0.0035540828179369387, -0.0035540828179369387]
2024-02-15 23:17:23,318  DEBUG       simple_perceptron.py#128  --------------------------------------------------
2024-02-15 23:17:23,318  DEBUG       simple_perceptron.py#129  Cross Validation Training
2024-02-15 23:17:23,318  DEBUG       simple_perceptron.py#136  Learning rate: 1
2024-02-15 23:17:23,403  DEBUG       simple_perceptron.py#150    Cross validation (Fold 0) Accuracy: 0.5866666666666667
2024-02-15 23:17:23,488  DEBUG       simple_perceptron.py#150    Cross validation (Fold 1) Accuracy: 0.43333333333333335
2024-02-15 23:17:23,573  DEBUG       simple_perceptron.py#150    Cross validation (Fold 2) Accuracy: 0.6466666666666666
2024-02-15 23:17:23,657  DEBUG       simple_perceptron.py#150    Cross validation (Fold 3) Accuracy: 0.64
2024-02-15 23:17:23,741  DEBUG       simple_perceptron.py#150    Cross validation (Fold 4) Accuracy: 0.7533333333333333
2024-02-15 23:17:23,741  DEBUG       simple_perceptron.py#152  
2024-02-15 23:17:23,741  DEBUG       simple_perceptron.py#136  Learning rate: 0.1
2024-02-15 23:17:23,824  DEBUG       simple_perceptron.py#150    Cross validation (Fold 0) Accuracy: 0.7533333333333333
2024-02-15 23:17:23,907  DEBUG       simple_perceptron.py#150    Cross validation (Fold 1) Accuracy: 0.7466666666666667
2024-02-15 23:17:23,990  DEBUG       simple_perceptron.py#150    Cross validation (Fold 2) Accuracy: 0.7066666666666667
2024-02-15 23:17:24,073  DEBUG       simple_perceptron.py#150    Cross validation (Fold 3) Accuracy: 0.6466666666666666
2024-02-15 23:17:24,156  DEBUG       simple_perceptron.py#150    Cross validation (Fold 4) Accuracy: 0.74
2024-02-15 23:17:24,156  DEBUG       simple_perceptron.py#152  
2024-02-15 23:17:24,156  DEBUG       simple_perceptron.py#136  Learning rate: 0.01
2024-02-15 23:17:24,239  DEBUG       simple_perceptron.py#150    Cross validation (Fold 0) Accuracy: 0.7666666666666667
2024-02-15 23:17:24,322  DEBUG       simple_perceptron.py#150    Cross validation (Fold 1) Accuracy: 0.6933333333333334
2024-02-15 23:17:24,404  DEBUG       simple_perceptron.py#150    Cross validation (Fold 2) Accuracy: 0.72
2024-02-15 23:17:24,487  DEBUG       simple_perceptron.py#150    Cross validation (Fold 3) Accuracy: 0.72
2024-02-15 23:17:24,570  DEBUG       simple_perceptron.py#150    Cross validation (Fold 4) Accuracy: 0.76
2024-02-15 23:17:24,570  DEBUG       simple_perceptron.py#152  
2024-02-15 23:17:24,570  DEBUG       simple_perceptron.py#154  All CV accuracy dictionary: {1: [0.5866666666666667, 0.43333333333333335, 0.6466666666666666, 0.64, 0.7533333333333333], 0.1: [0.7533333333333333, 0.7466666666666667, 0.7066666666666667, 0.6466666666666666, 0.74], 0.01: [0.7666666666666667, 0.6933333333333334, 0.72, 0.72, 0.76]}
2024-02-15 23:17:24,570  DEBUG       simple_perceptron.py#171  Average accuracy of all folds with learning rate 1 is 0.612
2024-02-15 23:17:24,570  DEBUG       simple_perceptron.py#171  Average accuracy of all folds with learning rate 0.1 is 0.7186666666666666
2024-02-15 23:17:24,570  DEBUG       simple_perceptron.py#171  Average accuracy of all folds with learning rate 0.01 is 0.7319999999999999
2024-02-15 23:17:24,570  DEBUG       simple_perceptron.py#177  All hyper parameter setting dictionary: {'learning rate 1': {'learning_rate': 1, 'accuracy': 0.612}, 'learning rate 0.1': {'learning_rate': 0.1, 'accuracy': 0.7186666666666666}, 'learning rate 0.01': {'learning_rate': 0.01, 'accuracy': 0.7319999999999999}}
2024-02-15 23:17:24,570  DEBUG       simple_perceptron.py#184  --------------------------------------------------
2024-02-15 23:17:24,570  DEBUG       simple_perceptron.py#185  Online Training
2024-02-15 23:17:24,570  DEBUG       simple_perceptron.py# 80  Learning rate: 0.01
2024-02-15 23:17:24,583  DEBUG       simple_perceptron.py# 90    Epoch:  1    Dev Accuracy: 0.73
2024-02-15 23:17:24,596  DEBUG       simple_perceptron.py# 90    Epoch:  2    Dev Accuracy: 0.76
2024-02-15 23:17:24,609  DEBUG       simple_perceptron.py# 90    Epoch:  3    Dev Accuracy: 0.735
2024-02-15 23:17:24,621  DEBUG       simple_perceptron.py# 90    Epoch:  4    Dev Accuracy: 0.735
2024-02-15 23:17:24,634  DEBUG       simple_perceptron.py# 90    Epoch:  5    Dev Accuracy: 0.75
2024-02-15 23:17:24,647  DEBUG       simple_perceptron.py# 90    Epoch:  6    Dev Accuracy: 0.735
2024-02-15 23:17:24,659  DEBUG       simple_perceptron.py# 90    Epoch:  7    Dev Accuracy: 0.74
2024-02-15 23:17:24,672  DEBUG       simple_perceptron.py# 90    Epoch:  8    Dev Accuracy: 0.745
2024-02-15 23:17:24,685  DEBUG       simple_perceptron.py# 90    Epoch:  9    Dev Accuracy: 0.745
2024-02-15 23:17:24,697  DEBUG       simple_perceptron.py# 90    Epoch: 10    Dev Accuracy: 0.745
2024-02-15 23:17:24,710  DEBUG       simple_perceptron.py# 90    Epoch: 11    Dev Accuracy: 0.75
2024-02-15 23:17:24,723  DEBUG       simple_perceptron.py# 90    Epoch: 12    Dev Accuracy: 0.72
2024-02-15 23:17:24,736  DEBUG       simple_perceptron.py# 90    Epoch: 13    Dev Accuracy: 0.745
2024-02-15 23:17:24,748  DEBUG       simple_perceptron.py# 90    Epoch: 14    Dev Accuracy: 0.745
2024-02-15 23:17:24,761  DEBUG       simple_perceptron.py# 90    Epoch: 15    Dev Accuracy: 0.745
2024-02-15 23:17:24,774  DEBUG       simple_perceptron.py# 90    Epoch: 16    Dev Accuracy: 0.75
2024-02-15 23:17:24,786  DEBUG       simple_perceptron.py# 90    Epoch: 17    Dev Accuracy: 0.745
2024-02-15 23:17:24,799  DEBUG       simple_perceptron.py# 90    Epoch: 18    Dev Accuracy: 0.745
2024-02-15 23:17:24,812  DEBUG       simple_perceptron.py# 90    Epoch: 19    Dev Accuracy: 0.745
2024-02-15 23:17:24,826  DEBUG       simple_perceptron.py# 90    Epoch: 20    Dev Accuracy: 0.74
2024-02-15 23:17:24,826  DEBUG       simple_perceptron.py#101     Best Dev Accuracy: 0.76 (Epoch  2)
2024-02-15 23:17:24,828  DEBUG       simple_perceptron.py#198  Test set accuracy for best hyper parameter (learning rate 0.01) is 0.7711442786069652
