2024-02-15 23:17:32,273  DEBUG                   utils.py# 29  Start logging
2024-02-15 23:17:32,274  DEBUG      average_perceptron.py#146  Initial Bias: -0.006445022067264342
2024-02-15 23:17:32,274  DEBUG      average_perceptron.py#147  Initial Weights: [-0.006445022067264342, -0.006445022067264342, -0.006445022067264342, -0.006445022067264342, -0.006445022067264342, -0.006445022067264342, -0.006445022067264342, -0.006445022067264342, -0.006445022067264342, -0.006445022067264342, -0.006445022067264342, -0.006445022067264342, -0.006445022067264342, -0.006445022067264342, -0.006445022067264342, -0.006445022067264342, -0.006445022067264342, -0.006445022067264342, -0.006445022067264342]
2024-02-15 23:17:32,283  DEBUG      average_perceptron.py#155  --------------------------------------------------
2024-02-15 23:17:32,283  DEBUG      average_perceptron.py#156  Cross Validation Training
2024-02-15 23:17:32,283  DEBUG      average_perceptron.py#163  Learning rate: 1
2024-02-15 23:17:32,374  DEBUG      average_perceptron.py#177    Cross validation (Fold 0) Accuracy: 0.5866666666666667
2024-02-15 23:17:32,464  DEBUG      average_perceptron.py#177    Cross validation (Fold 1) Accuracy: 0.6733333333333333
2024-02-15 23:17:32,554  DEBUG      average_perceptron.py#177    Cross validation (Fold 2) Accuracy: 0.7266666666666667
2024-02-15 23:17:32,644  DEBUG      average_perceptron.py#177    Cross validation (Fold 3) Accuracy: 0.68
2024-02-15 23:17:32,733  DEBUG      average_perceptron.py#177    Cross validation (Fold 4) Accuracy: 0.7333333333333333
2024-02-15 23:17:32,733  DEBUG      average_perceptron.py#179  
2024-02-15 23:17:32,733  DEBUG      average_perceptron.py#163  Learning rate: 0.1
2024-02-15 23:17:32,822  DEBUG      average_perceptron.py#177    Cross validation (Fold 0) Accuracy: 0.7333333333333333
2024-02-15 23:17:32,910  DEBUG      average_perceptron.py#177    Cross validation (Fold 1) Accuracy: 0.74
2024-02-15 23:17:32,999  DEBUG      average_perceptron.py#177    Cross validation (Fold 2) Accuracy: 0.7466666666666667
2024-02-15 23:17:33,087  DEBUG      average_perceptron.py#177    Cross validation (Fold 3) Accuracy: 0.7466666666666667
2024-02-15 23:17:33,176  DEBUG      average_perceptron.py#177    Cross validation (Fold 4) Accuracy: 0.7666666666666667
2024-02-15 23:17:33,176  DEBUG      average_perceptron.py#179  
2024-02-15 23:17:33,176  DEBUG      average_perceptron.py#163  Learning rate: 0.01
2024-02-15 23:17:33,265  DEBUG      average_perceptron.py#177    Cross validation (Fold 0) Accuracy: 0.7666666666666667
2024-02-15 23:17:33,353  DEBUG      average_perceptron.py#177    Cross validation (Fold 1) Accuracy: 0.6933333333333334
2024-02-15 23:17:33,441  DEBUG      average_perceptron.py#177    Cross validation (Fold 2) Accuracy: 0.7133333333333334
2024-02-15 23:17:33,530  DEBUG      average_perceptron.py#177    Cross validation (Fold 3) Accuracy: 0.74
2024-02-15 23:17:33,619  DEBUG      average_perceptron.py#177    Cross validation (Fold 4) Accuracy: 0.76
2024-02-15 23:17:33,619  DEBUG      average_perceptron.py#179  
2024-02-15 23:17:33,619  DEBUG      average_perceptron.py#181  All CV accuracy dictionary: {1: [0.5866666666666667, 0.6733333333333333, 0.7266666666666667, 0.68, 0.7333333333333333], 0.1: [0.7333333333333333, 0.74, 0.7466666666666667, 0.7466666666666667, 0.7666666666666667], 0.01: [0.7666666666666667, 0.6933333333333334, 0.7133333333333334, 0.74, 0.76]}
2024-02-15 23:17:33,619  DEBUG      average_perceptron.py#198  Average accuracy of all folds with learning rate 1 is 0.68
2024-02-15 23:17:33,619  DEBUG      average_perceptron.py#198  Average accuracy of all folds with learning rate 0.1 is 0.7466666666666666
2024-02-15 23:17:33,619  DEBUG      average_perceptron.py#198  Average accuracy of all folds with learning rate 0.01 is 0.7346666666666666
2024-02-15 23:17:33,619  DEBUG      average_perceptron.py#204  All hyper parameter setting dictionary: {'learning rate 1': {'learning_rate': 1, 'accuracy': 0.68}, 'learning rate 0.1': {'learning_rate': 0.1, 'accuracy': 0.7466666666666666}, 'learning rate 0.01': {'learning_rate': 0.01, 'accuracy': 0.7346666666666666}}
2024-02-15 23:17:33,619  DEBUG      average_perceptron.py#211  --------------------------------------------------
2024-02-15 23:17:33,619  DEBUG      average_perceptron.py#212  Online Training
2024-02-15 23:17:33,619  DEBUG      average_perceptron.py#102  Learning rate: 0.1
2024-02-15 23:17:33,632  DEBUG      average_perceptron.py#120    Epoch:  1    Accuracy: 0.68
2024-02-15 23:17:33,646  DEBUG      average_perceptron.py#120    Epoch:  2    Accuracy: 0.74
2024-02-15 23:17:33,659  DEBUG      average_perceptron.py#120    Epoch:  3    Accuracy: 0.735
2024-02-15 23:17:33,672  DEBUG      average_perceptron.py#120    Epoch:  4    Accuracy: 0.7
2024-02-15 23:17:33,686  DEBUG      average_perceptron.py#120    Epoch:  5    Accuracy: 0.74
2024-02-15 23:17:33,699  DEBUG      average_perceptron.py#120    Epoch:  6    Accuracy: 0.705
2024-02-15 23:17:33,713  DEBUG      average_perceptron.py#120    Epoch:  7    Accuracy: 0.735
2024-02-15 23:17:33,726  DEBUG      average_perceptron.py#120    Epoch:  8    Accuracy: 0.745
2024-02-15 23:17:33,739  DEBUG      average_perceptron.py#120    Epoch:  9    Accuracy: 0.725
2024-02-15 23:17:33,753  DEBUG      average_perceptron.py#120    Epoch: 10    Accuracy: 0.745
2024-02-15 23:17:33,766  DEBUG      average_perceptron.py#120    Epoch: 11    Accuracy: 0.735
2024-02-15 23:17:33,780  DEBUG      average_perceptron.py#120    Epoch: 12    Accuracy: 0.68
2024-02-15 23:17:33,793  DEBUG      average_perceptron.py#120    Epoch: 13    Accuracy: 0.735
2024-02-15 23:17:33,806  DEBUG      average_perceptron.py#120    Epoch: 14    Accuracy: 0.685
2024-02-15 23:17:33,819  DEBUG      average_perceptron.py#120    Epoch: 15    Accuracy: 0.71
2024-02-15 23:17:33,833  DEBUG      average_perceptron.py#120    Epoch: 16    Accuracy: 0.725
2024-02-15 23:17:33,846  DEBUG      average_perceptron.py#120    Epoch: 17    Accuracy: 0.73
2024-02-15 23:17:33,860  DEBUG      average_perceptron.py#120    Epoch: 18    Accuracy: 0.74
2024-02-15 23:17:33,873  DEBUG      average_perceptron.py#120    Epoch: 19    Accuracy: 0.765
2024-02-15 23:17:33,886  DEBUG      average_perceptron.py#120    Epoch: 20    Accuracy: 0.725
2024-02-15 23:17:33,886  DEBUG      average_perceptron.py#128     Best Dev Accuracy: 0.765 (Epoch 19)
2024-02-15 23:17:33,889  DEBUG      average_perceptron.py#225  Test set accuracy for best hyper parameter (learning rate 0.1) is 0.7810945273631841
