2024-02-15 23:17:27,680  DEBUG                   utils.py# 29  Start logging
2024-02-15 23:17:27,681  DEBUG       margin_perceptron.py#127  Initial bias: 0.0019401791606721737
2024-02-15 23:17:27,681  DEBUG       margin_perceptron.py#128  Initial weights: [0.0019401791606721737, 0.0019401791606721737, 0.0019401791606721737, 0.0019401791606721737, 0.0019401791606721737, 0.0019401791606721737, 0.0019401791606721737, 0.0019401791606721737, 0.0019401791606721737, 0.0019401791606721737, 0.0019401791606721737, 0.0019401791606721737, 0.0019401791606721737, 0.0019401791606721737, 0.0019401791606721737, 0.0019401791606721737, 0.0019401791606721737, 0.0019401791606721737, 0.0019401791606721737]
2024-02-15 23:17:27,690  DEBUG       margin_perceptron.py#136  --------------------------------------------------
2024-02-15 23:17:27,691  DEBUG       margin_perceptron.py#137  Cross Validation Training
2024-02-15 23:17:27,691  DEBUG       margin_perceptron.py#149  Margin: 1   Learning rate: 1
2024-02-15 23:17:27,774  DEBUG       margin_perceptron.py#164    Cross validation (Fold 0) Accuracy: 0.6333333333333333
2024-02-15 23:17:27,857  DEBUG       margin_perceptron.py#164    Cross validation (Fold 1) Accuracy: 0.7266666666666667
2024-02-15 23:17:27,940  DEBUG       margin_perceptron.py#164    Cross validation (Fold 2) Accuracy: 0.7333333333333333
2024-02-15 23:17:28,022  DEBUG       margin_perceptron.py#164    Cross validation (Fold 3) Accuracy: 0.68
2024-02-15 23:17:28,104  DEBUG       margin_perceptron.py#164    Cross validation (Fold 4) Accuracy: 0.74
2024-02-15 23:17:28,104  DEBUG       margin_perceptron.py#166  
2024-02-15 23:17:28,104  DEBUG       margin_perceptron.py#149  Margin: 1   Learning rate: 0.1
2024-02-15 23:17:28,185  DEBUG       margin_perceptron.py#164    Cross validation (Fold 0) Accuracy: 0.7266666666666667
2024-02-15 23:17:28,267  DEBUG       margin_perceptron.py#164    Cross validation (Fold 1) Accuracy: 0.7066666666666667
2024-02-15 23:17:28,348  DEBUG       margin_perceptron.py#164    Cross validation (Fold 2) Accuracy: 0.7466666666666667
2024-02-15 23:17:28,430  DEBUG       margin_perceptron.py#164    Cross validation (Fold 3) Accuracy: 0.7333333333333333
2024-02-15 23:17:28,513  DEBUG       margin_perceptron.py#164    Cross validation (Fold 4) Accuracy: 0.74
2024-02-15 23:17:28,513  DEBUG       margin_perceptron.py#166  
2024-02-15 23:17:28,513  DEBUG       margin_perceptron.py#149  Margin: 1   Learning rate: 0.01
2024-02-15 23:17:28,605  DEBUG       margin_perceptron.py#164    Cross validation (Fold 0) Accuracy: 0.7466666666666667
2024-02-15 23:17:28,689  DEBUG       margin_perceptron.py#164    Cross validation (Fold 1) Accuracy: 0.72
2024-02-15 23:17:28,770  DEBUG       margin_perceptron.py#164    Cross validation (Fold 2) Accuracy: 0.7533333333333333
2024-02-15 23:17:28,851  DEBUG       margin_perceptron.py#164    Cross validation (Fold 3) Accuracy: 0.74
2024-02-15 23:17:28,932  DEBUG       margin_perceptron.py#164    Cross validation (Fold 4) Accuracy: 0.7533333333333333
2024-02-15 23:17:28,933  DEBUG       margin_perceptron.py#166  
2024-02-15 23:17:28,933  DEBUG       margin_perceptron.py#149  Margin: 0.1   Learning rate: 1
2024-02-15 23:17:29,014  DEBUG       margin_perceptron.py#164    Cross validation (Fold 0) Accuracy: 0.7266666666666667
2024-02-15 23:17:29,096  DEBUG       margin_perceptron.py#164    Cross validation (Fold 1) Accuracy: 0.72
2024-02-15 23:17:29,177  DEBUG       margin_perceptron.py#164    Cross validation (Fold 2) Accuracy: 0.68
2024-02-15 23:17:29,259  DEBUG       margin_perceptron.py#164    Cross validation (Fold 3) Accuracy: 0.66
2024-02-15 23:17:29,340  DEBUG       margin_perceptron.py#164    Cross validation (Fold 4) Accuracy: 0.76
2024-02-15 23:17:29,340  DEBUG       margin_perceptron.py#166  
2024-02-15 23:17:29,340  DEBUG       margin_perceptron.py#149  Margin: 0.1   Learning rate: 0.1
2024-02-15 23:17:29,421  DEBUG       margin_perceptron.py#164    Cross validation (Fold 0) Accuracy: 0.7266666666666667
2024-02-15 23:17:29,502  DEBUG       margin_perceptron.py#164    Cross validation (Fold 1) Accuracy: 0.7066666666666667
2024-02-15 23:17:29,583  DEBUG       margin_perceptron.py#164    Cross validation (Fold 2) Accuracy: 0.7266666666666667
2024-02-15 23:17:29,664  DEBUG       margin_perceptron.py#164    Cross validation (Fold 3) Accuracy: 0.7466666666666667
2024-02-15 23:17:29,745  DEBUG       margin_perceptron.py#164    Cross validation (Fold 4) Accuracy: 0.74
2024-02-15 23:17:29,745  DEBUG       margin_perceptron.py#166  
2024-02-15 23:17:29,745  DEBUG       margin_perceptron.py#149  Margin: 0.1   Learning rate: 0.01
2024-02-15 23:17:29,826  DEBUG       margin_perceptron.py#164    Cross validation (Fold 0) Accuracy: 0.7666666666666667
2024-02-15 23:17:29,907  DEBUG       margin_perceptron.py#164    Cross validation (Fold 1) Accuracy: 0.7133333333333334
2024-02-15 23:17:29,988  DEBUG       margin_perceptron.py#164    Cross validation (Fold 2) Accuracy: 0.72
2024-02-15 23:17:30,069  DEBUG       margin_perceptron.py#164    Cross validation (Fold 3) Accuracy: 0.7533333333333333
2024-02-15 23:17:30,150  DEBUG       margin_perceptron.py#164    Cross validation (Fold 4) Accuracy: 0.7666666666666667
2024-02-15 23:17:30,150  DEBUG       margin_perceptron.py#166  
2024-02-15 23:17:30,150  DEBUG       margin_perceptron.py#149  Margin: 0.01   Learning rate: 1
2024-02-15 23:17:30,232  DEBUG       margin_perceptron.py#164    Cross validation (Fold 0) Accuracy: 0.74
2024-02-15 23:17:30,314  DEBUG       margin_perceptron.py#164    Cross validation (Fold 1) Accuracy: 0.6866666666666666
2024-02-15 23:17:30,395  DEBUG       margin_perceptron.py#164    Cross validation (Fold 2) Accuracy: 0.7
2024-02-15 23:17:30,477  DEBUG       margin_perceptron.py#164    Cross validation (Fold 3) Accuracy: 0.6866666666666666
2024-02-15 23:17:30,558  DEBUG       margin_perceptron.py#164    Cross validation (Fold 4) Accuracy: 0.7733333333333333
2024-02-15 23:17:30,558  DEBUG       margin_perceptron.py#166  
2024-02-15 23:17:30,558  DEBUG       margin_perceptron.py#149  Margin: 0.01   Learning rate: 0.1
2024-02-15 23:17:30,639  DEBUG       margin_perceptron.py#164    Cross validation (Fold 0) Accuracy: 0.7733333333333333
2024-02-15 23:17:30,720  DEBUG       margin_perceptron.py#164    Cross validation (Fold 1) Accuracy: 0.7066666666666667
2024-02-15 23:17:30,801  DEBUG       margin_perceptron.py#164    Cross validation (Fold 2) Accuracy: 0.7266666666666667
2024-02-15 23:17:30,882  DEBUG       margin_perceptron.py#164    Cross validation (Fold 3) Accuracy: 0.74
2024-02-15 23:17:30,963  DEBUG       margin_perceptron.py#164    Cross validation (Fold 4) Accuracy: 0.7333333333333333
2024-02-15 23:17:30,963  DEBUG       margin_perceptron.py#166  
2024-02-15 23:17:30,963  DEBUG       margin_perceptron.py#149  Margin: 0.01   Learning rate: 0.01
2024-02-15 23:17:31,044  DEBUG       margin_perceptron.py#164    Cross validation (Fold 0) Accuracy: 0.76
2024-02-15 23:17:31,124  DEBUG       margin_perceptron.py#164    Cross validation (Fold 1) Accuracy: 0.7133333333333334
2024-02-15 23:17:31,206  DEBUG       margin_perceptron.py#164    Cross validation (Fold 2) Accuracy: 0.72
2024-02-15 23:17:31,286  DEBUG       margin_perceptron.py#164    Cross validation (Fold 3) Accuracy: 0.7133333333333334
2024-02-15 23:17:31,367  DEBUG       margin_perceptron.py#164    Cross validation (Fold 4) Accuracy: 0.7466666666666667
2024-02-15 23:17:31,367  DEBUG       margin_perceptron.py#166  
2024-02-15 23:17:31,367  DEBUG       margin_perceptron.py#168  All CV accuracy dictionary: {1: {1: [0.6333333333333333, 0.7266666666666667, 0.7333333333333333, 0.68, 0.74], 0.1: [0.7266666666666667, 0.7066666666666667, 0.7466666666666667, 0.7333333333333333, 0.74], 0.01: [0.7466666666666667, 0.72, 0.7533333333333333, 0.74, 0.7533333333333333]}, 0.1: {1: [0.7266666666666667, 0.72, 0.68, 0.66, 0.76], 0.1: [0.7266666666666667, 0.7066666666666667, 0.7266666666666667, 0.7466666666666667, 0.74], 0.01: [0.7666666666666667, 0.7133333333333334, 0.72, 0.7533333333333333, 0.7666666666666667]}, 0.01: {1: [0.74, 0.6866666666666666, 0.7, 0.6866666666666666, 0.7733333333333333], 0.1: [0.7733333333333333, 0.7066666666666667, 0.7266666666666667, 0.74, 0.7333333333333333], 0.01: [0.76, 0.7133333333333334, 0.72, 0.7133333333333334, 0.7466666666666667]}}
2024-02-15 23:17:31,368  DEBUG       margin_perceptron.py#188  Average accuracy of all folds with margin 1 & learning rate 1 is 0.7026666666666668
2024-02-15 23:17:31,368  DEBUG       margin_perceptron.py#188  Average accuracy of all folds with margin 1 & learning rate 0.1 is 0.7306666666666667
2024-02-15 23:17:31,368  DEBUG       margin_perceptron.py#188  Average accuracy of all folds with margin 1 & learning rate 0.01 is 0.7426666666666667
2024-02-15 23:17:31,368  DEBUG       margin_perceptron.py#188  Average accuracy of all folds with margin 0.1 & learning rate 1 is 0.7093333333333334
2024-02-15 23:17:31,368  DEBUG       margin_perceptron.py#188  Average accuracy of all folds with margin 0.1 & learning rate 0.1 is 0.7293333333333333
2024-02-15 23:17:31,368  DEBUG       margin_perceptron.py#188  Average accuracy of all folds with margin 0.1 & learning rate 0.01 is 0.744
2024-02-15 23:17:31,368  DEBUG       margin_perceptron.py#188  Average accuracy of all folds with margin 0.01 & learning rate 1 is 0.7173333333333334
2024-02-15 23:17:31,368  DEBUG       margin_perceptron.py#188  Average accuracy of all folds with margin 0.01 & learning rate 0.1 is 0.736
2024-02-15 23:17:31,368  DEBUG       margin_perceptron.py#188  Average accuracy of all folds with margin 0.01 & learning rate 0.01 is 0.7306666666666667
2024-02-15 23:17:31,368  DEBUG       margin_perceptron.py#197  All hyper parameter setting dictionary: {'margin 1 learning rate 1': {'learning_rate': 1, 'margin': 1, 'accuracy': 0.7026666666666668}, 'margin 1 learning rate 0.1': {'learning_rate': 0.1, 'margin': 1, 'accuracy': 0.7306666666666667}, 'margin 1 learning rate 0.01': {'learning_rate': 0.01, 'margin': 1, 'accuracy': 0.7426666666666667}, 'margin 0.1 learning rate 1': {'learning_rate': 1, 'margin': 0.1, 'accuracy': 0.7093333333333334}, 'margin 0.1 learning rate 0.1': {'learning_rate': 0.1, 'margin': 0.1, 'accuracy': 0.7293333333333333}, 'margin 0.1 learning rate 0.01': {'learning_rate': 0.01, 'margin': 0.1, 'accuracy': 0.744}, 'margin 0.01 learning rate 1': {'learning_rate': 1, 'margin': 0.01, 'accuracy': 0.7173333333333334}, 'margin 0.01 learning rate 0.1': {'learning_rate': 0.1, 'margin': 0.01, 'accuracy': 0.736}, 'margin 0.01 learning rate 0.01': {'learning_rate': 0.01, 'margin': 0.01, 'accuracy': 0.7306666666666667}}
2024-02-15 23:17:31,368  DEBUG       margin_perceptron.py#204  --------------------------------------------------
2024-02-15 23:17:31,368  DEBUG       margin_perceptron.py#205  Online Training
2024-02-15 23:17:31,368  DEBUG       margin_perceptron.py# 83  Learning rate: 0.01
2024-02-15 23:17:31,380  DEBUG       margin_perceptron.py# 97    Epoch:  1    Learning rate: 0.01       Accuracy: 0.73
2024-02-15 23:17:31,393  DEBUG       margin_perceptron.py# 97    Epoch:  2    Learning rate: 0.005      Accuracy: 0.75
2024-02-15 23:17:31,405  DEBUG       margin_perceptron.py# 97    Epoch:  3    Learning rate: 0.00333    Accuracy: 0.745
2024-02-15 23:17:31,417  DEBUG       margin_perceptron.py# 97    Epoch:  4    Learning rate: 0.0025     Accuracy: 0.735
2024-02-15 23:17:31,430  DEBUG       margin_perceptron.py# 97    Epoch:  5    Learning rate: 0.002      Accuracy: 0.74
2024-02-15 23:17:31,442  DEBUG       margin_perceptron.py# 97    Epoch:  6    Learning rate: 0.00167    Accuracy: 0.74
2024-02-15 23:17:31,455  DEBUG       margin_perceptron.py# 97    Epoch:  7    Learning rate: 0.00143    Accuracy: 0.735
2024-02-15 23:17:31,467  DEBUG       margin_perceptron.py# 97    Epoch:  8    Learning rate: 0.00125    Accuracy: 0.74
2024-02-15 23:17:31,479  DEBUG       margin_perceptron.py# 97    Epoch:  9    Learning rate: 0.00111    Accuracy: 0.735
2024-02-15 23:17:31,492  DEBUG       margin_perceptron.py# 97    Epoch: 10    Learning rate: 0.001      Accuracy: 0.735
2024-02-15 23:17:31,504  DEBUG       margin_perceptron.py# 97    Epoch: 11    Learning rate: 0.00091    Accuracy: 0.735
2024-02-15 23:17:31,517  DEBUG       margin_perceptron.py# 97    Epoch: 12    Learning rate: 0.00083    Accuracy: 0.735
2024-02-15 23:17:31,529  DEBUG       margin_perceptron.py# 97    Epoch: 13    Learning rate: 0.00077    Accuracy: 0.74
2024-02-15 23:17:31,542  DEBUG       margin_perceptron.py# 97    Epoch: 14    Learning rate: 0.00071    Accuracy: 0.74
2024-02-15 23:17:31,554  DEBUG       margin_perceptron.py# 97    Epoch: 15    Learning rate: 0.00067    Accuracy: 0.735
2024-02-15 23:17:31,566  DEBUG       margin_perceptron.py# 97    Epoch: 16    Learning rate: 0.00063    Accuracy: 0.74
2024-02-15 23:17:31,579  DEBUG       margin_perceptron.py# 97    Epoch: 17    Learning rate: 0.00059    Accuracy: 0.735
2024-02-15 23:17:31,591  DEBUG       margin_perceptron.py# 97    Epoch: 18    Learning rate: 0.00056    Accuracy: 0.735
2024-02-15 23:17:31,604  DEBUG       margin_perceptron.py# 97    Epoch: 19    Learning rate: 0.00053    Accuracy: 0.735
2024-02-15 23:17:31,616  DEBUG       margin_perceptron.py# 97    Epoch: 20    Learning rate: 0.0005     Accuracy: 0.74
2024-02-15 23:17:31,616  DEBUG       margin_perceptron.py#108     Best Dev Accuracy: 0.75 (Epoch  2)
2024-02-15 23:17:31,618  DEBUG       margin_perceptron.py#219  Test set accuracy for best hyper parameter (margin 0.1 learning rate 0.01) is 0.7860696517412935
