2024-02-15 23:17:25,510  DEBUG                   utils.py# 29  Start logging
2024-02-15 23:17:25,511  DEBUG     decaying_perceptron.py#124  Initial bias: 0.007101733651708747
2024-02-15 23:17:25,511  DEBUG     decaying_perceptron.py#125  Initial weights: [0.007101733651708747, 0.007101733651708747, 0.007101733651708747, 0.007101733651708747, 0.007101733651708747, 0.007101733651708747, 0.007101733651708747, 0.007101733651708747, 0.007101733651708747, 0.007101733651708747, 0.007101733651708747, 0.007101733651708747, 0.007101733651708747, 0.007101733651708747, 0.007101733651708747, 0.007101733651708747, 0.007101733651708747, 0.007101733651708747, 0.007101733651708747]
2024-02-15 23:17:25,520  DEBUG     decaying_perceptron.py#133  --------------------------------------------------
2024-02-15 23:17:25,520  DEBUG     decaying_perceptron.py#134  Cross Validation Training
2024-02-15 23:17:25,520  DEBUG     decaying_perceptron.py#141  Learning rate: 1
2024-02-15 23:17:25,603  DEBUG     decaying_perceptron.py#155    Cross validation (Fold 0) Accuracy: 0.6333333333333333
2024-02-15 23:17:25,686  DEBUG     decaying_perceptron.py#155    Cross validation (Fold 1) Accuracy: 0.72
2024-02-15 23:17:25,768  DEBUG     decaying_perceptron.py#155    Cross validation (Fold 2) Accuracy: 0.68
2024-02-15 23:17:25,850  DEBUG     decaying_perceptron.py#155    Cross validation (Fold 3) Accuracy: 0.6666666666666666
2024-02-15 23:17:25,932  DEBUG     decaying_perceptron.py#155    Cross validation (Fold 4) Accuracy: 0.7266666666666667
2024-02-15 23:17:25,932  DEBUG     decaying_perceptron.py#157  
2024-02-15 23:17:25,932  DEBUG     decaying_perceptron.py#141  Learning rate: 0.1
2024-02-15 23:17:26,014  DEBUG     decaying_perceptron.py#155    Cross validation (Fold 0) Accuracy: 0.7266666666666667
2024-02-15 23:17:26,098  DEBUG     decaying_perceptron.py#155    Cross validation (Fold 1) Accuracy: 0.68
2024-02-15 23:17:26,180  DEBUG     decaying_perceptron.py#155    Cross validation (Fold 2) Accuracy: 0.7333333333333333
2024-02-15 23:17:26,262  DEBUG     decaying_perceptron.py#155    Cross validation (Fold 3) Accuracy: 0.74
2024-02-15 23:17:26,344  DEBUG     decaying_perceptron.py#155    Cross validation (Fold 4) Accuracy: 0.7533333333333333
2024-02-15 23:17:26,344  DEBUG     decaying_perceptron.py#157  
2024-02-15 23:17:26,344  DEBUG     decaying_perceptron.py#141  Learning rate: 0.01
2024-02-15 23:17:26,425  DEBUG     decaying_perceptron.py#155    Cross validation (Fold 0) Accuracy: 0.7533333333333333
2024-02-15 23:17:26,506  DEBUG     decaying_perceptron.py#155    Cross validation (Fold 1) Accuracy: 0.7133333333333334
2024-02-15 23:17:26,588  DEBUG     decaying_perceptron.py#155    Cross validation (Fold 2) Accuracy: 0.74
2024-02-15 23:17:26,669  DEBUG     decaying_perceptron.py#155    Cross validation (Fold 3) Accuracy: 0.7466666666666667
2024-02-15 23:17:26,750  DEBUG     decaying_perceptron.py#155    Cross validation (Fold 4) Accuracy: 0.7466666666666667
2024-02-15 23:17:26,750  DEBUG     decaying_perceptron.py#157  
2024-02-15 23:17:26,750  DEBUG     decaying_perceptron.py#159  All CV accuracy dictionary: {1: [0.6333333333333333, 0.72, 0.68, 0.6666666666666666, 0.7266666666666667], 0.1: [0.7266666666666667, 0.68, 0.7333333333333333, 0.74, 0.7533333333333333], 0.01: [0.7533333333333333, 0.7133333333333334, 0.74, 0.7466666666666667, 0.7466666666666667]}
2024-02-15 23:17:26,750  DEBUG     decaying_perceptron.py#176  Average accuracy of all folds with learning rate 1 is 0.6853333333333332
2024-02-15 23:17:26,751  DEBUG     decaying_perceptron.py#176  Average accuracy of all folds with learning rate 0.1 is 0.7266666666666667
2024-02-15 23:17:26,751  DEBUG     decaying_perceptron.py#176  Average accuracy of all folds with learning rate 0.01 is 0.74
2024-02-15 23:17:26,751  DEBUG     decaying_perceptron.py#182  All hyper parameter setting dictionary: {'learning rate 1': {'learning_rate': 1, 'accuracy': 0.6853333333333332}, 'learning rate 0.1': {'learning_rate': 0.1, 'accuracy': 0.7266666666666667}, 'learning rate 0.01': {'learning_rate': 0.01, 'accuracy': 0.74}}
2024-02-15 23:17:26,751  DEBUG     decaying_perceptron.py#189  --------------------------------------------------
2024-02-15 23:17:26,751  DEBUG     decaying_perceptron.py#190  Online Training
2024-02-15 23:17:26,751  DEBUG     decaying_perceptron.py# 80  Learning rate: 0.01
2024-02-15 23:17:26,763  DEBUG     decaying_perceptron.py# 94    Epoch:  1    Learning rate: 0.01       Accuracy: 0.735
2024-02-15 23:17:26,776  DEBUG     decaying_perceptron.py# 94    Epoch:  2    Learning rate: 0.005      Accuracy: 0.745
2024-02-15 23:17:26,788  DEBUG     decaying_perceptron.py# 94    Epoch:  3    Learning rate: 0.00333    Accuracy: 0.75
2024-02-15 23:17:26,800  DEBUG     decaying_perceptron.py# 94    Epoch:  4    Learning rate: 0.0025     Accuracy: 0.745
2024-02-15 23:17:26,813  DEBUG     decaying_perceptron.py# 94    Epoch:  5    Learning rate: 0.002      Accuracy: 0.755
2024-02-15 23:17:26,826  DEBUG     decaying_perceptron.py# 94    Epoch:  6    Learning rate: 0.00167    Accuracy: 0.745
2024-02-15 23:17:26,838  DEBUG     decaying_perceptron.py# 94    Epoch:  7    Learning rate: 0.00143    Accuracy: 0.745
2024-02-15 23:17:26,850  DEBUG     decaying_perceptron.py# 94    Epoch:  8    Learning rate: 0.00125    Accuracy: 0.745
2024-02-15 23:17:26,863  DEBUG     decaying_perceptron.py# 94    Epoch:  9    Learning rate: 0.00111    Accuracy: 0.755
2024-02-15 23:17:26,875  DEBUG     decaying_perceptron.py# 94    Epoch: 10    Learning rate: 0.001      Accuracy: 0.745
2024-02-15 23:17:26,888  DEBUG     decaying_perceptron.py# 94    Epoch: 11    Learning rate: 0.00091    Accuracy: 0.75
2024-02-15 23:17:26,900  DEBUG     decaying_perceptron.py# 94    Epoch: 12    Learning rate: 0.00083    Accuracy: 0.745
2024-02-15 23:17:26,912  DEBUG     decaying_perceptron.py# 94    Epoch: 13    Learning rate: 0.00077    Accuracy: 0.755
2024-02-15 23:17:26,925  DEBUG     decaying_perceptron.py# 94    Epoch: 14    Learning rate: 0.00071    Accuracy: 0.75
2024-02-15 23:17:26,937  DEBUG     decaying_perceptron.py# 94    Epoch: 15    Learning rate: 0.00067    Accuracy: 0.745
2024-02-15 23:17:26,950  DEBUG     decaying_perceptron.py# 94    Epoch: 16    Learning rate: 0.00063    Accuracy: 0.745
2024-02-15 23:17:26,962  DEBUG     decaying_perceptron.py# 94    Epoch: 17    Learning rate: 0.00059    Accuracy: 0.745
2024-02-15 23:17:26,975  DEBUG     decaying_perceptron.py# 94    Epoch: 18    Learning rate: 0.00056    Accuracy: 0.745
2024-02-15 23:17:26,990  DEBUG     decaying_perceptron.py# 94    Epoch: 19    Learning rate: 0.00053    Accuracy: 0.755
2024-02-15 23:17:27,003  DEBUG     decaying_perceptron.py# 94    Epoch: 20    Learning rate: 0.0005     Accuracy: 0.755
2024-02-15 23:17:27,003  DEBUG     decaying_perceptron.py#105     Best Dev Accuracy: 0.755 (Epoch 20)
2024-02-15 23:17:27,005  DEBUG     decaying_perceptron.py#203  Test set accuracy for best hyper parameter (learning rate 0.01) is 0.7661691542288557
