Depth: 5, Learning rate: 1.0, Tradeoff: 10000.0
  Epoch: 1, First Objective: 1120792227779.3606, Loss: 106249340.65105292
  Epoch: 2, Objective difference: 54.67410772720342, Loss: 5148048584.28683
  Epoch: 3, Objective difference: 0.441703932515189, Loss: 3090280099.2151012
  Epoch: 4, Objective difference: 0.9183975271730899, Loss: 251589981.9172296
  Epoch: 5, Objective difference: 0.11025536695092615, Loss: 276219545.4729248
  Epoch: 6, Objective difference: 0.36951199124769646, Loss: 181907594.85442594
  Epoch: 7, Objective difference: 0.8612919725422242, Loss: 27219907.044109646
  Epoch: 8, Objective difference: 4.712253887900627, Loss: 146576678.79915726
  Epoch: 9, Objective difference: 0.37774515278363535, Loss: 93202091.07377133
  Epoch: 10, Objective difference: 0.06530705399734459, Loss: 87730211.9469131
  Epoch: 11, Objective difference: 8.566097354616009, Loss: 847624790.3179576
  Epoch: 12, Objective difference: 0.9109767696660358, Loss: 75177728.133808
  Epoch: 13, Objective difference: 0.3122483557482344, Loss: 51588568.682606116
  Epoch: 14, Objective difference: 15.651136039499884, Loss: 858895215.9211584
  Epoch: 15, Objective difference: 0.8961168281366461, Loss: 88832427.31787036
  Epoch: 16, Objective difference: 0.16312992103594845, Loss: 74857795.02577852
  Epoch: 17, Objective difference: 8.69507123368639, Loss: 731747166.8139565
  Epoch: 18, Objective difference: 0.9318385035505377, Loss: 50050372.21430251
  Epoch: 19, Objective difference: 0.161649232698186, Loss: 57951932.883190066
  Epoch: 20, Objective difference: 0.1864750645179776, Loss: 47144010.76976278
  Epoch: 21, Objective difference: 0.4724999094728339, Loss: 24964723.0579114
  Epoch: 22, Objective difference: 0.8313200091096523, Loss: 45818305.94068761
  Epoch: 23, Objective difference: 0.31204290613367425, Loss: 25593413.05929557
  Epoch: 24, Objective difference: 14.219487491417157, Loss: 481566342.07937527
  Epoch: 25, Objective difference: 0.8546544917776477, Loss: 68543501.6756312
  Epoch: 26, Objective difference: 5.277198925442714, Loss: 439880076.55760634
  Epoch: 27, Objective difference: 0.9068940997751509, Loss: 39973501.404194765
  Epoch: 28, Objective difference: 8.889248598931314, Loss: 405769747.58878285
  Epoch: 29, Objective difference: 0.02907085120747674, Loss: 417390508.14495784

  SVM's Avg_accuracy: 0.2228
  SVM's Precision: 0.2228
  SVM's Recall: 1.0
  SVM's F1-Value: 0.3644095518482172

Depth: 10, Learning rate: 1.0, Tradeoff: 10000.0
  Epoch: 1, First Objective: 1109173582155.7676, Loss: 105087476.08869307
  Epoch: 2, Objective difference: 55.05090491579189, Loss: 5125156160.2189045
  Epoch: 3, Objective difference: 0.44188454906130703, Loss: 3076410021.181229
  Epoch: 4, Objective difference: 0.9188634590092024, Loss: 248838713.17017952
  Epoch: 5, Objective difference: 0.11037764882558959, Loss: 273199261.0857193
  Epoch: 6, Objective difference: 0.3698457891280603, Loss: 179902279.3234249
  Epoch: 7, Objective difference: 0.8613885308075419, Loss: 26922286.036713645
  Epoch: 8, Objective difference: 4.71624111968123, Loss: 144983887.66005668
  Epoch: 9, Objective difference: 0.3315830868414134, Loss: 98275270.01495348
  Epoch: 10, Objective difference: 0.1301813127949745, Loss: 86771049.8275174
  Epoch: 11, Objective difference: 8.224601870148323, Loss: 809633798.3692822
  Epoch: 12, Objective difference: 0.7611431271625821, Loss: 169057463.6365959
  Epoch: 13, Objective difference: 0.6858928998259932, Loss: 59268961.20061899
  Epoch: 14, Objective difference: 11.906476127389933, Loss: 774315273.2736601
  Epoch: 15, Objective difference: 0.8865758910015277, Loss: 87864074.1209937
  Epoch: 16, Objective difference: 0.16322179306253645, Loss: 74039212.87903248
  Epoch: 17, Objective difference: 8.728358228064216, Loss: 726491859.4737155
  Epoch: 18, Objective difference: 0.9295522133798448, Loss: 51256086.062135555
  Epoch: 19, Objective difference: 0.16782833285858326, Loss: 59683606.96494095
  Epoch: 20, Objective difference: 0.1312797223285139, Loss: 51496321.12324436
  Epoch: 21, Objective difference: 0.2992637246237322, Loss: 36020555.49612772
  Epoch: 22, Objective difference: 0.25281147163567075, Loss: 45840668.15135677
  Epoch: 23, Objective difference: 3.548244524837861, Loss: 182270296.61748
  Epoch: 24, Objective difference: 1.3175993257035432, Loss: 485188492.3911259
  Epoch: 25, Objective difference: 0.842543588335018, Loss: 74111299.24269374
  Epoch: 26, Objective difference: 5.310353112143785, Loss: 481567821.9118767
  Epoch: 27, Objective difference: 0.8941833566508789, Loss: 48721391.44052562
  Epoch: 28, Objective difference: 6.7797920525510005, Loss: 398250651.17680955
  Epoch: 29, Objective difference: 0.011556849370359203, Loss: 402812488.1368002

  SVM's Avg_accuracy: 0.2228
  SVM's Precision: 0.2228
  SVM's Recall: 1.0
  SVM's F1-Value: 0.3644095518482172

Depth: 5, Learning rate: 1.0, Tradeoff: 1000.0
  Epoch: 1, First Objective: 11211889477.790613, Loss: 10628901.265103893
  Epoch: 2, Objective difference: 54.6556596751881, Loss: 514818891.22875935
  Epoch: 3, Objective difference: 0.44169399935429476, Loss: 309042042.72152835
  Epoch: 4, Objective difference: 0.9183894267026985, Loss: 25162965.3917188
  Epoch: 5, Objective difference: 0.11023998267830155, Loss: 27625921.7472937
  Epoch: 6, Objective difference: 0.3694655516013945, Loss: 18194726.685441
  Epoch: 7, Objective difference: 0.8611202995623403, Loss: 2725957.904410984
  Epoch: 8, Objective difference: 4.705490855675535, Loss: 14661635.079915253
  Epoch: 9, Objective difference: 0.37765013198810865, Loss: 9324176.307378
  Epoch: 10, Objective difference: 0.06528065756353489, Loss: 8776988.394692268
  Epoch: 11, Objective difference: 8.563490352080507, Loss: 84776511.83176927
  Epoch: 12, Objective difference: 0.9109457922176295, Loss: 7521740.013381364
  Epoch: 13, Objective difference: 0.3120898178041445, Loss: 5162824.06826052
  Epoch: 14, Objective difference: 15.641456956444488, Loss: 85903554.39210235
  Epoch: 15, Objective difference: 0.8960887737575762, Loss: 8887209.931787955
  Epoch: 16, Objective difference: 0.16306029348268894, Loss: 7489746.702579018
  Epoch: 17, Objective difference: 8.691930843730498, Loss: 73188749.48139647
  Epoch: 18, Objective difference: 0.9317985710138277, Loss: 5009004.421430232
  Epoch: 19, Objective difference: 0.16152451640285606, Loss: 5799160.488318888
  Epoch: 20, Objective difference: 0.1863512014199954, Loss: 4718368.27697623
  Epoch: 21, Objective difference: 0.4721141772539287, Loss: 2500439.5057912013
  Epoch: 22, Objective difference: 0.8300343896983461, Loss: 4585797.794069117
  Epoch: 23, Objective difference: 0.31177921273920606, Loss: 2563308.505929541
  Epoch: 24, Objective difference: 14.20514301003636, Loss: 48170667.007960044
  Epoch: 25, Objective difference: 0.8546152545366698, Loss: 6858317.367563107
  Epoch: 26, Objective difference: 5.275676985947544, Loss: 44002040.45576987
  Epoch: 27, Objective difference: 0.9068347398863024, Loss: 4001317.3404188906
  Epoch: 28, Objective difference: 8.883214024017226, Loss: 40591007.558868974
  Epoch: 29, Objective difference: 0.029060966747101225, Loss: 41753083.61448762

  SVM's Avg_accuracy: 0.2228
  SVM's Precision: 0.2228
  SVM's Recall: 1.0
  SVM's F1-Value: 0.3644095518482172

Depth: 10, Learning rate: 1.0, Tradeoff: 1000.0
  Epoch: 1, First Objective: 11095703021.554554, Loss: 10512714.80886796
  Epoch: 2, Objective difference: 55.03212896715072, Loss: 512529648.82196146
  Epoch: 3, Objective difference: 0.44187457524848966, Loss: 307655034.9181866
  Epoch: 4, Objective difference: 0.9188553072386004, Loss: 24887838.51701388
  Epoch: 5, Objective difference: 0.11036209700126381, Loss: 27323893.308571853
  Epoch: 6, Objective difference: 0.3697988585105452, Loss: 17994195.13234169
  Epoch: 7, Objective difference: 0.8612150883210326, Loss: 2696195.803671384
  Epoch: 8, Objective difference: 4.7093986929878415, Loss: 14502355.966004545
  Epoch: 9, Objective difference: 0.331498827870372, Loss: 9831494.201494595
  Epoch: 10, Objective difference: 0.13013182817340918, Loss: 8681072.182752436
  Epoch: 11, Objective difference: 8.22211655369548, Loss: 80977412.63692905
  Epoch: 12, Objective difference: 0.7611357771300474, Loss: 16909713.563662127
  Epoch: 13, Objective difference: 0.6857568359737366, Loss: 5930863.32006224
  Epoch: 14, Objective difference: 11.900561513222028, Loss: 77445560.12736739
  Epoch: 15, Objective difference: 0.8865465894477482, Loss: 8790374.612099415
  Epoch: 16, Objective difference: 0.16315139307348892, Loss: 7407888.48790296
  Epoch: 17, Objective difference: 8.72516728469659, Loss: 72663218.74741569
  Epoch: 18, Objective difference: 0.9295124226854281, Loss: 5129575.80621362
  Epoch: 19, Objective difference: 0.16770214918541096, Loss: 5972327.896493583
  Epoch: 20, Objective difference: 0.131195193771295, Loss: 5153599.312323851
  Epoch: 21, Objective difference: 0.2990419368165844, Loss: 3606022.7496125363
  Epoch: 22, Objective difference: 0.25254417817691743, Loss: 4588034.015136111
  Epoch: 23, Objective difference: 3.5452494198994025, Loss: 18230996.8617475
  Epoch: 24, Objective difference: 1.3178258215516385, Loss: 48532882.03912882
  Epoch: 25, Objective difference: 0.8425080900625915, Loss: 7415097.124269417
  Epoch: 26, Objective difference: 5.308942281808994, Loss: 48170814.99115818
  Epoch: 27, Objective difference: 0.89413290043342, Loss: 4876106.34405303
  Epoch: 28, Objective difference: 6.776560472494076, Loss: 39839097.9176806
  Epoch: 29, Objective difference: 0.011552845349495694, Loss: 40295281.61368627

  SVM's Avg_accuracy: 0.2228
  SVM's Precision: 0.2228
  SVM's Recall: 1.0
  SVM's F1-Value: 0.3644095518482172

Depth: 5, Learning rate: 1.0, Tradeoff: 100.0
  Epoch: 1, First Objective: 112515614.77787417, Loss: 1066857.3265103954
  Epoch: 2, Objective difference: 54.47188574589324, Loss: 51495914.877941966
  Epoch: 3, Objective difference: 0.4415946036038178, Loss: 30918237.019684426
  Epoch: 4, Objective difference: 0.9183084577209477, Loss: 2520263.7391720274
  Epoch: 5, Objective difference: 0.11008637575049744, Loss: 2766559.3747293255
  Epoch: 6, Objective difference: 0.3690017963450208, Loss: 1823439.8685442477
  Epoch: 7, Objective difference: 0.8594073262460913, Loss: 276562.9904410991
  Epoch: 8, Objective difference: 4.638913120996156, Loss: 1470130.7079915255
  Epoch: 9, Objective difference: 0.37670254668184966, Loss: 936384.8307376207
  Epoch: 10, Objective difference: 0.06501786211145051, Loss: 881666.0394692086
  Epoch: 11, Objective difference: 8.53754379748005, Loss: 8491683.98317803
  Epoch: 12, Objective difference: 0.9106365618499143, Loss: 756141.2013381041
  Epoch: 13, Objective difference: 0.3105132480330164, Loss: 520249.606825985
  Epoch: 14, Objective difference: 15.545446197721185, Loss: 8604388.239211021
  Epoch: 15, Objective difference: 0.8958087133403275, Loss: 892688.1931788444
  Epoch: 16, Objective difference: 0.1623672731052778, Loss: 752941.8702578165
  Epoch: 17, Objective difference: 8.66070221931426, Loss: 7332907.748137517
  Epoch: 18, Objective difference: 0.9314000616939726, Loss: 504867.64214298903
  Epoch: 19, Objective difference: 0.1602878567937469, Loss: 583883.2488318413
  Epoch: 20, Objective difference: 0.18512156086856013, Loss: 475804.0276975906
  Epoch: 21, Objective difference: 0.46829121337126695, Loss: 254011.1505791154
  Epoch: 22, Objective difference: 0.8173935651936259, Loss: 462546.97940696526
  Epoch: 23, Objective difference: 0.309166585287839, Loss: 260298.0505929346
  Epoch: 24, Objective difference: 14.06361216358573, Loss: 4831099.500794354
  Epoch: 25, Objective difference: 0.8542241114877032, Loss: 689798.9367563432
  Epoch: 26, Objective difference: 5.260550067663013, Loss: 4414236.84557539
  Epoch: 27, Objective difference: 0.9062431788640121, Loss: 404098.9340419564
  Epoch: 28, Objective difference: 8.82349296726449, Loss: 4073133.5558853424
  Epoch: 29, Objective difference: 0.028962490573582786, Loss: 4189341.161449652

  SVM's Avg_accuracy: 0.2228
  SVM's Precision: 0.2228
  SVM's Recall: 1.0
  SVM's F1-Value: 0.3644095518482172

Depth: 10, Learning rate: 1.0, Tradeoff: 100.0
  Epoch: 1, First Objective: 111353750.21551475, Loss: 1055238.6808868025
  Epoch: 2, Objective difference: 54.84509632245461, Loss: 51266990.668590225
  Epoch: 3, Objective difference: 0.4417747731495898, Loss: 30779536.239588752
  Epoch: 4, Objective difference: 0.9187738256274576, Loss: 2492751.0517016305
  Epoch: 5, Objective difference: 0.11020681944385571, Loss: 2736356.530857029
  Epoch: 6, Objective difference: 0.36933020656907234, Loss: 1803386.7132342202
  Epoch: 7, Objective difference: 0.8594844972692564, Loss: 273586.7803671212
  Epoch: 8, Objective difference: 4.642050795643157, Loss: 1454202.796600496
  Epoch: 9, Objective difference: 0.33065858741547943, Loss: 987116.6201495774
  Epoch: 10, Objective difference: 0.12963904323429332, Loss: 872074.4182751726
  Epoch: 11, Objective difference: 8.197382334807665, Loss: 8111774.063692876
  Epoch: 12, Objective difference: 0.7610624120881792, Loss: 1694938.5563661503
  Epoch: 13, Objective difference: 0.684399160653403, Loss: 597053.53200621
  Epoch: 14, Objective difference: 11.841823509246817, Loss: 7758588.812738178
  Epoch: 15, Objective difference: 0.8862541308450329, Loss: 883004.6612098927
  Epoch: 16, Objective difference: 0.16245098150090806, Loss: 744755.8238337984
  Epoch: 17, Objective difference: 8.693440870825116, Loss: 7280354.674740785
  Epoch: 18, Objective difference: 0.9291153347179613, Loss: 516924.78062142676
  Epoch: 19, Objective difference: 0.16645067056722532, Loss: 601199.9896494146
  Epoch: 20, Objective difference: 0.13035585679917522, Loss: 519327.1312323438
  Epoch: 21, Objective difference: 0.29684200637817354, Loss: 364569.47496127826
  Epoch: 22, Objective difference: 0.2499020049047969, Loss: 462770.601513575
  Epoch: 23, Objective difference: 3.515574144123746, Loss: 1827066.8861747424
  Epoch: 24, Objective difference: 1.3200861616815298, Loss: 4867321.00391131
  Epoch: 25, Objective difference: 0.8421542108862395, Loss: 745476.9124270225
  Epoch: 26, Objective difference: 5.2949125319628045, Loss: 4831114.2991190385
  Epoch: 27, Objective difference: 0.8936299168727131, Loss: 491577.8344052799
  Epoch: 28, Objective difference: 6.744513389581127, Loss: 3997942.591766114
  Epoch: 29, Objective difference: 0.011512957212882032, Loss: 4043560.961369424

  SVM's Avg_accuracy: 0.2228
  SVM's Precision: 0.2228
  SVM's Recall: 1.0
  SVM's F1-Value: 0.3644095518482172

Depth: 5, Learning rate: 1.0, Tradeoff: 10.0
  Epoch: 1, First Objective: 1164828.1477787194, Loss: 110652.93265104915
  Epoch: 2, Objective difference: 52.70308963399576, Loss: 5163624.930437141
  Epoch: 3, Objective difference: 0.4406040646491846, Loss: 3105856.5066902083
  Epoch: 4, Objective difference: 0.9175023412811701, Loss: 255993.57391722786
  Epoch: 5, Objective difference: 0.10857352665267495, Loss: 280623.13747291436
  Epoch: 6, Objective difference: 0.36442748191664104, Loss: 186311.18685442134
  Epoch: 7, Objective difference: 0.8426451086230841, Loss: 31623.49904410989
  Epoch: 8, Objective difference: 4.063912366379506, Loss: 150980.27079913858
  Epoch: 9, Objective difference: 0.3674818327064042, Loss: 97605.68307377101
  Epoch: 10, Objective difference: 0.06250177498628548, Loss: 92133.8039469131
  Epoch: 11, Objective difference: 8.289859597740818, Loss: 863201.1983180647
  Epoch: 12, Objective difference: 0.9075977205725093, Loss: 79581.32013381728
  Epoch: 13, Objective difference: 0.29558149372801107, Loss: 55992.16068259998
  Epoch: 14, Objective difference: 14.657434836277664, Loss: 874471.6239205718
  Epoch: 15, Objective difference: 0.893055619053909, Loss: 93236.01931787396
  Epoch: 16, Objective difference: 0.15574785433485294, Loss: 79261.3870257814
  Epoch: 17, Objective difference: 8.365004001964897, Loss: 747323.5748137495
  Epoch: 18, Objective difference: 0.9274949211020517, Loss: 54453.96421430001
  Epoch: 19, Objective difference: 0.14888868201934274, Loss: 62355.52488318919
  Epoch: 20, Objective difference: 0.17366242568885182, Loss: 51547.602769756064
  Epoch: 21, Objective difference: 0.43321171717965257, Loss: 29368.315057913733
  Epoch: 22, Objective difference: 0.7093627410426662, Loss: 50221.897940695286
  Epoch: 23, Objective difference: 0.28526235353661616, Loss: 29997.005059296178
  Epoch: 24, Objective difference: 12.816718157435139, Loss: 497142.7500795543
  Epoch: 25, Objective difference: 0.8504318379061651, Loss: 72947.09367563462
  Epoch: 26, Objective difference: 5.117991216123088, Loss: 455456.4845576922
  Epoch: 27, Objective difference: 0.9005245091948855, Loss: 44377.09340418783
  Epoch: 28, Objective difference: 8.282787383808142, Loss: 421346.1555885868
  Epoch: 29, Objective difference: 0.02801323243153443, Loss: 432966.91614491615

  SVM's Avg_accuracy: 0.2228
  SVM's Precision: 0.2228
  SVM's Recall: 1.0
  SVM's F1-Value: 0.3644095518482172

Depth: 10, Learning rate: 1.0, Tradeoff: 10.0
  Epoch: 1, First Objective: 1153209.5021551244, Loss: 109491.06808868944
  Epoch: 2, Objective difference: 53.04564051367706, Loss: 5140732.5066442825
  Epoch: 3, Objective difference: 0.44078018999475305, Loss: 3091986.4286580435
  Epoch: 4, Objective difference: 0.9179626198360061, Loss: 253242.30517017565
  Epoch: 5, Objective difference: 0.10867774245319678, Loss: 277602.85308571893
  Epoch: 6, Objective difference: 0.364708201850179, Loss: 184305.87132341813
  Epoch: 7, Objective difference: 0.8425535851798025, Loss: 31325.878036711743
  Epoch: 8, Objective difference: 4.061260408405632, Loss: 149387.47966006704
  Epoch: 9, Objective difference: 0.3224846623034663, Loss: 102678.86201496268
  Epoch: 10, Objective difference: 0.1249089736011937, Loss: 91174.64182751466
  Epoch: 11, Objective difference: 7.961384228375945, Loss: 825210.2063690498
  Epoch: 12, Objective difference: 0.7603420431217621, Loss: 173461.05563659314
  Epoch: 13, Objective difference: 0.671112342109223, Loss: 63672.55320136855
  Epoch: 14, Objective difference: 11.292583042576684, Loss: 789891.681273622
  Epoch: 15, Objective difference: 0.8833841882706787, Loss: 92267.66612099866
  Epoch: 16, Objective difference: 0.1557616039464462, Loss: 78442.78238338693
  Epoch: 17, Objective difference: 8.393169785101406, Loss: 742068.2674738438
  Epoch: 18, Objective difference: 0.925224683003489, Loss: 55659.67806214104
  Epoch: 19, Objective difference: 0.1548918537063301, Loss: 64087.19896493794
  Epoch: 20, Objective difference: 0.12251764374240402, Loss: 55899.91312324048
  Epoch: 21, Objective difference: 0.2765009510387056, Loss: 40424.14749612655
  Epoch: 22, Objective difference: 0.22623300549709452, Loss: 50244.26015135439
  Epoch: 23, Objective difference: 3.24403439111839, Loss: 186673.88861746533
  Epoch: 24, Objective difference: 1.3422370565540378, Loss: 500764.9003910617
  Epoch: 25, Objective difference: 0.8387224071914904, Loss: 78514.89124269641
  Epoch: 26, Objective difference: 4.542037831419228, Loss: 447956.4814245138
  Epoch: 27, Objective difference: 0.8763074099286614, Loss: 53124.98344053167
  Epoch: 28, Objective difference: 6.448818001889634, Loss: 413827.05917675357
  Epoch: 29, Objective difference: 0.011128719507750441, Loss: 418388.89613703283

  SVM's Avg_accuracy: 0.2228
  SVM's Precision: 0.2228
  SVM's Recall: 1.0
  SVM's F1-Value: 0.3644095518482172

Depth: 5, Learning rate: 1.0, Tradeoff: 0.1
  Epoch: 1, First Objective: 2398.67029007071, Loss: 16471.120390566975
  Epoch: 2, Objective difference: 1.814136068083127, Loss: 59543.36867899536
  Epoch: 3, Objective difference: 0.42242568323581214, Loss: 37084.286004158064
  Epoch: 4, Objective difference: 0.653465018757289, Loss: 11157.718803913122
  Epoch: 5, Objective difference: 0.142050277776336, Loss: 9984.96280493941
  Epoch: 6, Objective difference: 0.19817009871338362, Loss: 11378.746002550224
  Epoch: 7, Objective difference: 0.11467922786069687, Loss: 12280.449095788914
  Epoch: 8, Objective difference: 0.3621316510430259, Loss: 21077.925497370477
  Epoch: 9, Objective difference: 0.46349210596192186, Loss: 9804.10474676975
  Epoch: 10, Objective difference: 0.12060268746242708, Loss: 10654.861866730678
  Epoch: 11, Objective difference: 1.055233423749964, Loss: 25787.73807965882
  Epoch: 12, Objective difference: 0.5692798010416353, Loss: 10500.827925646316
  Epoch: 13, Objective difference: 0.01081377262973304, Loss: 9821.369338915914

  SVM's Avg_accuracy: 0.7772
  SVM's Precision: 1
  SVM's Recall: 0.0
  SVM's F1-Value: 0.0

Depth: 10, Learning rate: 1.0, Tradeoff: 0.1
  Epoch: 1, First Objective: 2385.478402473294, Loss: 16339.201514592904
  Epoch: 2, Objective difference: 1.8215053836766648, Loss: 59347.92444394983
  Epoch: 3, Objective difference: 0.48223958694898245, Loss: 33516.45996141436
  Epoch: 4, Objective difference: 0.6139209500801164, Loss: 11108.503534678042
  Epoch: 5, Objective difference: 0.13938971686592314, Loss: 9970.644621531066
  Epoch: 6, Objective difference: 0.19577862173194194, Loss: 11335.572794453408
  Epoch: 7, Objective difference: 0.0031933954985053224, Loss: 11310.336756910194

  SVM's Avg_accuracy: 0.7772
  SVM's Precision: 1
  SVM's Recall: 0.0
  SVM's F1-Value: 0.0

Depth: 5, Learning rate: 1.0, Tradeoff: 0.01
  Epoch: 1, First Objective: 184.1798916291526, Loss: 9360.475588160105
  Epoch: 2, Objective difference: 0.053189613567256384, Loss: 16403.219042933593
  Epoch: 3, Objective difference: 0.045927641702733966, Loss: 17879.37093932598

  SVM's Avg_accuracy: 0.7772
  SVM's Precision: 1
  SVM's Recall: 0.0
  SVM's F1-Value: 0.0

Depth: 10, Learning rate: 1.0, Tradeoff: 0.01
  Epoch: 1, First Objective: 184.38127340216334, Loss: 9380.613765461003
  Epoch: 2, Objective difference: 0.05385449425346116, Loss: 16410.026923607777
  Epoch: 3, Objective difference: 0.0460137641478864, Loss: 17890.273385996286

  SVM's Avg_accuracy: 0.7772
  SVM's Precision: 1
  SVM's Recall: 0.0
  SVM's F1-Value: 0.0

Depth: 5, Learning rate: 1.0, Tradeoff: 0.001
  Epoch: 1, First Objective: 19.84179891629679, Loss: 18936.04755881601
  Epoch: 2, Objective difference: 0.00493728280590661, Loss: 19640.321904293818

  SVM's Avg_accuracy: 0.7772
  SVM's Precision: 1
  SVM's Recall: 0.0
  SVM's F1-Value: 0.0

Depth: 10, Learning rate: 1.0, Tradeoff: 0.001
  Epoch: 1, First Objective: 19.84381273402679, Loss: 18938.061376546128
  Epoch: 2, Objective difference: 0.005003957839215066, Loss: 19641.002692361188

  SVM's Avg_accuracy: 0.7772
  SVM's Precision: 1
  SVM's Recall: 0.0
  SVM's F1-Value: 0.0

Depth: 5, Learning rate: 1.0, Tradeoff: 0.0001
  Epoch: 1, First Objective: 1.9984179891625495, Loss: 19893.60475587855
  Epoch: 2, Objective difference: 0.0004902106218560043, Loss: 19964.032190428945

  SVM's Avg_accuracy: 0.7772
  SVM's Precision: 1
  SVM's Recall: 0.0
  SVM's F1-Value: 0.0

Depth: 10, Learning rate: 1.0, Tradeoff: 0.0001
  Epoch: 1, First Objective: 1.998438127339858, Loss: 19893.80613765152
  Epoch: 2, Objective difference: 0.0004968760394604912, Loss: 19964.100269235703

  SVM's Avg_accuracy: 0.7772
  SVM's Precision: 1
  SVM's Recall: 0.0
  SVM's F1-Value: 0.0

Depth: 5, Learning rate: 0.1, Tradeoff: 10000.0
  Epoch: 1, First Objective: 731680828123.147, Loss: 70593088.74751656
  Epoch: 2, Objective difference: 5.531516645113147, Loss: 468840829.3596718
  Epoch: 3, Objective difference: 0.4361429175273941, Loss: 266402265.1914175
  Epoch: 4, Objective difference: 0.9338853313874402, Loss: 17648008.51802765
  Epoch: 5, Objective difference: 0.07282710524976943, Loss: 18917146.136607986
  Epoch: 6, Objective difference: 0.419857900157222, Loss: 10961085.26463964
  Epoch: 7, Objective difference: 0.10543902839463601, Loss: 9868864.746990995
  Epoch: 8, Objective difference: 0.16057811299183164, Loss: 11439182.798591338
  Epoch: 9, Objective difference: 0.10000697805729637, Loss: 10265304.37410392
  Epoch: 10, Objective difference: 0.05354584105817754, Loss: 9742758.551667579
  Epoch: 11, Objective difference: 9.95020129957393, Loss: 106859926.64412563
  Epoch: 12, Objective difference: 0.919979274668951, Loss: 8549337.990381744
  Epoch: 13, Objective difference: 0.011339800718604295, Loss: 8355742.432228196

  SVM's Avg_accuracy: 0.7772
  SVM's Precision: 1
  SVM's Recall: 0.0
  SVM's F1-Value: 0.0

Depth: 10, Learning rate: 0.1, Tradeoff: 10000.0
  Epoch: 1, First Objective: 741849563023.4762, Loss: 71479614.61891249
  Epoch: 2, Objective difference: 5.374094962641905, Loss: 463911510.5131949
  Epoch: 3, Objective difference: 0.48076057803308764, Loss: 242757922.5200907
  Epoch: 4, Objective difference: 0.9207549600092618, Loss: 19244382.417603042
  Epoch: 5, Objective difference: 0.39470579128197936, Loss: 26625384.46469349
  Epoch: 6, Objective difference: 0.6741857719868962, Loss: 8655373.557845082
  Epoch: 7, Objective difference: 0.12933140943529536, Loss: 9932830.962796146
  Epoch: 8, Objective difference: 1.3226936163808765, Loss: 22763165.41404325
  Epoch: 9, Objective difference: 0.41477454752465115, Loss: 13385155.526626138
  Epoch: 10, Objective difference: 0.14228532413306458, Loss: 11538282.028552799
  Epoch: 11, Objective difference: 4.074251775073131, Loss: 58442476.03870135
  Epoch: 12, Objective difference: 0.6074021314607662, Loss: 22474232.519333195
  Epoch: 13, Objective difference: 0.4386560306063515, Loss: 12699219.798560876
  Epoch: 14, Objective difference: 2.92986859149103, Loss: 50972250.79633238
  Epoch: 15, Objective difference: 0.820431788745283, Loss: 9093164.035305923
  Epoch: 16, Objective difference: 1.085403895959095, Loss: 18858371.186403576
  Epoch: 17, Objective difference: 2.28962764876053, Loss: 62828267.612295344
  Epoch: 18, Objective difference: 0.8240984123622462, Loss: 10828355.353659956
  Epoch: 19, Objective difference: 0.8907868161820056, Loss: 1178318.4942434153
  Epoch: 20, Objective difference: 6.57714335828705, Loss: 9083559.189495213
  Epoch: 21, Objective difference: 0.0033995159656304494, Loss: 9075299.844692068

  SVM's Avg_accuracy: 0.7772
  SVM's Precision: 1
  SVM's Recall: 0.0
  SVM's F1-Value: 0.0

Depth: 5, Learning rate: 0.1, Tradeoff: 1000.0
  Epoch: 1, First Objective: 7320775481.235666, Loss: 7063276.074751818
  Epoch: 2, Objective difference: 5.529893998320385, Loss: 46898115.7359556
  Epoch: 3, Objective difference: 0.43601488805956584, Loss: 26654259.3191301
  Epoch: 4, Objective difference: 0.9337725958792953, Loss: 1768768.051802702
  Epoch: 5, Objective difference: 0.07266529405987834, Loss: 1895681.8136609935
  Epoch: 6, Objective difference: 0.4189882319295694, Loss: 1100075.7264638515
  Epoch: 7, Objective difference: 0.1050631323625706, Loss: 990853.674698901
  Epoch: 8, Objective difference: 0.15993843663881682, Loss: 1147885.4798590601
  Epoch: 9, Objective difference: 0.09966352347858824, Loss: 1030497.6374104082
  Epoch: 10, Objective difference: 0.05334159207350835, Loss: 978243.055166791
  Epoch: 11, Objective difference: 9.920331339451717, Loss: 10700025.464412332
  Epoch: 12, Objective difference: 0.9197147329997926, Loss: 858900.9990383039
  Epoch: 13, Objective difference: 0.011287684293785639, Loss: 839541.4432229218

  SVM's Avg_accuracy: 0.7772
  SVM's Precision: 1
  SVM's Recall: 0.0
  SVM's F1-Value: 0.0

Depth: 10, Learning rate: 0.1, Tradeoff: 1000.0
  Epoch: 1, First Objective: 7422462830.235216, Loss: 7151928.66189189
  Epoch: 2, Objective difference: 5.372578685662278, Loss: 46405183.85134527
  Epoch: 3, Objective difference: 0.4806179483405895, Loss: 24289825.051996898
  Epoch: 4, Objective difference: 0.9206387397534467, Loss: 1928405.4417606595
  Epoch: 5, Objective difference: 0.3939026372157249, Loss: 2666505.6464693025
  Epoch: 6, Objective difference: 0.6732015965833511, Loss: 869504.5557844925
  Epoch: 7, Objective difference: 0.1287536899591082, Loss: 997250.2962795777
  Epoch: 8, Objective difference: 1.3174815866939713, Loss: 2280306.241404174
  Epoch: 9, Objective difference: 0.4140719278141104, Loss: 1342482.752662569
  Epoch: 10, Objective difference: 0.14187064390918736, Loss: 1157795.4028553946
  Epoch: 11, Objective difference: 4.069031570546424, Loss: 5858280.403870507
  Epoch: 12, Objective difference: 0.6076625603033163, Loss: 2251390.451933325
  Epoch: 13, Objective difference: 0.4379069305803323, Loss: 1273889.1798560675
  Epoch: 14, Objective difference: 2.928676603474522, Loss: 5111259.166734221
  Epoch: 15, Objective difference: 0.8201497015173578, Loss: 913283.6035306549
  Epoch: 16, Objective difference: 1.0807368571726481, Loss: 1889804.3186406307
  Epoch: 17, Objective difference: 2.290139264538565, Loss: 6296859.561228563
  Epoch: 18, Objective difference: 0.8238501502056329, Loss: 1086872.0353660542
  Epoch: 19, Objective difference: 0.8875971795687934, Loss: 121821.54942434157
  Epoch: 20, Objective difference: 6.367140704268658, Loss: 912323.1189495246
  Epoch: 21, Objective difference: 1.3740260175845274, Loss: 2151857.521772533
  Epoch: 22, Objective difference: 0.6934225313124663, Loss: 665491.5301692729
  Epoch: 23, Objective difference: 0.8945434568408217, Loss: 48901.799148590566
  Epoch: 24, Objective difference: 7.295686431385608, Loss: 578251.9602923922
  Epoch: 25, Objective difference: 1.3302662322388814, Loss: 1346166.4445237261
  Epoch: 26, Objective difference: 1.4887300197351894, Loss: 3385597.4232734544
  Epoch: 27, Objective difference: 0.6795441263646058, Loss: 1064825.0495539452
  Epoch: 28, Objective difference: 3.466328923920668, Loss: 4853071.976228099
  Epoch: 29, Objective difference: 0.009964249386922207, Loss: 4906471.548130314

  SVM's Avg_accuracy: 0.2228
  SVM's Precision: 0.2228
  SVM's Recall: 1.0
  SVM's F1-Value: 0.3644095518482172

Depth: 5, Learning rate: 0.1, Tradeoff: 100.0
  Epoch: 1, First Objective: 73604474.81235583, Loss: 710294.8074752258
  Epoch: 2, Objective difference: 5.513763735182941, Loss: 4703844.373595255
  Epoch: 3, Objective difference: 0.4347387154060924, Loss: 2679458.7319128932
  Epoch: 4, Objective difference: 0.9326516619402317, Loss: 180844.00518027923
  Epoch: 5, Objective difference: 0.07108586986709137, Loss: 193535.38136607283
  Epoch: 6, Objective difference: 0.4104856801395829, Loss: 113974.77264638801
  Epoch: 7, Objective difference: 0.10144650764194159, Loss: 103052.56746989432
  Epoch: 8, Objective difference: 0.15381123726835744, Loss: 118755.74798590095
  Epoch: 9, Objective difference: 0.09635441779118244, Loss: 107016.96374104507
  Epoch: 10, Objective difference: 0.05138165447233922, Loss: 101791.5055166741
  Epoch: 11, Objective difference: 9.634358329027968, Loss: 1084035.3464415327
  Epoch: 12, Objective difference: 0.9171068067428738, Loss: 89857.29990382651
  Epoch: 13, Objective difference: 0.010791709682186904, Loss: 87921.34432228647

  SVM's Avg_accuracy: 0.7772
  SVM's Precision: 1
  SVM's Recall: 0.0
  SVM's F1-Value: 0.0

Depth: 10, Learning rate: 0.1, Tradeoff: 100.0
  Epoch: 1, First Objective: 74621348.30235137, Loss: 719160.06618916
  Epoch: 2, Objective difference: 5.357504589016084, Loss: 4654551.185134387
  Epoch: 3, Objective difference: 0.47919629226122, Loss: 2443015.3052012627
  Epoch: 4, Objective difference: 0.9194837981717514, Loss: 196807.74417603356
  Epoch: 5, Objective difference: 0.38604728138691596, Loss: 270617.76464689884
  Epoch: 6, Objective difference: 0.6635156054807004, Loss: 90917.65557845138
  Epoch: 7, Objective difference: 0.12324822902203639, Loss: 103692.22962795125
  Epoch: 8, Objective difference: 1.2675438077617716, Loss: 232020.3241404641
  Epoch: 9, Objective difference: 0.40717660421668145, Loss: 138215.38553407646
  Epoch: 10, Objective difference: 0.1378524578631774, Loss: 119746.74028553291
  Epoch: 11, Objective difference: 4.018715692595391, Loss: 599860.8426855095
  Epoch: 12, Objective difference: 0.610200529645318, Loss: 229106.24547486307
  Epoch: 13, Objective difference: 0.43055428571546434, Loss: 131356.1180099392
  Epoch: 14, Objective difference: 0.13510375246673753, Loss: 149863.95427010226
  Epoch: 15, Objective difference: 0.3643859241807816, Loss: 96129.98058941645
  Epoch: 16, Objective difference: 1.0297315849827973, Loss: 194023.85095268427
  Epoch: 17, Objective difference: 2.276922451060679, Loss: 643718.756122691
  Epoch: 18, Objective difference: 0.7371027655050403, Loss: 165957.39813009737
  Epoch: 19, Objective difference: 0.8409910987499264, Loss: 26643.78185708047
  Epoch: 20, Objective difference: 2.5608814548469323, Loss: 95208.41468963448
  Epoch: 21, Objective difference: 1.3095729004421843, Loss: 218481.74215245305
  Epoch: 22, Objective difference: 0.6721677909175086, Loss: 72283.85800780808
  Epoch: 23, Objective difference: 1.6672541310616766, Loss: 190159.6316547751
  Epoch: 24, Objective difference: 0.6614428120142618, Loss: 64726.35582678828
  Epoch: 25, Objective difference: 1.1411526595495909, Loss: 138614.89779306974
  Epoch: 26, Objective difference: 1.4935951207429121, Loss: 349204.2435827921
  Epoch: 27, Objective difference: 0.6810010404004974, Loss: 109385.48479287034
  Epoch: 28, Objective difference: 0.16251347890325574, Loss: 129377.16791220164
  Epoch: 29, Objective difference: 2.764076249663305, Loss: 488664.17182122736
  Epoch: 30, Objective difference: 0.8405897467768947, Loss: 77565.32174410667
  Epoch: 31, Objective difference: 0.5104831888237056, Loss: 117557.35778733705
  Epoch: 32, Objective difference: 0.38305986017348354, Loss: 72346.62285166993
  Epoch: 33, Objective difference: 0.5538152685756286, Loss: 32398.002769265626
  Epoch: 34, Objective difference: 7.625941456584509, Loss: 279583.6063196676
  Epoch: 35, Objective difference: 0.8813874448861171, Loss: 32991.05787185008
  Epoch: 36, Objective difference: 0.8915794935455297, Loss: 61895.72766379527
  Epoch: 37, Objective difference: 0.7959339061601994, Loss: 111853.33670245254
  Epoch: 38, Objective difference: 0.059147294263378405, Loss: 104285.3244831168
  Epoch: 39, Objective difference: 0.5256016421921886, Loss: 49358.67721056703
  Epoch: 40, Objective difference: 0.044532875304898266, Loss: 47789.58675702909

  SVM's Avg_accuracy: 0.7772
  SVM's Precision: 1
  SVM's Recall: 0.0
  SVM's F1-Value: 0.0

Depth: 5, Learning rate: 0.1, Tradeoff: 10.0
  Epoch: 1, First Objective: 775716.7481235669, Loss: 74996.6807475174
  Epoch: 2, Objective difference: 5.361535444135769, Loss: 484417.23735968815
  Epoch: 3, Objective difference: 0.4223761804141709, Loss: 281978.6731914454
  Epoch: 4, Objective difference: 0.9220493478964058, Loss: 22051.600518028907
  Epoch: 5, Objective difference: 0.05839365512720578, Loss: 23320.738136611162
  Epoch: 6, Objective difference: 0.3412380503781109, Loss: 15364.677264637885
  Epoch: 7, Objective difference: 0.07546792241327813, Loss: 14272.456746990469
  Epoch: 8, Objective difference: 0.11120781596147643, Loss: 15842.774798591161
  Epoch: 9, Objective difference: 0.07233664371113939, Loss: 14668.896374104594
  Epoch: 10, Objective difference: 0.037575306780065196, Loss: 14146.350551667265

  SVM's Avg_accuracy: 0.7772
  SVM's Precision: 1
  SVM's Recall: 0.0
  SVM's F1-Value: 0.0

Depth: 10, Learning rate: 0.1, Tradeoff: 10.0
  Epoch: 1, First Objective: 785885.4830237535, Loss: 75883.20661891969
  Epoch: 2, Objective difference: 5.215134072605566, Loss: 479487.91851350333
  Epoch: 3, Objective difference: 0.46542901206879433, Loss: 258334.33256638597
  Epoch: 4, Objective difference: 0.9086171648092569, Loss: 23647.974417879737
  Epoch: 5, Objective difference: 0.32186061622314366, Loss: 31028.976464688163
  Epoch: 6, Objective difference: 0.5724288285835972, Loss: 13441.762053164037
  Epoch: 7, Objective difference: 0.0680978117325596, Loss: 14351.797847798778
  Epoch: 8, Objective difference: 0.9227601495882276, Loss: 27263.56830023386
  Epoch: 9, Objective difference: 0.3555641730021778, Loss: 17662.313877739318
  Epoch: 10, Objective difference: 0.16334519230130623, Loss: 20514.09889261492
  Epoch: 11, Objective difference: 4.798174572326445, Loss: 119384.15740546436
  Epoch: 12, Objective difference: 0.7542717872312894, Loss: 28818.643065337725
  Epoch: 13, Objective difference: 0.49670584504739934, Loss: 14723.385059900444
  Epoch: 14, Objective difference: 1.107728931450793, Loss: 31090.578097682504
  Epoch: 15, Objective difference: 0.5079226847242364, Loss: 15326.561755000324
  Epoch: 16, Objective difference: 0.5858514122696818, Loss: 24146.222210144708
  Epoch: 17, Objective difference: 1.6079386441039896, Loss: 63711.69424141602
  Epoch: 18, Objective difference: 0.6992001988827979, Loss: 18888.789981144557
  Epoch: 19, Objective difference: 0.08340818582237394, Loss: 17463.91582823341
  Epoch: 20, Objective difference: 0.17357689133717746, Loss: 14441.999344719963
  Epoch: 21, Objective difference: 1.0758970104401377, Loss: 29466.695554071986
  Epoch: 22, Objective difference: 0.3109672301920692, Loss: 20565.5256970356
  Epoch: 23, Objective difference: 0.44821618403525376, Loss: 11307.212620109562
  Epoch: 24, Objective difference: 6.012902616988082, Loss: 80230.97701960849
  Epoch: 25, Objective difference: 0.7797405380384118, Loss: 17515.448922005973
  Epoch: 26, Objective difference: 4.018890909910146, Loss: 88752.5192596857
  Epoch: 27, Objective difference: 0.82522299012432, Loss: 15305.663907163718
  Epoch: 28, Objective difference: 1.8529915250376965, Loss: 44255.841589521195
  Epoch: 29, Objective difference: 0.055547814299816714, Loss: 46808.6251243497
  Epoch: 30, Objective difference: 0.7376581461672091, Loss: 12251.722279928905
  Epoch: 31, Objective difference: 2.9499060422353955, Loss: 48478.70105823399
  Epoch: 32, Objective difference: 0.5987376682532142, Loss: 19358.24793504159
  Epoch: 33, Objective difference: 0.38691655059705726, Loss: 11912.732783940013
  Epoch: 34, Objective difference: 0.7516360566588227, Loss: 20851.961487326058
  Epoch: 35, Objective difference: 0.36745329440290053, Loss: 13144.744612516692
  Epoch: 36, Objective difference: 0.03736606802970631, Loss: 13656.403204333199

  SVM's Avg_accuracy: 0.7772
  SVM's Precision: 1
  SVM's Recall: 0.0
  SVM's F1-Value: 0.0

Depth: 5, Learning rate: 0.1, Tradeoff: 0.1
  Epoch: 1, First Objective: 1177.0729060647816, Loss: 10098.334960266235
  Epoch: 2, Objective difference: 0.023216241058158196, Loss: 10823.628073641572

  SVM's Avg_accuracy: 0.7772
  SVM's Precision: 1
  SVM's Recall: 0.0
  SVM's F1-Value: 0.0

Depth: 10, Learning rate: 0.1, Tradeoff: 0.1
  Epoch: 1, First Objective: 1173.7411803648986, Loss: 10070.068051245114
  Epoch: 2, Objective difference: 0.11591636389244361, Loss: 12665.797973895902
  Epoch: 3, Objective difference: 0.1381404447560348, Loss: 10573.381037009598
  Epoch: 4, Objective difference: 0.11718093292802659, Loss: 8922.219040702716
  Epoch: 5, Objective difference: 0.03329295504118008, Loss: 9144.505328710777

  SVM's Avg_accuracy: 0.7772
  SVM's Precision: 1
  SVM's Recall: 0.0
  SVM's F1-Value: 0.0

Depth: 5, Learning rate: 0.1, Tradeoff: 0.01
  Epoch: 1, First Objective: 171.53908025424732, Loss: 15616.274595509158
  Epoch: 2, Objective difference: 0.005448389042355284, Loss: 11595.435025596467

  SVM's Avg_accuracy: 0.7772
  SVM's Precision: 1
  SVM's Recall: 0.0
  SVM's F1-Value: 0.0

Depth: 10, Learning rate: 0.1, Tradeoff: 0.01
  Epoch: 1, First Objective: 171.60936271614733, Loss: 15620.237730968933
  Epoch: 2, Objective difference: 0.006007601159670712, Loss: 11609.270493666287

  SVM's Avg_accuracy: 0.7772
  SVM's Precision: 1
  SVM's Recall: 0.0
  SVM's F1-Value: 0.0

Depth: 5, Learning rate: 0.1, Tradeoff: 0.001
  Epoch: 1, First Objective: 19.715390802544636, Loss: 19561.627459554074
  Epoch: 2, Objective difference: 0.00047405179766099744, Loss: 19159.543502561224

  SVM's Avg_accuracy: 0.7772
  SVM's Precision: 1
  SVM's Recall: 0.0
  SVM's F1-Value: 0.0

Depth: 10, Learning rate: 0.1, Tradeoff: 0.001
  Epoch: 1, First Objective: 19.716093627159648, Loss: 19562.023773096425
  Epoch: 2, Objective difference: 0.0005229030790738743, Loss: 19160.9270493677

  SVM's Avg_accuracy: 0.7772
  SVM's Precision: 1
  SVM's Recall: 0.0
  SVM's F1-Value: 0.0

Depth: 5, Learning rate: 0.1, Tradeoff: 0.0001
  Epoch: 1, First Objective: 1.997153908024952, Loss: 19956.16274595466
  Epoch: 2, Objective difference: 4.679717720738001e-05, Loss: 19915.954350254924

  SVM's Avg_accuracy: 0.7772
  SVM's Precision: 1
  SVM's Recall: 0.0
  SVM's F1-Value: 0.0

Depth: 10, Learning rate: 0.1, Tradeoff: 0.0001
  Epoch: 1, First Objective: 1.9971609362713327, Loss: 19956.20237730732
  Epoch: 2, Objective difference: 5.162130875364052e-05, Loss: 19916.09270493144

  SVM's Avg_accuracy: 0.7772
  SVM's Precision: 1
  SVM's Recall: 0.0
  SVM's F1-Value: 0.0

Depth: 5, Learning rate: 0.01, Tradeoff: 10000.0
  Epoch: 1, First Objective: 81746135870.54562, Loss: 8029661.818194928
  Epoch: 2, Objective difference: 3.6491173390843197, Loss: 37927964.30789076
  Epoch: 3, Objective difference: 0.22687117097807202, Loss: 29345613.365263637
  Epoch: 4, Objective difference: 0.9099965424606045, Loss: 2632518.5865454557
  Epoch: 5, Objective difference: 0.2038705531319256, Loss: 2099136.5314946384
  Epoch: 6, Objective difference: 0.13880439962429245, Loss: 1807746.209542344
  Epoch: 7, Objective difference: 0.06023385639867053, Loss: 1696725.1113065935
  Epoch: 8, Objective difference: 0.05303692320889658, Loss: 1782825.6955574157
  Epoch: 9, Objective difference: 0.17551345365896193, Loss: 1473002.9308966966
  Epoch: 10, Objective difference: 0.04669845701379992, Loss: 1403422.9447825504

  SVM's Avg_accuracy: 0.7772
  SVM's Precision: 1
  SVM's Recall: 0.0
  SVM's F1-Value: 0.0

Depth: 10, Learning rate: 0.01, Tradeoff: 10000.0
  Epoch: 1, First Objective: 32275028962.660713, Loss: 3029764.3082617717
  Epoch: 2, Objective difference: 13.313627391813206, Loss: 46098236.73022801
  Epoch: 3, Objective difference: 0.3318005153313876, Loss: 30819758.838471115
  Epoch: 4, Objective difference: 0.7327669070800445, Loss: 8209476.243855368
  Epoch: 5, Objective difference: 0.42438941603038266, Loss: 4717075.73900312
  Epoch: 6, Objective difference: 0.3170118910589571, Loss: 3233742.3022951386
  Epoch: 7, Objective difference: 0.820747601186264, Loss: 580637.6968680035
  Epoch: 8, Objective difference: 6.172947581136554, Loss: 4157561.175267925
  Epoch: 9, Objective difference: 0.48527638980084475, Loss: 2139597.888037793
  Epoch: 10, Objective difference: 0.49716867931557107, Loss: 1077176.0432627322
  Epoch: 11, Objective difference: 3.6610166619345947, Loss: 5024629.157903164
  Epoch: 12, Objective difference: 0.93512659254844, Loss: 319985.62817055586
  Epoch: 13, Objective difference: 8.2021935081682, Loss: 2993034.456915994
  Epoch: 14, Objective difference: 1.662106413098097, Loss: 7989736.998839716
  Epoch: 15, Objective difference: 0.7713221207941033, Loss: 1822981.9785088457
  Epoch: 16, Objective difference: 0.7854770178478429, Loss: 391928.67200841865
  Epoch: 17, Objective difference: 5.948442036368599, Loss: 2722311.3342885664
  Epoch: 18, Objective difference: 0.21413034852253704, Loss: 2134771.1251458027
  Epoch: 19, Objective difference: 0.20784638666324368, Loss: 1692997.4823803424
  Epoch: 20, Objective difference: 0.14315684476063908, Loss: 1451039.2194567171
  Epoch: 21, Objective difference: 0.5893056946335695, Loss: 2303470.944326934
  Epoch: 22, Objective difference: 0.47142255765731234, Loss: 1218979.0304423857
  Epoch: 23, Objective difference: 0.4274633789910495, Loss: 1741385.5146381771
  Epoch: 24, Objective difference: 0.6370440239955054, Loss: 631562.6090976294
  Epoch: 25, Objective difference: 0.017499986831048395, Loss: 641694.5083513265

  SVM's Avg_accuracy: 0.7772
  SVM's Precision: 1
  SVM's Recall: 0.0
  SVM's F1-Value: 0.0

Depth: 5, Learning rate: 0.01, Tradeoff: 1000.0
  Epoch: 1, First Objective: 821428558.7051775, Loss: 806933.3818195342
  Epoch: 2, Objective difference: 3.6437472088865994, Loss: 3806829.2307884833
  Epoch: 3, Objective difference: 0.2260365577180416, Loss: 2948594.136526965
  Epoch: 4, Objective difference: 0.9094906734759634, Loss: 266035.2801925361
  Epoch: 5, Objective difference: 0.19723646785083807, Loss: 213880.8531494885
  Epoch: 6, Objective difference: 0.13623994466689565, Loss: 184741.25404095574
  Epoch: 7, Objective difference: 0.06900294187878195, Loss: 196736.35709405487
  Epoch: 8, Objective difference: 0.09789965465183968, Loss: 177640.23749209038
  Epoch: 9, Objective difference: 0.15051986326431818, Loss: 151145.11584984363
  Epoch: 10, Objective difference: 0.056881227141131106, Loss: 142494.9159335466
  Epoch: 11, Objective difference: 5.849361351242545, Loss: 980063.6138991903
  Epoch: 12, Objective difference: 0.8683804109416517, Loss: 128516.14607071142
  Epoch: 13, Objective difference: 0.08024861481242217, Loss: 138457.9958583644
  Epoch: 14, Objective difference: 3.8687327608453037, Loss: 678166.5475779042
  Epoch: 15, Objective difference: 0.836079117149228, Loss: 110770.6002507753
  Epoch: 16, Objective difference: 0.2222248093820396, Loss: 86334.53473284948
  Epoch: 17, Objective difference: 5.701683598695295, Loss: 579595.9617540229
  Epoch: 18, Objective difference: 0.8113044312210655, Loss: 108820.64469726196
  Epoch: 19, Objective difference: 0.2736257618954794, Loss: 79290.48805238098
  Epoch: 20, Objective difference: 0.0361786318130089, Loss: 82121.49787372483

  SVM's Avg_accuracy: 0.7772
  SVM's Precision: 1
  SVM's Recall: 0.0
  SVM's F1-Value: 0.0

Depth: 10, Learning rate: 0.01, Tradeoff: 1000.0
  Epoch: 1, First Objective: 326809289.626566, Loss: 307035.43082615244
  Epoch: 2, Objective difference: 11.514934814785331, Loss: 4079241.392548136
  Epoch: 3, Objective difference: 0.24182533359594588, Loss: 3096008.5035809968
  Epoch: 4, Objective difference: 0.7325230034500988, Loss: 825447.256208517
  Epoch: 5, Objective difference: 0.422733674763183, Loss: 475674.7711651406
  Epoch: 6, Objective difference: 0.8572357075836311, Loss: 67974.59501910963
  Epoch: 7, Objective difference: 0.6867688288444491, Loss: 115093.93962006783
  Epoch: 8, Objective difference: 1.7350503162895643, Loss: 313941.22309146944
  Epoch: 9, Objective difference: 0.2838360997203853, Loss: 225140.9469665367
  Epoch: 10, Objective difference: 0.38576144646799737, Loss: 138529.90550125917
  Epoch: 11, Objective difference: 7.21027367112796, Loss: 1138367.32471098
  Epoch: 12, Objective difference: 0.7395112605517118, Loss: 295350.0146371231
  Epoch: 13, Objective difference: 0.03385813628784008, Loss: 304748.71523730806

  SVM's Avg_accuracy: 0.7772
  SVM's Precision: 1
  SVM's Recall: 0.0
  SVM's F1-Value: 0.0

Depth: 5, Learning rate: 0.01, Tradeoff: 100.0
  Epoch: 1, First Objective: 8611005.587051477, Loss: 84660.53818193843
  Epoch: 2, Objective difference: 3.592767403072024, Loss: 394715.7230787247
  Epoch: 3, Objective difference: 0.21867343588494717, Loss: 308632.07488841534
  Epoch: 4, Objective difference: 0.9013492783778626, Loss: 30370.776468051128
  Epoch: 5, Objective difference: 0.16747979183721579, Loss: 25315.951020037548
  Epoch: 6, Objective difference: 0.03608359720208475, Loss: 24364.754318847303

  SVM's Avg_accuracy: 0.7772
  SVM's Precision: 1
  SVM's Recall: 0.0
  SVM's F1-Value: 0.0

Depth: 10, Learning rate: 0.01, Tradeoff: 100.0
  Epoch: 1, First Objective: 5796867.789832763, Loss: 56427.50768947653
  Epoch: 2, Objective difference: 6.297478934770105, Loss: 421949.66329476825
  Epoch: 3, Objective difference: 0.2767001412532851, Loss: 305535.29708887445
  Epoch: 4, Objective difference: 0.9190492192293623, Loss: 24736.132499461637
  Epoch: 5, Objective difference: 0.935038419408728, Loss: 47681.49856463538
  Epoch: 6, Objective difference: 0.793703135245005, Loss: 9858.686599814799
  Epoch: 7, Objective difference: 2.949869675506817, Loss: 38973.01262534478
  Epoch: 8, Objective difference: 0.4906793200378004, Loss: 19816.80051347503
  Epoch: 9, Objective difference: 0.5640807258186287, Loss: 30977.212879786523
  Epoch: 10, Objective difference: 0.21076451304613547, Loss: 24509.89922044092
  Epoch: 11, Objective difference: 2.9628937558768698, Loss: 97196.0749790541
  Epoch: 12, Objective difference: 0.7495892915629168, Loss: 24262.734387363435
  Epoch: 13, Objective difference: 0.39442093143837675, Loss: 33803.2287322602
  Epoch: 14, Objective difference: 1.306596696748611, Loss: 78311.22508668982
  Epoch: 15, Objective difference: 0.8540525338529852, Loss: 11417.848321733909
  Epoch: 16, Objective difference: 1.52495796145185, Loss: 28832.748589768362
  Epoch: 17, Objective difference: 2.3383269111948475, Loss: 96334.50336227323
  Epoch: 18, Objective difference: 0.8251876972411074, Loss: 16784.930927582343
  Epoch: 19, Objective difference: 0.06669139611879998, Loss: 15718.191250309814
  Epoch: 20, Objective difference: 0.35953297790192934, Loss: 21345.391346637352
  Epoch: 21, Objective difference: 0.38914254290759553, Loss: 29561.90496327137
  Epoch: 22, Objective difference: 0.42951541543341326, Loss: 16933.34613840872
  Epoch: 23, Objective difference: 0.29116615356945447, Loss: 21851.927218457648
  Epoch: 24, Objective difference: 1.4693815992262393, Loss: 54000.90124374327
  Epoch: 25, Objective difference: 0.6078923063126417, Loss: 21137.067694898346
  Epoch: 26, Objective difference: 1.2479162977865974, Loss: 47617.31284079211
  Epoch: 27, Objective difference: 0.5228604619613066, Loss: 22679.059923643847
  Epoch: 28, Objective difference: 0.9212686863809525, Loss: 43638.49821858477
  Epoch: 29, Objective difference: 0.07075235935173176, Loss: 40565.64171642692
  Epoch: 30, Objective difference: 0.6502835089287596, Loss: 14180.564125298359
  Epoch: 31, Objective difference: 0.6797655892053411, Loss: 23830.744612421004
  Epoch: 32, Objective difference: 0.2456057740765706, Loss: 17969.813506883653
  Epoch: 33, Objective difference: 0.5006726882129042, Loss: 26952.273241567906
  Epoch: 34, Objective difference: 0.5326989845537023, Loss: 12593.33524732501
  Epoch: 35, Objective difference: 0.28163321450675644, Loss: 16127.100592127495
  Epoch: 36, Objective difference: 0.04143141010330937, Loss: 16804.805342876327

  SVM's Avg_accuracy: 0.7772
  SVM's Precision: 1
  SVM's Recall: 0.0
  SVM's F1-Value: 0.0

Depth: 5, Learning rate: 0.01, Tradeoff: 10.0
  Epoch: 1, First Objective: 158057.15106065548, Loss: 15652.265865542107
  Epoch: 2, Objective difference: 0.7617040913690837, Loss: 27828.577719463436
  Epoch: 3, Objective difference: 0.27996348668773136, Loss: 35617.30040289949
  Epoch: 4, Objective difference: 0.6177657758770145, Loss: 13559.990827083117
  Epoch: 5, Objective difference: 0.006938576299834036, Loss: 13667.788354307995

  SVM's Avg_accuracy: 0.7772
  SVM's Precision: 1
  SVM's Recall: 0.0
  SVM's F1-Value: 0.0

Depth: 10, Learning rate: 0.01, Tradeoff: 10.0
  Epoch: 1, First Objective: 110178.97317720442, Loss: 10765.984930483566
  Epoch: 2, Objective difference: 1.0363000725065812, Loss: 22390.398488885352
  Epoch: 3, Objective difference: 0.7096410941455649, Loss: 38224.41187946237
  Epoch: 4, Objective difference: 0.5732713080543552, Loss: 16291.415090552095
  Epoch: 5, Objective difference: 0.1451028257320521, Loss: 13906.25538172503
  Epoch: 6, Objective difference: 0.28557639982622024, Loss: 9959.773171124954
  Epoch: 7, Objective difference: 0.2907777842217325, Loss: 12843.167408283849
  Epoch: 8, Objective difference: 0.20090875969510075, Loss: 10277.417852406996
  Epoch: 9, Objective difference: 0.04799009730782561, Loss: 9784.614273908335

  SVM's Avg_accuracy: 0.7772
  SVM's Precision: 1
  SVM's Recall: 0.0
  SVM's F1-Value: 0.0

Depth: 5, Learning rate: 0.01, Tradeoff: 0.1
  Epoch: 1, First Objective: 1001.5756741348683, Loss: 8952.191516411056
  Epoch: 2, Objective difference: 0.004996478510089483, Loss: 8996.962124399344

  SVM's Avg_accuracy: 0.7772
  SVM's Precision: 1
  SVM's Recall: 0.0
  SVM's F1-Value: 0.0

Depth: 10, Learning rate: 0.01, Tradeoff: 0.1
  Epoch: 1, First Objective: 990.1795970011523, Loss: 8882.100050203977
  Epoch: 2, Objective difference: 0.009839765695034131, Loss: 9033.11705371743

  SVM's Avg_accuracy: 0.7772
  SVM's Precision: 1
  SVM's Recall: 0.0
  SVM's F1-Value: 0.0

Depth: 5, Learning rate: 0.01, Tradeoff: 0.01
  Epoch: 1, First Objective: 169.1808476716077, Loss: 14479.802646227141
  Epoch: 2, Objective difference: 0.0018614118639686352, Loss: 13379.625450602145

  SVM's Avg_accuracy: 0.7772
  SVM's Precision: 1
  SVM's Recall: 0.0
  SVM's F1-Value: 0.0

Depth: 10, Learning rate: 0.01, Tradeoff: 0.01
  Epoch: 1, First Objective: 169.27001958355706, Loss: 14475.730404057886
  Epoch: 2, Objective difference: 0.0016513695394640344, Loss: 13393.592356549423

  SVM's Avg_accuracy: 0.7772
  SVM's Precision: 1
  SVM's Recall: 0.0
  SVM's F1-Value: 0.0

Depth: 5, Learning rate: 0.01, Tradeoff: 0.001
  Epoch: 1, First Objective: 19.691808476716673, Loss: 19447.980264625363
  Epoch: 2, Objective difference: 0.00015992194805612207, Loss: 19337.962545064238

  SVM's Avg_accuracy: 0.7772
  SVM's Precision: 1
  SVM's Recall: 0.0
  SVM's F1-Value: 0.0

Depth: 10, Learning rate: 0.01, Tradeoff: 0.001
  Epoch: 1, First Objective: 19.692700195838242, Loss: 19447.573040406223
  Epoch: 2, Objective difference: 0.00014194465531225338, Loss: 19339.359235653814

  SVM's Avg_accuracy: 0.7772
  SVM's Precision: 1
  SVM's Recall: 0.0
  SVM's F1-Value: 0.0

Depth: 5, Learning rate: 0.01, Tradeoff: 0.0001
  Epoch: 1, First Objective: 1.9969180847666759, Loss: 19944.79802646564
  Epoch: 2, Objective difference: 1.5770062523036783e-05, Loss: 19933.796254509893

  SVM's Avg_accuracy: 0.7772
  SVM's Precision: 1
  SVM's Recall: 0.0
  SVM's F1-Value: 0.0

Depth: 10, Learning rate: 0.01, Tradeoff: 0.0001
  Epoch: 1, First Objective: 1.9969270019579937, Loss: 19944.757304044833
  Epoch: 2, Objective difference: 1.3997875386030275e-05, Loss: 19933.93592356736

  SVM's Avg_accuracy: 0.7772
  SVM's Precision: 1
  SVM's Recall: 0.0
  SVM's F1-Value: 0.0

Depth: 5, Learning rate: 0.001, Tradeoff: 10000.0
  Epoch: 1, First Objective: 10243784004.050056, Loss: 1018747.882241857
  Epoch: 2, Objective difference: 2.047498205788988, Loss: 3120149.79917063
  Epoch: 3, Objective difference: 0.1452873168613816, Loss: 2667722.5755613265
  Epoch: 4, Objective difference: 0.8668028399674789, Loss: 354963.2886682372
  Epoch: 5, Objective difference: 0.2908556539702749, Loss: 251837.5667735488
  Epoch: 6, Objective difference: 0.22868582495632603, Loss: 194318.09547596073
  Epoch: 7, Objective difference: 0.01806004573031693, Loss: 190773.953937577

  SVM's Avg_accuracy: 0.7772
  SVM's Precision: 1
  SVM's Recall: 0.0
  SVM's F1-Value: 0.0

Depth: 10, Learning rate: 0.001, Tradeoff: 10000.0
  Epoch: 1, First Objective: 17416498333.692196, Loss: 1736778.146852986
  Epoch: 2, Objective difference: 0.28280490699013794, Loss: 2233207.6675593094
  Epoch: 3, Objective difference: 0.19061044027103108, Loss: 2659610.6219637687
  Epoch: 4, Objective difference: 0.811107459641258, Loss: 501877.59316404496
  Epoch: 5, Objective difference: 0.29580039615114645, Loss: 353521.09909074375
  Epoch: 6, Objective difference: 0.6011690973538524, Loss: 141056.3479976625
  Epoch: 7, Objective difference: 0.3135515284384033, Loss: 185318.5962037504
  Epoch: 8, Objective difference: 0.43322629101441407, Loss: 265527.8845390348
  Epoch: 9, Objective difference: 0.15007067697153778, Loss: 225752.77315541293
  Epoch: 10, Objective difference: 0.5352512962670201, Loss: 104914.50338297503
  Epoch: 11, Objective difference: 5.949066072153385, Loss: 729186.6512763667
  Epoch: 12, Objective difference: 0.7752979669830871, Loss: 163772.82581380365
  Epoch: 13, Objective difference: 0.8556298667076836, Loss: 23617.121536730705
  Epoch: 14, Objective difference: 8.570681287732182, Loss: 226375.56598918763
  Epoch: 15, Objective difference: 0.39569132567359055, Loss: 136795.2091467946
  Epoch: 16, Objective difference: 0.6533712111146452, Loss: 47414.32117177818
  Epoch: 17, Objective difference: 2.5623300371157924, Loss: 168902.4162795116
  Epoch: 18, Objective difference: 0.875477248953631, Loss: 20992.088185874738
  Epoch: 19, Objective difference: 0.11101784470142159, Loss: 23361.519877062037
  Epoch: 20, Objective difference: 6.642975422810597, Loss: 178615.41021193395
  Epoch: 21, Objective difference: 0.1309789745121189, Loss: 201942.47911172773
  Epoch: 22, Objective difference: 0.4660843732708069, Loss: 107853.6911753074
  Epoch: 23, Objective difference: 0.6483647504200729, Loss: 177787.38898737115
  Epoch: 24, Objective difference: 0.6077497518841678, Loss: 69732.53583132963
  Epoch: 25, Objective difference: 0.8345642579922468, Loss: 127926.65725523392
  Epoch: 26, Objective difference: 0.618133622426569, Loss: 48853.45676636076
  Epoch: 27, Objective difference: 2.0906190977836783, Loss: 150982.30709155058
  Epoch: 28, Objective difference: 1.3594074841961694, Loss: 356294.77951770416
  Epoch: 29, Objective difference: 0.9360011970047839, Loss: 22798.846318826036
  Epoch: 30, Objective difference: 0.4035504580966416, Loss: 32004.446987822474
  Epoch: 31, Objective difference: 1.1059293785184816, Loss: 67399.20723853925
  Epoch: 32, Objective difference: 0.8570541380973962, Loss: 125161.01266571254
  Epoch: 33, Objective difference: 0.033722812294550174, Loss: 129372.90329238372

  SVM's Avg_accuracy: 0.7772
  SVM's Precision: 1
  SVM's Recall: 0.0
  SVM's F1-Value: 0.0

Depth: 5, Learning rate: 0.001, Tradeoff: 1000.0
  Epoch: 1, First Objective: 104808464.77406909, Loss: 104272.429467698
  Epoch: 2, Objective difference: 2.222182574437462, Loss: 337571.900403344
  Epoch: 3, Objective difference: 0.15460135777248638, Loss: 285454.0184028251
  Epoch: 4, Objective difference: 0.8809351889534465, Loss: 33971.26181920889
  Epoch: 5, Objective difference: 0.23298971524122367, Loss: 26063.07221867345
  Epoch: 6, Objective difference: 0.080526467394028, Loss: 28148.630813903816
  Epoch: 7, Objective difference: 0.31931979525652954, Loss: 19173.351918416633
  Epoch: 8, Objective difference: 0.2518369966146709, Loss: 14321.640624491924
  Epoch: 9, Objective difference: 1.0245461402722882, Loss: 29026.768185180226
  Epoch: 10, Objective difference: 0.4200908026556801, Loss: 16841.606447845064
  Epoch: 11, Objective difference: 0.27567335590261066, Loss: 21486.292933995683
  Epoch: 12, Objective difference: 0.26322903109261836, Loss: 27123.07144929142
  Epoch: 13, Objective difference: 0.42530374183744957, Loss: 15596.943138252147
  Epoch: 14, Objective difference: 0.36701418642338796, Loss: 9872.075078582231
  Epoch: 15, Objective difference: 0.314947251845936, Loss: 12954.796540301566
  Epoch: 16, Objective difference: 0.41325227446419616, Loss: 18344.75141981869
  Epoch: 17, Objective difference: 3.302525328330813, Loss: 78949.72174543598
  Epoch: 18, Objective difference: 0.8670108166939561, Loss: 10476.69008910924
  Epoch: 19, Objective difference: 0.6854453717617484, Loss: 17693.114773661062
  Epoch: 20, Objective difference: 0.25777260069169483, Loss: 13133.484405514913
  Epoch: 21, Objective difference: 0.26143243160846763, Loss: 9697.121138340013
  Epoch: 22, Objective difference: 1.4979705412876985, Loss: 24222.574458071787
  Epoch: 23, Objective difference: 0.5380452705811432, Loss: 11193.539066767977
  Epoch: 24, Objective difference: 3.8501145572660054, Loss: 54293.94790810717
  Epoch: 25, Objective difference: 0.8157912468140766, Loss: 9997.439665657197
  Epoch: 26, Objective difference: 6.053504233822473, Loss: 70540.1394354618
  Epoch: 27, Objective difference: 0.7804533153744302, Loss: 15484.899377374093
  Epoch: 28, Objective difference: 2.027121372878425, Loss: 46883.85839313807
  Epoch: 29, Objective difference: 0.7707813626834675, Loss: 10743.667590660365
  Epoch: 30, Objective difference: 0.5069081455369798, Loss: 16192.651780793234
  Epoch: 31, Objective difference: 1.2725412799084233, Loss: 36802.1936486704
  Epoch: 32, Objective difference: 0.4204439433364015, Loss: 21327.566623714174
  Epoch: 33, Objective difference: 0.006220681438423425, Loss: 21191.609157484483

  SVM's Avg_accuracy: 0.7772
  SVM's Precision: 1
  SVM's Recall: 0.0
  SVM's F1-Value: 0.0

Depth: 10, Learning rate: 0.001, Tradeoff: 1000.0
  Epoch: 1, First Objective: 177984163.13267916, Loss: 177529.67504580304
  Epoch: 2, Objective difference: 0.7430076364661992, Loss: 310044.63187018095
  Epoch: 3, Objective difference: 0.5343516473393991, Loss: 144423.3161293871
  Epoch: 4, Objective difference: 0.8071538857840312, Loss: 27847.541830510017
  Epoch: 5, Objective difference: 0.2938289342249132, Loss: 36034.14998903126
  Epoch: 6, Objective difference: 0.5349191813037465, Loss: 16755.395033876834
  Epoch: 7, Objective difference: 0.41715900061885575, Loss: 9769.334140980234
  Epoch: 8, Objective difference: 0.23476434249683842, Loss: 12055.316527539742
  Epoch: 9, Objective difference: 0.09231836031745923, Loss: 10934.825641824556
  Epoch: 10, Objective difference: 1.1862449996130948, Loss: 23934.868589618553
  Epoch: 11, Objective difference: 1.6540467934825616, Loss: 63531.82602419824
  Epoch: 12, Objective difference: 0.5692597850684722, Loss: 27357.25267387082
  Epoch: 13, Objective difference: 0.17295925902298104, Loss: 32088.486289088054
  Epoch: 14, Objective difference: 1.1371797716324916, Loss: 68600.81715386125
  Epoch: 15, Objective difference: 0.8379944748752031, Loss: 11106.089316935728
  Epoch: 16, Objective difference: 1.4968689231432244, Loss: 27747.363410830152
  Epoch: 17, Objective difference: 0.5542240016483675, Loss: 43129.19597705897
  Epoch: 18, Objective difference: 0.6092636260281716, Loss: 16847.08610905377
  Epoch: 19, Objective difference: 0.07400162175256442, Loss: 15603.747433864944
  Epoch: 20, Objective difference: 0.41367954489851183, Loss: 9147.847921617076
  Epoch: 21, Objective difference: 2.0032704988100205, Loss: 27468.000631239873
  Epoch: 22, Objective difference: 0.5651206506405492, Loss: 11950.268932414885
  Epoch: 23, Objective difference: 0.47089386243861925, Loss: 17575.6040842593
  Epoch: 24, Objective difference: 1.727212772070245, Loss: 47938.55035084688
  Epoch: 25, Objective difference: 0.7750108729266263, Loss: 10783.01218178493
  Epoch: 26, Objective difference: 4.525043870544827, Loss: 59592.55307414324
  Epoch: 27, Objective difference: 0.6038638716092725, Loss: 23602.29020337022
  Epoch: 28, Objective difference: 0.7527357783694144, Loss: 41374.78431090107
  Epoch: 29, Objective difference: 0.546691260238371, Loss: 18755.886849416962
  Epoch: 30, Objective difference: 0.14114235253404042, Loss: 21401.937457754233
  Epoch: 31, Objective difference: 0.5544190889734179, Loss: 33269.84700127512
  Epoch: 32, Objective difference: 0.5894089026602386, Loss: 13659.736756936196
  Epoch: 33, Objective difference: 0.6371271069239206, Loss: 22362.250294353165
  Epoch: 34, Objective difference: 0.5593388503299681, Loss: 9853.77198715329
  Epoch: 35, Objective difference: 0.06650944376336969, Loss: 9196.830730161784
  Epoch: 36, Objective difference: 0.30931127086991655, Loss: 12043.269399745894
  Epoch: 37, Objective difference: 1.6680325500979625, Loss: 32136.1733029454
  Epoch: 38, Objective difference: 0.5996815642291055, Loss: 12862.369215636416
  Epoch: 39, Objective difference: 0.2604841793173948, Loss: 9511.889342779876
  Epoch: 40, Objective difference: 0.6638492775663973, Loss: 15827.574719098906
  Epoch: 41, Objective difference: 0.006263551461688146, Loss: 15927.9435583672

  SVM's Avg_accuracy: 0.7772
  SVM's Precision: 1
  SVM's Recall: 0.0
  SVM's F1-Value: 0.0

Depth: 5, Learning rate: 0.001, Tradeoff: 100.0
  Epoch: 1, First Objective: 1340122.625906417, Loss: 13378.708899438612
  Epoch: 2, Objective difference: 0.7559530002414635, Loss: 23498.871358796223
  Epoch: 3, Objective difference: 0.0980848494599768, Loss: 21220.457665526967
  Epoch: 4, Objective difference: 0.2594239772884551, Loss: 15691.476457161778
  Epoch: 5, Objective difference: 0.13320200306998664, Loss: 13610.242762592221
  Epoch: 6, Objective difference: 0.08463504472625732, Loss: 12460.375464814637
  Epoch: 7, Objective difference: 0.12806949032687143, Loss: 10870.72102944277
  Epoch: 8, Objective difference: 0.5329042199797254, Loss: 16667.068276052003
  Epoch: 9, Objective difference: 0.45220650682387176, Loss: 9129.78658051419
  Epoch: 10, Objective difference: 0.02563672734306749, Loss: 8895.881466646024

  SVM's Avg_accuracy: 0.7772
  SVM's Precision: 1
  SVM's Recall: 0.0
  SVM's F1-Value: 0.0

Depth: 10, Learning rate: 0.001, Tradeoff: 100.0
  Epoch: 1, First Objective: 1011901.0151614078, Loss: 10077.33043769237
  Epoch: 2, Objective difference: 0.6741072409101057, Loss: 16937.610293263773
  Epoch: 3, Objective difference: 1.1419133424124839, Loss: 36261.0278623806
  Epoch: 4, Objective difference: 0.639338960951207, Loss: 13078.289774852969
  Epoch: 5, Objective difference: 0.11865334186445722, Loss: 14628.32645919317
  Epoch: 6, Objective difference: 0.012685682595692076, Loss: 14441.076323401603

  SVM's Avg_accuracy: 0.7772
  SVM's Precision: 1
  SVM's Recall: 0.0
  SVM's F1-Value: 0.0

Depth: 5, Learning rate: 0.001, Tradeoff: 10.0
  Epoch: 1, First Objective: 92327.10095441806, Loss: 9216.680552839029
  Epoch: 2, Objective difference: 0.039710287277122565, Loss: 9589.630897291498

  SVM's Avg_accuracy: 0.7772
  SVM's Precision: 1
  SVM's Recall: 0.0
  SVM's F1-Value: 0.0

Depth: 10, Learning rate: 0.001, Tradeoff: 10.0
  Epoch: 1, First Objective: 95181.81558573003, Loss: 9500.233956004739
  Epoch: 2, Objective difference: 0.0860450010473744, Loss: 10328.528466513113
  Epoch: 3, Objective difference: 0.019003349108674666, Loss: 10130.952666561046

  SVM's Avg_accuracy: 0.7772
  SVM's Precision: 1
  SVM's Recall: 0.0
  SVM's F1-Value: 0.0

Depth: 5, Learning rate: 0.001, Tradeoff: 0.1
  Epoch: 1, First Objective: 982.6104826459477, Loss: 8824.016839719687
  Epoch: 2, Objective difference: 0.0014439160222343185, Loss: 8844.532135553307

  SVM's Avg_accuracy: 0.7772
  SVM's Precision: 1
  SVM's Recall: 0.0
  SVM's F1-Value: 0.0

Depth: 10, Learning rate: 0.001, Tradeoff: 0.1
  Epoch: 1, First Objective: 986.8054998545987, Loss: 8858.728670500419
  Epoch: 2, Objective difference: 0.00025125484171429133, Loss: 8870.58915003151

  SVM's Avg_accuracy: 0.7772
  SVM's Precision: 1
  SVM's Recall: 0.0
  SVM's F1-Value: 0.0

Depth: 5, Learning rate: 0.001, Tradeoff: 0.01
  Epoch: 1, First Objective: 168.76715793650638, Loss: 13873.260926012315
  Epoch: 2, Objective difference: 1.9874436547492592e-05, Loss: 13854.665730194456

  SVM's Avg_accuracy: 0.7772
  SVM's Precision: 1
  SVM's Recall: 0.0
  SVM's F1-Value: 0.0

Depth: 10, Learning rate: 0.001, Tradeoff: 0.01
  Epoch: 1, First Objective: 168.88416680060118, Loss: 13891.996379162998
  Epoch: 2, Objective difference: 1.6644821303722397e-05, Loss: 13876.236609617948

  SVM's Avg_accuracy: 0.7772
  SVM's Precision: 1
  SVM's Recall: 0.0
  SVM's F1-Value: 0.0

Depth: 5, Learning rate: 0.001, Tradeoff: 0.001
  Epoch: 1, First Objective: 19.687671579360604, Loss: 19387.326092602234
  Epoch: 2, Objective difference: 1.7036813145010419e-06, Loss: 19385.466573014106

  SVM's Avg_accuracy: 0.7772
  SVM's Precision: 1
  SVM's Recall: 0.0
  SVM's F1-Value: 0.0

Depth: 10, Learning rate: 0.001, Tradeoff: 0.001
  Epoch: 1, First Objective: 19.688841668012905, Loss: 19389.199637916765
  Epoch: 2, Objective difference: 1.4277363928139097e-06, Loss: 19387.6236609637

  SVM's Avg_accuracy: 0.7772
  SVM's Precision: 1
  SVM's Recall: 0.0
  SVM's F1-Value: 0.0

Depth: 5, Learning rate: 0.001, Tradeoff: 0.0001
  Epoch: 1, First Objective: 1.9968767157944352, Loss: 19938.732609258495
  Epoch: 2, Objective difference: 1.6797003845452642e-07, Loss: 19938.546657301056

  SVM's Avg_accuracy: 0.7772
  SVM's Precision: 1
  SVM's Recall: 0.0
  SVM's F1-Value: 0.0

Depth: 10, Learning rate: 0.001, Tradeoff: 0.0001
  Epoch: 1, First Objective: 1.9968884166805267, Loss: 19938.919963794706
  Epoch: 2, Objective difference: 1.4077171504712408e-07, Loss: 19938.762366093317

  SVM's Avg_accuracy: 0.7772
  SVM's Precision: 1
  SVM's Recall: 0.0
  SVM's F1-Value: 0.0

Depth: 5, Learning rate: 0.0001, Tradeoff: 10000.0
  Epoch: 1, First Objective: 235186685.62052378, Loss: 23366.950048810348
  Epoch: 2, Objective difference: 8.099996820185245, Loss: 213986.78325838092
  Epoch: 3, Objective difference: 0.6416614860964922, Loss: 351343.4077048523
  Epoch: 4, Objective difference: 0.7521791780038644, Loss: 87062.92729623201
  Epoch: 5, Objective difference: 0.10137683569657735, Loss: 78236.4539712398
  Epoch: 6, Objective difference: 0.1815642392365922, Loss: 64034.123451753934
  Epoch: 7, Objective difference: 0.07176991644224731, Loss: 59438.02699518205
  Epoch: 8, Objective difference: 0.8166266948018452, Loss: 10897.021354484214
  Epoch: 9, Objective difference: 3.740578885982654, Loss: 51667.01369222554
  Epoch: 10, Objective difference: 0.07530375429592277, Loss: 47777.035665218405
  Epoch: 11, Objective difference: 0.6630087190170941, Loss: 16100.021357866251
  Epoch: 12, Objective difference: 1.5135846747615955, Loss: 40469.809766098035
  Epoch: 13, Objective difference: 0.7504735653058948, Loss: 10095.909566956987
  Epoch: 14, Objective difference: 0.044561141004093224, Loss: 10545.883822266145

  SVM's Avg_accuracy: 0.7748
  SVM's Precision: 0.425
  SVM's Recall: 0.03052064631956912
  SVM's F1-Value: 0.05695142378559463

Depth: 10, Learning rate: 0.0001, Tradeoff: 10000.0
  Epoch: 1, First Objective: 1717329107.2260883, Loss: 171643.77106762948
  Epoch: 2, Objective difference: 0.6790477841188136, Loss: 55113.73379350282
  Epoch: 3, Objective difference: 5.041367657062784, Loss: 332980.19500259834
  Epoch: 4, Objective difference: 0.8889141994217005, Loss: 36988.92946669227
  Epoch: 5, Objective difference: 0.8115060880997663, Loss: 67001.66823421078
  Epoch: 6, Objective difference: 0.6023993542394968, Loss: 26641.88730696487
  Epoch: 7, Objective difference: 0.15099510955413634, Loss: 22619.221424889904
  Epoch: 8, Objective difference: 0.23234562770246286, Loss: 17362.600847773814
  Epoch: 9, Objective difference: 0.18903155092775337, Loss: 20645.564945129474
  Epoch: 10, Objective difference: 0.4102021737577409, Loss: 12177.058449305468
  Epoch: 11, Objective difference: 4.604951905693219, Loss: 68251.99893299499
  Epoch: 12, Objective difference: 0.6524583906864488, Loss: 23719.442697823113
  Epoch: 13, Objective difference: 0.5908772906467574, Loss: 9704.300651599082
  Epoch: 14, Objective difference: 0.22562361574642442, Loss: 11893.497108912961
  Epoch: 15, Objective difference: 0.13168598242107254, Loss: 10327.286611378728
  Epoch: 16, Objective difference: 1.910953042648774, Loss: 30063.54415289758
  Epoch: 17, Objective difference: 1.9622495553659554, Loss: 89056.71257531899
  Epoch: 18, Objective difference: 0.7808242410268726, Loss: 19518.583359757366
  Epoch: 19, Objective difference: 0.23202317639008743, Loss: 24047.774639724343
  Epoch: 20, Objective difference: 0.07653583071161951, Loss: 25888.070333766605
  Epoch: 21, Objective difference: 0.17839428568501078, Loss: 30505.62439227686
  Epoch: 22, Objective difference: 0.3575824772684537, Loss: 19598.12381731151
  Epoch: 23, Objective difference: 0.40007513236594966, Loss: 27438.2192809499
  Epoch: 24, Objective difference: 1.513806159731543, Loss: 68975.98545463856
  Epoch: 25, Objective difference: 0.7859484943976824, Loss: 14764.22482515917
  Epoch: 26, Objective difference: 3.4339114819491883, Loss: 65464.104506350144
  Epoch: 27, Objective difference: 0.7724574678555629, Loss: 14895.51894095612
  Epoch: 28, Objective difference: 1.8223004286397753, Loss: 42040.68863245535
  Epoch: 29, Objective difference: 0.6865151198630012, Loss: 13179.141699268857
  Epoch: 30, Objective difference: 0.06975078258445563, Loss: 12259.89340509877
  Epoch: 31, Objective difference: 2.6383074447213577, Loss: 44605.35938633141
  Epoch: 32, Objective difference: 0.7557721778763417, Loss: 10893.852553535049
  Epoch: 33, Objective difference: 1.2953380069248903, Loss: 25004.881547796464
  Epoch: 34, Objective difference: 0.43207917184638706, Loss: 35809.1277627675
  Epoch: 35, Objective difference: 0.5849246023998035, Loss: 14863.327894782422
  Epoch: 36, Objective difference: 0.32710176122865503, Loss: 10001.455788529742
  Epoch: 37, Objective difference: 2.4058243786545446, Loss: 34063.910440765656
  Epoch: 38, Objective difference: 0.5439188165866944, Loss: 15535.550985490621
  Epoch: 39, Objective difference: 0.13582679652827412, Loss: 13425.631056437556
  Epoch: 40, Objective difference: 0.18293197182485021, Loss: 10969.621321846314
  Epoch: 41, Objective difference: 0.2751020607399173, Loss: 13987.464332311076
  Epoch: 42, Objective difference: 0.11581932835435586, Loss: 12367.43993672566
  Epoch: 43, Objective difference: 0.11384917391484935, Loss: 10959.320972911428
  Epoch: 44, Objective difference: 0.54060705968146, Loss: 16884.032519025106
  Epoch: 45, Objective difference: 0.4153685537421244, Loss: 9870.997543668927
  Epoch: 46, Objective difference: 0.713595208835769, Loss: 16914.799473985648
  Epoch: 47, Objective difference: 0.372860308378487, Loss: 10607.99258108689
  Epoch: 48, Objective difference: 0.1351529955529063, Loss: 9174.274156807149
  Epoch: 49, Objective difference: 0.18165086866360536, Loss: 10840.741475572506
  Epoch: 50, Objective difference: 0.22971056839754928, Loss: 13330.915133806224
  Epoch: 51, Objective difference: 1.2363916235116916, Loss: 29813.57791071811
  Epoch: 52, Objective difference: 0.5267945364179072, Loss: 14107.945495873002
  Epoch: 53, Objective difference: 0.035818115257631386, Loss: 13602.470080325025

  SVM's Avg_accuracy: 0.7772
  SVM's Precision: 1
  SVM's Recall: 0.0
  SVM's F1-Value: 0.0

Depth: 5, Learning rate: 0.0001, Tradeoff: 1000.0
  Epoch: 1, First Objective: 28008971.343099672, Loss: 27986.92967467286
  Epoch: 2, Objective difference: 0.2566231225459077, Loss: 20817.067077894724
  Epoch: 3, Objective difference: 0.3175328877429942, Loss: 14209.50329299828
  Epoch: 4, Objective difference: 0.218615114357493, Loss: 17314.141148602117
  Epoch: 5, Objective difference: 0.48279555315437894, Loss: 8954.516221007969
  Epoch: 6, Objective difference: 0.45890709740355584, Loss: 13064.732233226901
  Epoch: 7, Objective difference: 0.22089775125714123, Loss: 10179.589023485296
  Epoch: 8, Objective difference: 0.9210839494665848, Loss: 19556.16470238259
  Epoch: 9, Objective difference: 0.5387551489314374, Loss: 9019.719816004099
  Epoch: 10, Objective difference: 0.3669225990450137, Loss: 12329.120170293596
  Epoch: 11, Objective difference: 0.8546966479457294, Loss: 22868.214918789512
  Epoch: 12, Objective difference: 0.5874136860598875, Loss: 9434.952852995066
  Epoch: 13, Objective difference: 0.05342024802877963, Loss: 8930.922107550296
  Epoch: 14, Objective difference: 0.00920787803635103, Loss: 9012.959637127362

  SVM's Avg_accuracy: 0.7772
  SVM's Precision: 1
  SVM's Recall: 0.0
  SVM's F1-Value: 0.0

Depth: 10, Learning rate: 0.0001, Tradeoff: 1000.0
  Epoch: 1, First Objective: 18936045.422916282, Loss: 18927.051106944728
  Epoch: 2, Objective difference: 0.32880736366017954, Loss: 25159.68865086117
  Epoch: 3, Objective difference: 0.5076369916156399, Loss: 37934.008502325494
  Epoch: 4, Objective difference: 0.5686667990040504, Loss: 16361.835977889006
  Epoch: 5, Objective difference: 0.4364705993586844, Loss: 9220.39227038571
  Epoch: 6, Objective difference: 0.010589156093986586, Loss: 9122.275714409001

  SVM's Avg_accuracy: 0.7772
  SVM's Precision: 1
  SVM's Recall: 0.0
  SVM's F1-Value: 0.0

Depth: 5, Learning rate: 0.0001, Tradeoff: 100.0
  Epoch: 1, First Objective: 894835.7761887452, Loss: 8947.23075288524
  Epoch: 2, Objective difference: 0.39439645440821786, Loss: 12477.05590795046
  Epoch: 3, Objective difference: 0.18525245374510435, Loss: 10165.28361160245
  Epoch: 4, Objective difference: 0.09459636898530417, Loss: 9203.182096361183
  Epoch: 5, Objective difference: 0.010039986223488175, Loss: 9110.831005763586

  SVM's Avg_accuracy: 0.7772
  SVM's Precision: 1
  SVM's Recall: 0.0
  SVM's F1-Value: 0.0

Depth: 10, Learning rate: 0.0001, Tradeoff: 100.0
  Epoch: 1, First Objective: 914430.1542737696, Loss: 9142.89953674059
  Epoch: 2, Objective difference: 0.25018644040098303, Loss: 11431.215595416134
  Epoch: 3, Objective difference: 0.1650850906354189, Loss: 9543.771548393104
  Epoch: 4, Objective difference: 0.00643456353361285, Loss: 9481.774524412032

  SVM's Avg_accuracy: 0.7772
  SVM's Precision: 1
  SVM's Recall: 0.0
  SVM's F1-Value: 0.0

Depth: 5, Learning rate: 0.0001, Tradeoff: 10.0
  Epoch: 1, First Objective: 88852.60184650734, Loss: 8874.94652410771
  Epoch: 2, Objective difference: 0.008481037687184783, Loss: 8950.740091384601

  SVM's Avg_accuracy: 0.7772
  SVM's Precision: 1
  SVM's Recall: 0.0
  SVM's F1-Value: 0.0

Depth: 10, Learning rate: 0.0001, Tradeoff: 10.0
  Epoch: 1, First Objective: 89175.53218453235, Loss: 8904.041945653098
  Epoch: 2, Objective difference: 0.02371776221148297, Loss: 9115.256218360102

  SVM's Avg_accuracy: 0.7772
  SVM's Precision: 1
  SVM's Recall: 0.0
  SVM's F1-Value: 0.0

Depth: 5, Learning rate: 0.0001, Tradeoff: 0.1
  Epoch: 1, First Objective: 982.3105346441689, Loss: 8822.181333912946
  Epoch: 2, Objective difference: 0.00018432085641729144, Loss: 8821.364472477919

  SVM's Avg_accuracy: 0.7772
  SVM's Precision: 1
  SVM's Recall: 0.0
  SVM's F1-Value: 0.0

Depth: 10, Learning rate: 0.0001, Tradeoff: 0.1
  Epoch: 1, First Objective: 984.3909941325235, Loss: 8842.847722687642
  Epoch: 2, Objective difference: 0.0001275190564723448, Loss: 8842.613181880653

  SVM's Avg_accuracy: 0.7772
  SVM's Precision: 1
  SVM's Recall: 0.0
  SVM's F1-Value: 0.0

Depth: 5, Learning rate: 0.0001, Tradeoff: 0.01
  Epoch: 1, First Objective: 172.99345518003034, Loss: 16052.548354610492
  Epoch: 2, Objective difference: 0.01798876013364956, Loss: 14937.49189148114

  SVM's Avg_accuracy: 0.7772
  SVM's Precision: 1
  SVM's Recall: 0.0
  SVM's F1-Value: 0.0

Depth: 10, Learning rate: 0.0001, Tradeoff: 0.01
  Epoch: 1, First Objective: 173.0964083146883, Loss: 16067.735798728778
  Epoch: 2, Objective difference: 0.017915287319364873, Loss: 14956.709852908814

  SVM's Avg_accuracy: 0.7772
  SVM's Precision: 1
  SVM's Recall: 0.0
  SVM's F1-Value: 0.0

Depth: 5, Learning rate: 0.0001, Tradeoff: 0.001
  Epoch: 1, First Objective: 19.729934551792052, Loss: 19605.254835458025
  Epoch: 2, Objective difference: 0.0015772671527782506, Loss: 19493.74918914987

  SVM's Avg_accuracy: 0.7772
  SVM's Precision: 1
  SVM's Recall: 0.0
  SVM's F1-Value: 0.0

Depth: 10, Learning rate: 0.0001, Tradeoff: 0.001
  Epoch: 1, First Objective: 19.73096408314832, Loss: 19606.77357986843
  Epoch: 2, Objective difference: 0.0015716778339821033, Loss: 19495.670985294335

  SVM's Avg_accuracy: 0.7772
  SVM's Precision: 1
  SVM's Recall: 0.0
  SVM's F1-Value: 0.0

Depth: 5, Learning rate: 0.0001, Tradeoff: 0.0001
  Epoch: 1, First Objective: 1.9972993455176633, Loss: 19960.525483549314
  Epoch: 2, Objective difference: 0.000155807279502932, Loss: 19949.374918914633

  SVM's Avg_accuracy: 0.7772
  SVM's Precision: 1
  SVM's Recall: 0.0
  SVM's F1-Value: 0.0

Depth: 10, Learning rate: 0.0001, Tradeoff: 0.0001
  Epoch: 1, First Objective: 1.9973096408315196, Loss: 19960.677357987533
  Epoch: 2, Objective difference: 0.0001552624502326672, Loss: 19949.567098528907

  SVM's Avg_accuracy: 0.7772
  SVM's Precision: 1
  SVM's Recall: 0.0
  SVM's F1-Value: 0.0
