2024-02-12 19:14:09,788  DEBUG                   utils.py# 29  Start logging
2024-02-12 19:14:09,798  DEBUG   aggressive_perceptron.py#138  --------------------------------------------------
2024-02-12 19:14:09,799  DEBUG   aggressive_perceptron.py#139  Cross Validation Training
2024-02-12 19:14:09,799  DEBUG   aggressive_perceptron.py#151  Margin: 1   Learning rate: 1
2024-02-12 19:14:09,799  DEBUG   aggressive_perceptron.py#156    Cross validation 0
2024-02-12 19:14:09,813  DEBUG   aggressive_perceptron.py# 74      Epoch:  1    Accuracy: 0.4666666666666667
2024-02-12 19:14:09,826  DEBUG   aggressive_perceptron.py# 74      Epoch:  2    Accuracy: 0.47333333333333333
2024-02-12 19:14:09,839  DEBUG   aggressive_perceptron.py# 74      Epoch:  3    Accuracy: 0.3933333333333333
2024-02-12 19:14:09,853  DEBUG   aggressive_perceptron.py# 74      Epoch:  4    Accuracy: 0.5266666666666666
2024-02-12 19:14:09,866  DEBUG   aggressive_perceptron.py# 74      Epoch:  5    Accuracy: 0.5533333333333333
2024-02-12 19:14:09,880  DEBUG   aggressive_perceptron.py# 74      Epoch:  6    Accuracy: 0.46
2024-02-12 19:14:09,893  DEBUG   aggressive_perceptron.py# 74      Epoch:  7    Accuracy: 0.4666666666666667
2024-02-12 19:14:09,906  DEBUG   aggressive_perceptron.py# 74      Epoch:  8    Accuracy: 0.54
2024-02-12 19:14:09,920  DEBUG   aggressive_perceptron.py# 74      Epoch:  9    Accuracy: 0.5533333333333333
2024-02-12 19:14:09,933  DEBUG   aggressive_perceptron.py# 74      Epoch: 10    Accuracy: 0.52
2024-02-12 19:14:09,933  DEBUG   aggressive_perceptron.py# 81      Best Epoch:  9    Test Fold Accuracy: 0.5533333333333333
2024-02-12 19:14:09,933  DEBUG   aggressive_perceptron.py#167  
2024-02-12 19:14:09,933  DEBUG   aggressive_perceptron.py#156    Cross validation 1
2024-02-12 19:14:09,947  DEBUG   aggressive_perceptron.py# 74      Epoch:  1    Accuracy: 0.49333333333333335
2024-02-12 19:14:09,960  DEBUG   aggressive_perceptron.py# 74      Epoch:  2    Accuracy: 0.5733333333333334
2024-02-12 19:14:09,974  DEBUG   aggressive_perceptron.py# 74      Epoch:  3    Accuracy: 0.48
2024-02-12 19:14:09,987  DEBUG   aggressive_perceptron.py# 74      Epoch:  4    Accuracy: 0.4533333333333333
2024-02-12 19:14:10,001  DEBUG   aggressive_perceptron.py# 74      Epoch:  5    Accuracy: 0.6333333333333333
2024-02-12 19:14:10,014  DEBUG   aggressive_perceptron.py# 74      Epoch:  6    Accuracy: 0.5133333333333333
2024-02-12 19:14:10,027  DEBUG   aggressive_perceptron.py# 74      Epoch:  7    Accuracy: 0.52
2024-02-12 19:14:10,041  DEBUG   aggressive_perceptron.py# 74      Epoch:  8    Accuracy: 0.43333333333333335
2024-02-12 19:14:10,054  DEBUG   aggressive_perceptron.py# 74      Epoch:  9    Accuracy: 0.49333333333333335
2024-02-12 19:14:10,068  DEBUG   aggressive_perceptron.py# 74      Epoch: 10    Accuracy: 0.4666666666666667
2024-02-12 19:14:10,068  DEBUG   aggressive_perceptron.py# 81      Best Epoch:  5    Test Fold Accuracy: 0.6333333333333333
2024-02-12 19:14:10,068  DEBUG   aggressive_perceptron.py#167  
2024-02-12 19:14:10,068  DEBUG   aggressive_perceptron.py#156    Cross validation 2
2024-02-12 19:14:10,081  DEBUG   aggressive_perceptron.py# 74      Epoch:  1    Accuracy: 0.46
2024-02-12 19:14:10,094  DEBUG   aggressive_perceptron.py# 74      Epoch:  2    Accuracy: 0.37333333333333335
2024-02-12 19:14:10,108  DEBUG   aggressive_perceptron.py# 74      Epoch:  3    Accuracy: 0.49333333333333335
2024-02-12 19:14:10,121  DEBUG   aggressive_perceptron.py# 74      Epoch:  4    Accuracy: 0.6
2024-02-12 19:14:10,135  DEBUG   aggressive_perceptron.py# 74      Epoch:  5    Accuracy: 0.42
2024-02-12 19:14:10,148  DEBUG   aggressive_perceptron.py# 74      Epoch:  6    Accuracy: 0.6066666666666667
2024-02-12 19:14:10,161  DEBUG   aggressive_perceptron.py# 74      Epoch:  7    Accuracy: 0.6
2024-02-12 19:14:10,175  DEBUG   aggressive_perceptron.py# 74      Epoch:  8    Accuracy: 0.4866666666666667
2024-02-12 19:14:10,188  DEBUG   aggressive_perceptron.py# 74      Epoch:  9    Accuracy: 0.58
2024-02-12 19:14:10,202  DEBUG   aggressive_perceptron.py# 74      Epoch: 10    Accuracy: 0.6666666666666666
2024-02-12 19:14:10,202  DEBUG   aggressive_perceptron.py# 81      Best Epoch: 10    Test Fold Accuracy: 0.6666666666666666
2024-02-12 19:14:10,202  DEBUG   aggressive_perceptron.py#167  
2024-02-12 19:14:10,202  DEBUG   aggressive_perceptron.py#156    Cross validation 3
2024-02-12 19:14:10,215  DEBUG   aggressive_perceptron.py# 74      Epoch:  1    Accuracy: 0.56
2024-02-12 19:14:10,228  DEBUG   aggressive_perceptron.py# 74      Epoch:  2    Accuracy: 0.43333333333333335
2024-02-12 19:14:10,242  DEBUG   aggressive_perceptron.py# 74      Epoch:  3    Accuracy: 0.49333333333333335
2024-02-12 19:14:10,255  DEBUG   aggressive_perceptron.py# 74      Epoch:  4    Accuracy: 0.5866666666666667
2024-02-12 19:14:10,269  DEBUG   aggressive_perceptron.py# 74      Epoch:  5    Accuracy: 0.58
2024-02-12 19:14:10,282  DEBUG   aggressive_perceptron.py# 74      Epoch:  6    Accuracy: 0.4666666666666667
2024-02-12 19:14:10,295  DEBUG   aggressive_perceptron.py# 74      Epoch:  7    Accuracy: 0.47333333333333333
2024-02-12 19:14:10,309  DEBUG   aggressive_perceptron.py# 74      Epoch:  8    Accuracy: 0.5666666666666667
2024-02-12 19:14:10,322  DEBUG   aggressive_perceptron.py# 74      Epoch:  9    Accuracy: 0.5333333333333333
2024-02-12 19:14:10,335  DEBUG   aggressive_perceptron.py# 74      Epoch: 10    Accuracy: 0.5533333333333333
2024-02-12 19:14:10,335  DEBUG   aggressive_perceptron.py# 81      Best Epoch:  4    Test Fold Accuracy: 0.5866666666666667
2024-02-12 19:14:10,335  DEBUG   aggressive_perceptron.py#167  
2024-02-12 19:14:10,335  DEBUG   aggressive_perceptron.py#156    Cross validation 4
2024-02-12 19:14:10,349  DEBUG   aggressive_perceptron.py# 74      Epoch:  1    Accuracy: 0.47333333333333333
2024-02-12 19:14:10,362  DEBUG   aggressive_perceptron.py# 74      Epoch:  2    Accuracy: 0.5066666666666667
2024-02-12 19:14:10,376  DEBUG   aggressive_perceptron.py# 74      Epoch:  3    Accuracy: 0.49333333333333335
2024-02-12 19:14:10,389  DEBUG   aggressive_perceptron.py# 74      Epoch:  4    Accuracy: 0.4866666666666667
2024-02-12 19:14:10,402  DEBUG   aggressive_perceptron.py# 74      Epoch:  5    Accuracy: 0.5933333333333334
2024-02-12 19:14:10,416  DEBUG   aggressive_perceptron.py# 74      Epoch:  6    Accuracy: 0.5
2024-02-12 19:14:10,430  DEBUG   aggressive_perceptron.py# 74      Epoch:  7    Accuracy: 0.5333333333333333
2024-02-12 19:14:10,443  DEBUG   aggressive_perceptron.py# 74      Epoch:  8    Accuracy: 0.44
2024-02-12 19:14:10,456  DEBUG   aggressive_perceptron.py# 74      Epoch:  9    Accuracy: 0.48
2024-02-12 19:14:10,470  DEBUG   aggressive_perceptron.py# 74      Epoch: 10    Accuracy: 0.41333333333333333
2024-02-12 19:14:10,470  DEBUG   aggressive_perceptron.py# 81      Best Epoch:  5    Test Fold Accuracy: 0.5933333333333334
2024-02-12 19:14:10,470  DEBUG   aggressive_perceptron.py#167  
2024-02-12 19:14:10,470  DEBUG   aggressive_perceptron.py#169  
2024-02-12 19:14:10,470  DEBUG   aggressive_perceptron.py#151  Margin: 1   Learning rate: 0.1
2024-02-12 19:14:10,470  DEBUG   aggressive_perceptron.py#156    Cross validation 0
2024-02-12 19:14:10,483  DEBUG   aggressive_perceptron.py# 74      Epoch:  1    Accuracy: 0.43333333333333335
2024-02-12 19:14:10,497  DEBUG   aggressive_perceptron.py# 74      Epoch:  2    Accuracy: 0.54
2024-02-12 19:14:10,510  DEBUG   aggressive_perceptron.py# 74      Epoch:  3    Accuracy: 0.6133333333333333
2024-02-12 19:14:10,523  DEBUG   aggressive_perceptron.py# 74      Epoch:  4    Accuracy: 0.4666666666666667
2024-02-12 19:14:10,537  DEBUG   aggressive_perceptron.py# 74      Epoch:  5    Accuracy: 0.44666666666666666
2024-02-12 19:14:10,550  DEBUG   aggressive_perceptron.py# 74      Epoch:  6    Accuracy: 0.49333333333333335
2024-02-12 19:14:10,564  DEBUG   aggressive_perceptron.py# 74      Epoch:  7    Accuracy: 0.4866666666666667
2024-02-12 19:14:10,577  DEBUG   aggressive_perceptron.py# 74      Epoch:  8    Accuracy: 0.43333333333333335
2024-02-12 19:14:10,590  DEBUG   aggressive_perceptron.py# 74      Epoch:  9    Accuracy: 0.42
2024-02-12 19:14:10,604  DEBUG   aggressive_perceptron.py# 74      Epoch: 10    Accuracy: 0.5866666666666667
2024-02-12 19:14:10,604  DEBUG   aggressive_perceptron.py# 81      Best Epoch:  3    Test Fold Accuracy: 0.6133333333333333
2024-02-12 19:14:10,604  DEBUG   aggressive_perceptron.py#167  
2024-02-12 19:14:10,604  DEBUG   aggressive_perceptron.py#156    Cross validation 1
2024-02-12 19:14:10,617  DEBUG   aggressive_perceptron.py# 74      Epoch:  1    Accuracy: 0.5533333333333333
2024-02-12 19:14:10,631  DEBUG   aggressive_perceptron.py# 74      Epoch:  2    Accuracy: 0.5533333333333333
2024-02-12 19:14:10,644  DEBUG   aggressive_perceptron.py# 74      Epoch:  3    Accuracy: 0.49333333333333335
2024-02-12 19:14:10,657  DEBUG   aggressive_perceptron.py# 74      Epoch:  4    Accuracy: 0.4866666666666667
2024-02-12 19:14:10,671  DEBUG   aggressive_perceptron.py# 74      Epoch:  5    Accuracy: 0.5666666666666667
2024-02-12 19:14:10,684  DEBUG   aggressive_perceptron.py# 74      Epoch:  6    Accuracy: 0.4266666666666667
2024-02-12 19:14:10,698  DEBUG   aggressive_perceptron.py# 74      Epoch:  7    Accuracy: 0.5133333333333333
2024-02-12 19:14:10,711  DEBUG   aggressive_perceptron.py# 74      Epoch:  8    Accuracy: 0.38
2024-02-12 19:14:10,725  DEBUG   aggressive_perceptron.py# 74      Epoch:  9    Accuracy: 0.5266666666666666
2024-02-12 19:14:10,738  DEBUG   aggressive_perceptron.py# 74      Epoch: 10    Accuracy: 0.5133333333333333
2024-02-12 19:14:10,738  DEBUG   aggressive_perceptron.py# 81      Best Epoch:  5    Test Fold Accuracy: 0.5666666666666667
2024-02-12 19:14:10,738  DEBUG   aggressive_perceptron.py#167  
2024-02-12 19:14:10,738  DEBUG   aggressive_perceptron.py#156    Cross validation 2
2024-02-12 19:14:10,751  DEBUG   aggressive_perceptron.py# 74      Epoch:  1    Accuracy: 0.47333333333333333
2024-02-12 19:14:10,765  DEBUG   aggressive_perceptron.py# 74      Epoch:  2    Accuracy: 0.46
2024-02-12 19:14:10,778  DEBUG   aggressive_perceptron.py# 74      Epoch:  3    Accuracy: 0.5
2024-02-12 19:14:10,792  DEBUG   aggressive_perceptron.py# 74      Epoch:  4    Accuracy: 0.47333333333333333
2024-02-12 19:14:10,805  DEBUG   aggressive_perceptron.py# 74      Epoch:  5    Accuracy: 0.43333333333333335
2024-02-12 19:14:10,818  DEBUG   aggressive_perceptron.py# 74      Epoch:  6    Accuracy: 0.3933333333333333
2024-02-12 19:14:10,832  DEBUG   aggressive_perceptron.py# 74      Epoch:  7    Accuracy: 0.43333333333333335
2024-02-12 19:14:10,845  DEBUG   aggressive_perceptron.py# 74      Epoch:  8    Accuracy: 0.5333333333333333
2024-02-12 19:14:10,858  DEBUG   aggressive_perceptron.py# 74      Epoch:  9    Accuracy: 0.4866666666666667
2024-02-12 19:14:10,872  DEBUG   aggressive_perceptron.py# 74      Epoch: 10    Accuracy: 0.66
2024-02-12 19:14:10,872  DEBUG   aggressive_perceptron.py# 81      Best Epoch: 10    Test Fold Accuracy: 0.66
2024-02-12 19:14:10,872  DEBUG   aggressive_perceptron.py#167  
2024-02-12 19:14:10,872  DEBUG   aggressive_perceptron.py#156    Cross validation 3
2024-02-12 19:14:10,885  DEBUG   aggressive_perceptron.py# 74      Epoch:  1    Accuracy: 0.44
2024-02-12 19:14:10,899  DEBUG   aggressive_perceptron.py# 74      Epoch:  2    Accuracy: 0.5533333333333333
2024-02-12 19:14:10,912  DEBUG   aggressive_perceptron.py# 74      Epoch:  3    Accuracy: 0.5533333333333333
2024-02-12 19:14:10,925  DEBUG   aggressive_perceptron.py# 74      Epoch:  4    Accuracy: 0.42
2024-02-12 19:14:10,939  DEBUG   aggressive_perceptron.py# 74      Epoch:  5    Accuracy: 0.46
2024-02-12 19:14:10,952  DEBUG   aggressive_perceptron.py# 74      Epoch:  6    Accuracy: 0.4666666666666667
2024-02-12 19:14:10,966  DEBUG   aggressive_perceptron.py# 74      Epoch:  7    Accuracy: 0.56
2024-02-12 19:14:10,979  DEBUG   aggressive_perceptron.py# 74      Epoch:  8    Accuracy: 0.49333333333333335
2024-02-12 19:14:10,992  DEBUG   aggressive_perceptron.py# 74      Epoch:  9    Accuracy: 0.42
2024-02-12 19:14:11,006  DEBUG   aggressive_perceptron.py# 74      Epoch: 10    Accuracy: 0.44666666666666666
2024-02-12 19:14:11,006  DEBUG   aggressive_perceptron.py# 81      Best Epoch:  7    Test Fold Accuracy: 0.56
2024-02-12 19:14:11,006  DEBUG   aggressive_perceptron.py#167  
2024-02-12 19:14:11,006  DEBUG   aggressive_perceptron.py#156    Cross validation 4
2024-02-12 19:14:11,019  DEBUG   aggressive_perceptron.py# 74      Epoch:  1    Accuracy: 0.49333333333333335
2024-02-12 19:14:11,033  DEBUG   aggressive_perceptron.py# 74      Epoch:  2    Accuracy: 0.47333333333333333
2024-02-12 19:14:11,046  DEBUG   aggressive_perceptron.py# 74      Epoch:  3    Accuracy: 0.5
2024-02-12 19:14:11,059  DEBUG   aggressive_perceptron.py# 74      Epoch:  4    Accuracy: 0.54
2024-02-12 19:14:11,073  DEBUG   aggressive_perceptron.py# 74      Epoch:  5    Accuracy: 0.5
2024-02-12 19:14:11,086  DEBUG   aggressive_perceptron.py# 74      Epoch:  6    Accuracy: 0.5
2024-02-12 19:14:11,099  DEBUG   aggressive_perceptron.py# 74      Epoch:  7    Accuracy: 0.52
2024-02-12 19:14:11,113  DEBUG   aggressive_perceptron.py# 74      Epoch:  8    Accuracy: 0.4666666666666667
2024-02-12 19:14:11,126  DEBUG   aggressive_perceptron.py# 74      Epoch:  9    Accuracy: 0.49333333333333335
2024-02-12 19:14:11,139  DEBUG   aggressive_perceptron.py# 74      Epoch: 10    Accuracy: 0.6
2024-02-12 19:14:11,139  DEBUG   aggressive_perceptron.py# 81      Best Epoch: 10    Test Fold Accuracy: 0.6
2024-02-12 19:14:11,139  DEBUG   aggressive_perceptron.py#167  
2024-02-12 19:14:11,139  DEBUG   aggressive_perceptron.py#169  
2024-02-12 19:14:11,139  DEBUG   aggressive_perceptron.py#151  Margin: 1   Learning rate: 0.01
2024-02-12 19:14:11,139  DEBUG   aggressive_perceptron.py#156    Cross validation 0
2024-02-12 19:14:11,153  DEBUG   aggressive_perceptron.py# 74      Epoch:  1    Accuracy: 0.44666666666666666
2024-02-12 19:14:11,166  DEBUG   aggressive_perceptron.py# 74      Epoch:  2    Accuracy: 0.4866666666666667
2024-02-12 19:14:11,180  DEBUG   aggressive_perceptron.py# 74      Epoch:  3    Accuracy: 0.42
2024-02-12 19:14:11,193  DEBUG   aggressive_perceptron.py# 74      Epoch:  4    Accuracy: 0.4533333333333333
2024-02-12 19:14:11,207  DEBUG   aggressive_perceptron.py# 74      Epoch:  5    Accuracy: 0.6133333333333333
2024-02-12 19:14:11,220  DEBUG   aggressive_perceptron.py# 74      Epoch:  6    Accuracy: 0.5733333333333334
2024-02-12 19:14:11,233  DEBUG   aggressive_perceptron.py# 74      Epoch:  7    Accuracy: 0.5133333333333333
2024-02-12 19:14:11,247  DEBUG   aggressive_perceptron.py# 74      Epoch:  8    Accuracy: 0.44666666666666666
2024-02-12 19:14:11,260  DEBUG   aggressive_perceptron.py# 74      Epoch:  9    Accuracy: 0.52
2024-02-12 19:14:11,274  DEBUG   aggressive_perceptron.py# 74      Epoch: 10    Accuracy: 0.43333333333333335
2024-02-12 19:14:11,274  DEBUG   aggressive_perceptron.py# 81      Best Epoch:  5    Test Fold Accuracy: 0.6133333333333333
2024-02-12 19:14:11,274  DEBUG   aggressive_perceptron.py#167  
2024-02-12 19:14:11,274  DEBUG   aggressive_perceptron.py#156    Cross validation 1
2024-02-12 19:14:11,287  DEBUG   aggressive_perceptron.py# 74      Epoch:  1    Accuracy: 0.43333333333333335
2024-02-12 19:14:11,301  DEBUG   aggressive_perceptron.py# 74      Epoch:  2    Accuracy: 0.5666666666666667
2024-02-12 19:14:11,314  DEBUG   aggressive_perceptron.py# 74      Epoch:  3    Accuracy: 0.48
2024-02-12 19:14:11,327  DEBUG   aggressive_perceptron.py# 74      Epoch:  4    Accuracy: 0.52
2024-02-12 19:14:11,341  DEBUG   aggressive_perceptron.py# 74      Epoch:  5    Accuracy: 0.5
2024-02-12 19:14:11,354  DEBUG   aggressive_perceptron.py# 74      Epoch:  6    Accuracy: 0.48
2024-02-12 19:14:11,367  DEBUG   aggressive_perceptron.py# 74      Epoch:  7    Accuracy: 0.5333333333333333
2024-02-12 19:14:11,381  DEBUG   aggressive_perceptron.py# 74      Epoch:  8    Accuracy: 0.48
2024-02-12 19:14:11,394  DEBUG   aggressive_perceptron.py# 74      Epoch:  9    Accuracy: 0.4666666666666667
2024-02-12 19:14:11,407  DEBUG   aggressive_perceptron.py# 74      Epoch: 10    Accuracy: 0.5533333333333333
2024-02-12 19:14:11,407  DEBUG   aggressive_perceptron.py# 81      Best Epoch:  2    Test Fold Accuracy: 0.5666666666666667
2024-02-12 19:14:11,407  DEBUG   aggressive_perceptron.py#167  
2024-02-12 19:14:11,408  DEBUG   aggressive_perceptron.py#156    Cross validation 2
2024-02-12 19:14:11,421  DEBUG   aggressive_perceptron.py# 74      Epoch:  1    Accuracy: 0.3933333333333333
2024-02-12 19:14:11,434  DEBUG   aggressive_perceptron.py# 74      Epoch:  2    Accuracy: 0.4266666666666667
2024-02-12 19:14:11,448  DEBUG   aggressive_perceptron.py# 74      Epoch:  3    Accuracy: 0.5066666666666667
2024-02-12 19:14:11,461  DEBUG   aggressive_perceptron.py# 74      Epoch:  4    Accuracy: 0.4533333333333333
2024-02-12 19:14:11,474  DEBUG   aggressive_perceptron.py# 74      Epoch:  5    Accuracy: 0.5466666666666666
2024-02-12 19:14:11,488  DEBUG   aggressive_perceptron.py# 74      Epoch:  6    Accuracy: 0.3933333333333333
2024-02-12 19:14:11,501  DEBUG   aggressive_perceptron.py# 74      Epoch:  7    Accuracy: 0.56
2024-02-12 19:14:11,515  DEBUG   aggressive_perceptron.py# 74      Epoch:  8    Accuracy: 0.5133333333333333
2024-02-12 19:14:11,528  DEBUG   aggressive_perceptron.py# 74      Epoch:  9    Accuracy: 0.4
2024-02-12 19:14:11,541  DEBUG   aggressive_perceptron.py# 74      Epoch: 10    Accuracy: 0.4866666666666667
2024-02-12 19:14:11,541  DEBUG   aggressive_perceptron.py# 81      Best Epoch:  7    Test Fold Accuracy: 0.56
2024-02-12 19:14:11,541  DEBUG   aggressive_perceptron.py#167  
2024-02-12 19:14:11,541  DEBUG   aggressive_perceptron.py#156    Cross validation 3
2024-02-12 19:14:11,555  DEBUG   aggressive_perceptron.py# 74      Epoch:  1    Accuracy: 0.46
2024-02-12 19:14:11,568  DEBUG   aggressive_perceptron.py# 74      Epoch:  2    Accuracy: 0.5866666666666667
2024-02-12 19:14:11,582  DEBUG   aggressive_perceptron.py# 74      Epoch:  3    Accuracy: 0.47333333333333333
2024-02-12 19:14:11,595  DEBUG   aggressive_perceptron.py# 74      Epoch:  4    Accuracy: 0.52
2024-02-12 19:14:11,608  DEBUG   aggressive_perceptron.py# 74      Epoch:  5    Accuracy: 0.4866666666666667
2024-02-12 19:14:11,622  DEBUG   aggressive_perceptron.py# 74      Epoch:  6    Accuracy: 0.4666666666666667
2024-02-12 19:14:11,635  DEBUG   aggressive_perceptron.py# 74      Epoch:  7    Accuracy: 0.6466666666666666
2024-02-12 19:14:11,649  DEBUG   aggressive_perceptron.py# 74      Epoch:  8    Accuracy: 0.3933333333333333
2024-02-12 19:14:11,662  DEBUG   aggressive_perceptron.py# 74      Epoch:  9    Accuracy: 0.5266666666666666
2024-02-12 19:14:11,675  DEBUG   aggressive_perceptron.py# 74      Epoch: 10    Accuracy: 0.5733333333333334
2024-02-12 19:14:11,675  DEBUG   aggressive_perceptron.py# 81      Best Epoch:  7    Test Fold Accuracy: 0.6466666666666666
2024-02-12 19:14:11,675  DEBUG   aggressive_perceptron.py#167  
2024-02-12 19:14:11,675  DEBUG   aggressive_perceptron.py#156    Cross validation 4
2024-02-12 19:14:11,689  DEBUG   aggressive_perceptron.py# 74      Epoch:  1    Accuracy: 0.44666666666666666
2024-02-12 19:14:11,702  DEBUG   aggressive_perceptron.py# 74      Epoch:  2    Accuracy: 0.5
2024-02-12 19:14:11,716  DEBUG   aggressive_perceptron.py# 74      Epoch:  3    Accuracy: 0.5
2024-02-12 19:14:11,729  DEBUG   aggressive_perceptron.py# 74      Epoch:  4    Accuracy: 0.44666666666666666
2024-02-12 19:14:11,742  DEBUG   aggressive_perceptron.py# 74      Epoch:  5    Accuracy: 0.4266666666666667
2024-02-12 19:14:11,756  DEBUG   aggressive_perceptron.py# 74      Epoch:  6    Accuracy: 0.5
2024-02-12 19:14:11,769  DEBUG   aggressive_perceptron.py# 74      Epoch:  7    Accuracy: 0.4866666666666667
2024-02-12 19:14:11,782  DEBUG   aggressive_perceptron.py# 74      Epoch:  8    Accuracy: 0.5
2024-02-12 19:14:11,796  DEBUG   aggressive_perceptron.py# 74      Epoch:  9    Accuracy: 0.5133333333333333
2024-02-12 19:14:11,809  DEBUG   aggressive_perceptron.py# 74      Epoch: 10    Accuracy: 0.5333333333333333
2024-02-12 19:14:11,809  DEBUG   aggressive_perceptron.py# 81      Best Epoch: 10    Test Fold Accuracy: 0.5333333333333333
2024-02-12 19:14:11,809  DEBUG   aggressive_perceptron.py#167  
2024-02-12 19:14:11,809  DEBUG   aggressive_perceptron.py#169  
2024-02-12 19:14:11,809  DEBUG   aggressive_perceptron.py#151  Margin: 0.1   Learning rate: 1
2024-02-12 19:14:11,809  DEBUG   aggressive_perceptron.py#156    Cross validation 0
2024-02-12 19:14:11,821  DEBUG   aggressive_perceptron.py# 74      Epoch:  1    Accuracy: 0.5933333333333334
2024-02-12 19:14:11,832  DEBUG   aggressive_perceptron.py# 74      Epoch:  2    Accuracy: 0.5466666666666666
2024-02-12 19:14:11,843  DEBUG   aggressive_perceptron.py# 74      Epoch:  3    Accuracy: 0.6066666666666667
2024-02-12 19:14:11,854  DEBUG   aggressive_perceptron.py# 74      Epoch:  4    Accuracy: 0.62
2024-02-12 19:14:11,866  DEBUG   aggressive_perceptron.py# 74      Epoch:  5    Accuracy: 0.5933333333333334
2024-02-12 19:14:11,877  DEBUG   aggressive_perceptron.py# 74      Epoch:  6    Accuracy: 0.6066666666666667
2024-02-12 19:14:11,888  DEBUG   aggressive_perceptron.py# 74      Epoch:  7    Accuracy: 0.6266666666666667
2024-02-12 19:14:11,899  DEBUG   aggressive_perceptron.py# 74      Epoch:  8    Accuracy: 0.6933333333333334
2024-02-12 19:14:11,910  DEBUG   aggressive_perceptron.py# 74      Epoch:  9    Accuracy: 0.5133333333333333
2024-02-12 19:14:11,921  DEBUG   aggressive_perceptron.py# 74      Epoch: 10    Accuracy: 0.64
2024-02-12 19:14:11,921  DEBUG   aggressive_perceptron.py# 81      Best Epoch:  8    Test Fold Accuracy: 0.6933333333333334
2024-02-12 19:14:11,921  DEBUG   aggressive_perceptron.py#167  
2024-02-12 19:14:11,921  DEBUG   aggressive_perceptron.py#156    Cross validation 1
2024-02-12 19:14:11,933  DEBUG   aggressive_perceptron.py# 74      Epoch:  1    Accuracy: 0.6733333333333333
2024-02-12 19:14:11,944  DEBUG   aggressive_perceptron.py# 74      Epoch:  2    Accuracy: 0.43333333333333335
2024-02-12 19:14:11,955  DEBUG   aggressive_perceptron.py# 74      Epoch:  3    Accuracy: 0.7133333333333334
2024-02-12 19:14:11,966  DEBUG   aggressive_perceptron.py# 74      Epoch:  4    Accuracy: 0.6666666666666666
2024-02-12 19:14:11,977  DEBUG   aggressive_perceptron.py# 74      Epoch:  5    Accuracy: 0.6866666666666666
2024-02-12 19:14:11,988  DEBUG   aggressive_perceptron.py# 74      Epoch:  6    Accuracy: 0.74
2024-02-12 19:14:11,999  DEBUG   aggressive_perceptron.py# 74      Epoch:  7    Accuracy: 0.62
2024-02-12 19:14:12,010  DEBUG   aggressive_perceptron.py# 74      Epoch:  8    Accuracy: 0.6533333333333333
2024-02-12 19:14:12,021  DEBUG   aggressive_perceptron.py# 74      Epoch:  9    Accuracy: 0.6533333333333333
2024-02-12 19:14:12,032  DEBUG   aggressive_perceptron.py# 74      Epoch: 10    Accuracy: 0.6933333333333334
2024-02-12 19:14:12,032  DEBUG   aggressive_perceptron.py# 81      Best Epoch:  6    Test Fold Accuracy: 0.74
2024-02-12 19:14:12,032  DEBUG   aggressive_perceptron.py#167  
2024-02-12 19:14:12,032  DEBUG   aggressive_perceptron.py#156    Cross validation 2
2024-02-12 19:14:12,043  DEBUG   aggressive_perceptron.py# 74      Epoch:  1    Accuracy: 0.7533333333333333
2024-02-12 19:14:12,054  DEBUG   aggressive_perceptron.py# 74      Epoch:  2    Accuracy: 0.6666666666666666
2024-02-12 19:14:12,066  DEBUG   aggressive_perceptron.py# 74      Epoch:  3    Accuracy: 0.6666666666666666
2024-02-12 19:14:12,076  DEBUG   aggressive_perceptron.py# 74      Epoch:  4    Accuracy: 0.6866666666666666
2024-02-12 19:14:12,088  DEBUG   aggressive_perceptron.py# 74      Epoch:  5    Accuracy: 0.7
2024-02-12 19:14:12,099  DEBUG   aggressive_perceptron.py# 74      Epoch:  6    Accuracy: 0.7533333333333333
2024-02-12 19:14:12,110  DEBUG   aggressive_perceptron.py# 74      Epoch:  7    Accuracy: 0.7133333333333334
2024-02-12 19:14:12,121  DEBUG   aggressive_perceptron.py# 74      Epoch:  8    Accuracy: 0.6866666666666666
2024-02-12 19:14:12,132  DEBUG   aggressive_perceptron.py# 74      Epoch:  9    Accuracy: 0.6866666666666666
2024-02-12 19:14:12,143  DEBUG   aggressive_perceptron.py# 74      Epoch: 10    Accuracy: 0.6933333333333334
2024-02-12 19:14:12,143  DEBUG   aggressive_perceptron.py# 81      Best Epoch:  6    Test Fold Accuracy: 0.7533333333333333
2024-02-12 19:14:12,143  DEBUG   aggressive_perceptron.py#167  
2024-02-12 19:14:12,143  DEBUG   aggressive_perceptron.py#156    Cross validation 3
2024-02-12 19:14:12,154  DEBUG   aggressive_perceptron.py# 74      Epoch:  1    Accuracy: 0.6266666666666667
2024-02-12 19:14:12,165  DEBUG   aggressive_perceptron.py# 74      Epoch:  2    Accuracy: 0.5933333333333334
2024-02-12 19:14:12,176  DEBUG   aggressive_perceptron.py# 74      Epoch:  3    Accuracy: 0.5866666666666667
2024-02-12 19:14:12,187  DEBUG   aggressive_perceptron.py# 74      Epoch:  4    Accuracy: 0.6933333333333334
2024-02-12 19:14:12,198  DEBUG   aggressive_perceptron.py# 74      Epoch:  5    Accuracy: 0.7066666666666667
2024-02-12 19:14:12,209  DEBUG   aggressive_perceptron.py# 74      Epoch:  6    Accuracy: 0.6733333333333333
2024-02-12 19:14:12,220  DEBUG   aggressive_perceptron.py# 74      Epoch:  7    Accuracy: 0.62
2024-02-12 19:14:12,231  DEBUG   aggressive_perceptron.py# 74      Epoch:  8    Accuracy: 0.7066666666666667
2024-02-12 19:14:12,242  DEBUG   aggressive_perceptron.py# 74      Epoch:  9    Accuracy: 0.7066666666666667
2024-02-12 19:14:12,253  DEBUG   aggressive_perceptron.py# 74      Epoch: 10    Accuracy: 0.72
2024-02-12 19:14:12,253  DEBUG   aggressive_perceptron.py# 81      Best Epoch: 10    Test Fold Accuracy: 0.72
2024-02-12 19:14:12,253  DEBUG   aggressive_perceptron.py#167  
2024-02-12 19:14:12,253  DEBUG   aggressive_perceptron.py#156    Cross validation 4
2024-02-12 19:14:12,264  DEBUG   aggressive_perceptron.py# 74      Epoch:  1    Accuracy: 0.7333333333333333
2024-02-12 19:14:12,275  DEBUG   aggressive_perceptron.py# 74      Epoch:  2    Accuracy: 0.7333333333333333
2024-02-12 19:14:12,286  DEBUG   aggressive_perceptron.py# 74      Epoch:  3    Accuracy: 0.6133333333333333
2024-02-12 19:14:12,297  DEBUG   aggressive_perceptron.py# 74      Epoch:  4    Accuracy: 0.6733333333333333
2024-02-12 19:14:12,308  DEBUG   aggressive_perceptron.py# 74      Epoch:  5    Accuracy: 0.6933333333333334
2024-02-12 19:14:12,319  DEBUG   aggressive_perceptron.py# 74      Epoch:  6    Accuracy: 0.6933333333333334
2024-02-12 19:14:12,330  DEBUG   aggressive_perceptron.py# 74      Epoch:  7    Accuracy: 0.7466666666666667
2024-02-12 19:14:12,341  DEBUG   aggressive_perceptron.py# 74      Epoch:  8    Accuracy: 0.5666666666666667
2024-02-12 19:14:12,352  DEBUG   aggressive_perceptron.py# 74      Epoch:  9    Accuracy: 0.7133333333333334
2024-02-12 19:14:12,363  DEBUG   aggressive_perceptron.py# 74      Epoch: 10    Accuracy: 0.7066666666666667
2024-02-12 19:14:12,363  DEBUG   aggressive_perceptron.py# 81      Best Epoch:  7    Test Fold Accuracy: 0.7466666666666667
2024-02-12 19:14:12,363  DEBUG   aggressive_perceptron.py#167  
2024-02-12 19:14:12,363  DEBUG   aggressive_perceptron.py#169  
2024-02-12 19:14:12,363  DEBUG   aggressive_perceptron.py#151  Margin: 0.1   Learning rate: 0.1
2024-02-12 19:14:12,363  DEBUG   aggressive_perceptron.py#156    Cross validation 0
2024-02-12 19:14:12,374  DEBUG   aggressive_perceptron.py# 74      Epoch:  1    Accuracy: 0.7533333333333333
2024-02-12 19:14:12,385  DEBUG   aggressive_perceptron.py# 74      Epoch:  2    Accuracy: 0.74
2024-02-12 19:14:12,396  DEBUG   aggressive_perceptron.py# 74      Epoch:  3    Accuracy: 0.6533333333333333
2024-02-12 19:14:12,407  DEBUG   aggressive_perceptron.py# 74      Epoch:  4    Accuracy: 0.76
2024-02-12 19:14:12,418  DEBUG   aggressive_perceptron.py# 74      Epoch:  5    Accuracy: 0.7066666666666667
2024-02-12 19:14:12,429  DEBUG   aggressive_perceptron.py# 74      Epoch:  6    Accuracy: 0.7066666666666667
2024-02-12 19:14:12,440  DEBUG   aggressive_perceptron.py# 74      Epoch:  7    Accuracy: 0.6733333333333333
2024-02-12 19:14:12,451  DEBUG   aggressive_perceptron.py# 74      Epoch:  8    Accuracy: 0.72
2024-02-12 19:14:12,462  DEBUG   aggressive_perceptron.py# 74      Epoch:  9    Accuracy: 0.6066666666666667
2024-02-12 19:14:12,473  DEBUG   aggressive_perceptron.py# 74      Epoch: 10    Accuracy: 0.7533333333333333
2024-02-12 19:14:12,473  DEBUG   aggressive_perceptron.py# 81      Best Epoch:  4    Test Fold Accuracy: 0.76
2024-02-12 19:14:12,473  DEBUG   aggressive_perceptron.py#167  
2024-02-12 19:14:12,474  DEBUG   aggressive_perceptron.py#156    Cross validation 1
2024-02-12 19:14:12,485  DEBUG   aggressive_perceptron.py# 74      Epoch:  1    Accuracy: 0.68
2024-02-12 19:14:12,496  DEBUG   aggressive_perceptron.py# 74      Epoch:  2    Accuracy: 0.6133333333333333
2024-02-12 19:14:12,507  DEBUG   aggressive_perceptron.py# 74      Epoch:  3    Accuracy: 0.74
2024-02-12 19:14:12,518  DEBUG   aggressive_perceptron.py# 74      Epoch:  4    Accuracy: 0.72
2024-02-12 19:14:12,528  DEBUG   aggressive_perceptron.py# 74      Epoch:  5    Accuracy: 0.6733333333333333
2024-02-12 19:14:12,539  DEBUG   aggressive_perceptron.py# 74      Epoch:  6    Accuracy: 0.7133333333333334
2024-02-12 19:14:12,550  DEBUG   aggressive_perceptron.py# 74      Epoch:  7    Accuracy: 0.6533333333333333
2024-02-12 19:14:12,561  DEBUG   aggressive_perceptron.py# 74      Epoch:  8    Accuracy: 0.6466666666666666
2024-02-12 19:14:12,572  DEBUG   aggressive_perceptron.py# 74      Epoch:  9    Accuracy: 0.66
2024-02-12 19:14:12,583  DEBUG   aggressive_perceptron.py# 74      Epoch: 10    Accuracy: 0.6933333333333334
2024-02-12 19:14:12,583  DEBUG   aggressive_perceptron.py# 81      Best Epoch:  3    Test Fold Accuracy: 0.74
2024-02-12 19:14:12,583  DEBUG   aggressive_perceptron.py#167  
2024-02-12 19:14:12,583  DEBUG   aggressive_perceptron.py#156    Cross validation 2
2024-02-12 19:14:12,594  DEBUG   aggressive_perceptron.py# 74      Epoch:  1    Accuracy: 0.6333333333333333
2024-02-12 19:14:12,605  DEBUG   aggressive_perceptron.py# 74      Epoch:  2    Accuracy: 0.7333333333333333
2024-02-12 19:14:12,616  DEBUG   aggressive_perceptron.py# 74      Epoch:  3    Accuracy: 0.6933333333333334
2024-02-12 19:14:12,627  DEBUG   aggressive_perceptron.py# 74      Epoch:  4    Accuracy: 0.7066666666666667
2024-02-12 19:14:12,638  DEBUG   aggressive_perceptron.py# 74      Epoch:  5    Accuracy: 0.68
2024-02-12 19:14:12,649  DEBUG   aggressive_perceptron.py# 74      Epoch:  6    Accuracy: 0.7533333333333333
2024-02-12 19:14:12,660  DEBUG   aggressive_perceptron.py# 74      Epoch:  7    Accuracy: 0.7133333333333334
2024-02-12 19:14:12,671  DEBUG   aggressive_perceptron.py# 74      Epoch:  8    Accuracy: 0.6866666666666666
2024-02-12 19:14:12,682  DEBUG   aggressive_perceptron.py# 74      Epoch:  9    Accuracy: 0.6733333333333333
2024-02-12 19:14:12,693  DEBUG   aggressive_perceptron.py# 74      Epoch: 10    Accuracy: 0.7066666666666667
2024-02-12 19:14:12,693  DEBUG   aggressive_perceptron.py# 81      Best Epoch:  6    Test Fold Accuracy: 0.7533333333333333
2024-02-12 19:14:12,693  DEBUG   aggressive_perceptron.py#167  
2024-02-12 19:14:12,693  DEBUG   aggressive_perceptron.py#156    Cross validation 3
2024-02-12 19:14:12,704  DEBUG   aggressive_perceptron.py# 74      Epoch:  1    Accuracy: 0.6133333333333333
2024-02-12 19:14:12,715  DEBUG   aggressive_perceptron.py# 74      Epoch:  2    Accuracy: 0.7266666666666667
2024-02-12 19:14:12,726  DEBUG   aggressive_perceptron.py# 74      Epoch:  3    Accuracy: 0.5733333333333334
2024-02-12 19:14:12,737  DEBUG   aggressive_perceptron.py# 74      Epoch:  4    Accuracy: 0.6933333333333334
2024-02-12 19:14:12,748  DEBUG   aggressive_perceptron.py# 74      Epoch:  5    Accuracy: 0.72
2024-02-12 19:14:12,759  DEBUG   aggressive_perceptron.py# 74      Epoch:  6    Accuracy: 0.7066666666666667
2024-02-12 19:14:12,770  DEBUG   aggressive_perceptron.py# 74      Epoch:  7    Accuracy: 0.6466666666666666
2024-02-12 19:14:12,781  DEBUG   aggressive_perceptron.py# 74      Epoch:  8    Accuracy: 0.7066666666666667
2024-02-12 19:14:12,792  DEBUG   aggressive_perceptron.py# 74      Epoch:  9    Accuracy: 0.7
2024-02-12 19:14:12,803  DEBUG   aggressive_perceptron.py# 74      Epoch: 10    Accuracy: 0.7066666666666667
2024-02-12 19:14:12,803  DEBUG   aggressive_perceptron.py# 81      Best Epoch:  2    Test Fold Accuracy: 0.7266666666666667
2024-02-12 19:14:12,803  DEBUG   aggressive_perceptron.py#167  
2024-02-12 19:14:12,803  DEBUG   aggressive_perceptron.py#156    Cross validation 4
2024-02-12 19:14:12,814  DEBUG   aggressive_perceptron.py# 74      Epoch:  1    Accuracy: 0.7133333333333334
2024-02-12 19:14:12,825  DEBUG   aggressive_perceptron.py# 74      Epoch:  2    Accuracy: 0.7466666666666667
2024-02-12 19:14:12,836  DEBUG   aggressive_perceptron.py# 74      Epoch:  3    Accuracy: 0.62
2024-02-12 19:14:12,847  DEBUG   aggressive_perceptron.py# 74      Epoch:  4    Accuracy: 0.66
2024-02-12 19:14:12,858  DEBUG   aggressive_perceptron.py# 74      Epoch:  5    Accuracy: 0.7
2024-02-12 19:14:12,869  DEBUG   aggressive_perceptron.py# 74      Epoch:  6    Accuracy: 0.6666666666666666
2024-02-12 19:14:12,880  DEBUG   aggressive_perceptron.py# 74      Epoch:  7    Accuracy: 0.7666666666666667
2024-02-12 19:14:12,891  DEBUG   aggressive_perceptron.py# 74      Epoch:  8    Accuracy: 0.5466666666666666
2024-02-12 19:14:12,903  DEBUG   aggressive_perceptron.py# 74      Epoch:  9    Accuracy: 0.76
2024-02-12 19:14:12,914  DEBUG   aggressive_perceptron.py# 74      Epoch: 10    Accuracy: 0.7733333333333333
2024-02-12 19:14:12,914  DEBUG   aggressive_perceptron.py# 81      Best Epoch: 10    Test Fold Accuracy: 0.7733333333333333
2024-02-12 19:14:12,914  DEBUG   aggressive_perceptron.py#167  
2024-02-12 19:14:12,915  DEBUG   aggressive_perceptron.py#169  
2024-02-12 19:14:12,915  DEBUG   aggressive_perceptron.py#151  Margin: 0.1   Learning rate: 0.01
2024-02-12 19:14:12,915  DEBUG   aggressive_perceptron.py#156    Cross validation 0
2024-02-12 19:14:12,925  DEBUG   aggressive_perceptron.py# 74      Epoch:  1    Accuracy: 0.7533333333333333
2024-02-12 19:14:12,937  DEBUG   aggressive_perceptron.py# 74      Epoch:  2    Accuracy: 0.7333333333333333
2024-02-12 19:14:12,948  DEBUG   aggressive_perceptron.py# 74      Epoch:  3    Accuracy: 0.6666666666666666
2024-02-12 19:14:12,959  DEBUG   aggressive_perceptron.py# 74      Epoch:  4    Accuracy: 0.7666666666666667
2024-02-12 19:14:12,970  DEBUG   aggressive_perceptron.py# 74      Epoch:  5    Accuracy: 0.7133333333333334
2024-02-12 19:14:12,981  DEBUG   aggressive_perceptron.py# 74      Epoch:  6    Accuracy: 0.7266666666666667
2024-02-12 19:14:12,992  DEBUG   aggressive_perceptron.py# 74      Epoch:  7    Accuracy: 0.7333333333333333
2024-02-12 19:14:13,003  DEBUG   aggressive_perceptron.py# 74      Epoch:  8    Accuracy: 0.7266666666666667
2024-02-12 19:14:13,014  DEBUG   aggressive_perceptron.py# 74      Epoch:  9    Accuracy: 0.6466666666666666
2024-02-12 19:14:13,025  DEBUG   aggressive_perceptron.py# 74      Epoch: 10    Accuracy: 0.7333333333333333
2024-02-12 19:14:13,025  DEBUG   aggressive_perceptron.py# 81      Best Epoch:  4    Test Fold Accuracy: 0.7666666666666667
2024-02-12 19:14:13,025  DEBUG   aggressive_perceptron.py#167  
2024-02-12 19:14:13,025  DEBUG   aggressive_perceptron.py#156    Cross validation 1
2024-02-12 19:14:13,036  DEBUG   aggressive_perceptron.py# 74      Epoch:  1    Accuracy: 0.68
2024-02-12 19:14:13,047  DEBUG   aggressive_perceptron.py# 74      Epoch:  2    Accuracy: 0.56
2024-02-12 19:14:13,058  DEBUG   aggressive_perceptron.py# 74      Epoch:  3    Accuracy: 0.74
2024-02-12 19:14:13,069  DEBUG   aggressive_perceptron.py# 74      Epoch:  4    Accuracy: 0.7066666666666667
2024-02-12 19:14:13,080  DEBUG   aggressive_perceptron.py# 74      Epoch:  5    Accuracy: 0.7133333333333334
2024-02-12 19:14:13,091  DEBUG   aggressive_perceptron.py# 74      Epoch:  6    Accuracy: 0.68
2024-02-12 19:14:13,102  DEBUG   aggressive_perceptron.py# 74      Epoch:  7    Accuracy: 0.6733333333333333
2024-02-12 19:14:13,113  DEBUG   aggressive_perceptron.py# 74      Epoch:  8    Accuracy: 0.64
2024-02-12 19:14:13,124  DEBUG   aggressive_perceptron.py# 74      Epoch:  9    Accuracy: 0.64
2024-02-12 19:14:13,135  DEBUG   aggressive_perceptron.py# 74      Epoch: 10    Accuracy: 0.68
2024-02-12 19:14:13,135  DEBUG   aggressive_perceptron.py# 81      Best Epoch:  3    Test Fold Accuracy: 0.74
2024-02-12 19:14:13,135  DEBUG   aggressive_perceptron.py#167  
2024-02-12 19:14:13,135  DEBUG   aggressive_perceptron.py#156    Cross validation 2
2024-02-12 19:14:13,146  DEBUG   aggressive_perceptron.py# 74      Epoch:  1    Accuracy: 0.6
2024-02-12 19:14:13,157  DEBUG   aggressive_perceptron.py# 74      Epoch:  2    Accuracy: 0.7266666666666667
2024-02-12 19:14:13,168  DEBUG   aggressive_perceptron.py# 74      Epoch:  3    Accuracy: 0.68
2024-02-12 19:14:13,179  DEBUG   aggressive_perceptron.py# 74      Epoch:  4    Accuracy: 0.7133333333333334
2024-02-12 19:14:13,190  DEBUG   aggressive_perceptron.py# 74      Epoch:  5    Accuracy: 0.68
2024-02-12 19:14:13,201  DEBUG   aggressive_perceptron.py# 74      Epoch:  6    Accuracy: 0.7733333333333333
2024-02-12 19:14:13,212  DEBUG   aggressive_perceptron.py# 74      Epoch:  7    Accuracy: 0.7133333333333334
2024-02-12 19:14:13,223  DEBUG   aggressive_perceptron.py# 74      Epoch:  8    Accuracy: 0.7
2024-02-12 19:14:13,234  DEBUG   aggressive_perceptron.py# 74      Epoch:  9    Accuracy: 0.6866666666666666
2024-02-12 19:14:13,245  DEBUG   aggressive_perceptron.py# 74      Epoch: 10    Accuracy: 0.7066666666666667
2024-02-12 19:14:13,245  DEBUG   aggressive_perceptron.py# 81      Best Epoch:  6    Test Fold Accuracy: 0.7733333333333333
2024-02-12 19:14:13,245  DEBUG   aggressive_perceptron.py#167  
2024-02-12 19:14:13,245  DEBUG   aggressive_perceptron.py#156    Cross validation 3
2024-02-12 19:14:13,256  DEBUG   aggressive_perceptron.py# 74      Epoch:  1    Accuracy: 0.62
2024-02-12 19:14:13,268  DEBUG   aggressive_perceptron.py# 74      Epoch:  2    Accuracy: 0.6866666666666666
2024-02-12 19:14:13,279  DEBUG   aggressive_perceptron.py# 74      Epoch:  3    Accuracy: 0.5733333333333334
2024-02-12 19:14:13,289  DEBUG   aggressive_perceptron.py# 74      Epoch:  4    Accuracy: 0.7
2024-02-12 19:14:13,301  DEBUG   aggressive_perceptron.py# 74      Epoch:  5    Accuracy: 0.7
2024-02-12 19:14:13,312  DEBUG   aggressive_perceptron.py# 74      Epoch:  6    Accuracy: 0.7133333333333334
2024-02-12 19:14:13,322  DEBUG   aggressive_perceptron.py# 74      Epoch:  7    Accuracy: 0.66
2024-02-12 19:14:13,333  DEBUG   aggressive_perceptron.py# 74      Epoch:  8    Accuracy: 0.7
2024-02-12 19:14:13,344  DEBUG   aggressive_perceptron.py# 74      Epoch:  9    Accuracy: 0.74
2024-02-12 19:14:13,355  DEBUG   aggressive_perceptron.py# 74      Epoch: 10    Accuracy: 0.6866666666666666
2024-02-12 19:14:13,355  DEBUG   aggressive_perceptron.py# 81      Best Epoch:  9    Test Fold Accuracy: 0.74
2024-02-12 19:14:13,355  DEBUG   aggressive_perceptron.py#167  
2024-02-12 19:14:13,355  DEBUG   aggressive_perceptron.py#156    Cross validation 4
2024-02-12 19:14:13,367  DEBUG   aggressive_perceptron.py# 74      Epoch:  1    Accuracy: 0.7066666666666667
2024-02-12 19:14:13,377  DEBUG   aggressive_perceptron.py# 74      Epoch:  2    Accuracy: 0.78
2024-02-12 19:14:13,388  DEBUG   aggressive_perceptron.py# 74      Epoch:  3    Accuracy: 0.62
2024-02-12 19:14:13,399  DEBUG   aggressive_perceptron.py# 74      Epoch:  4    Accuracy: 0.64
2024-02-12 19:14:13,410  DEBUG   aggressive_perceptron.py# 74      Epoch:  5    Accuracy: 0.7066666666666667
2024-02-12 19:14:13,421  DEBUG   aggressive_perceptron.py# 74      Epoch:  6    Accuracy: 0.6666666666666666
2024-02-12 19:14:13,432  DEBUG   aggressive_perceptron.py# 74      Epoch:  7    Accuracy: 0.7733333333333333
2024-02-12 19:14:13,443  DEBUG   aggressive_perceptron.py# 74      Epoch:  8    Accuracy: 0.5533333333333333
2024-02-12 19:14:13,454  DEBUG   aggressive_perceptron.py# 74      Epoch:  9    Accuracy: 0.7533333333333333
2024-02-12 19:14:13,465  DEBUG   aggressive_perceptron.py# 74      Epoch: 10    Accuracy: 0.7666666666666667
2024-02-12 19:14:13,465  DEBUG   aggressive_perceptron.py# 81      Best Epoch:  2    Test Fold Accuracy: 0.78
2024-02-12 19:14:13,465  DEBUG   aggressive_perceptron.py#167  
2024-02-12 19:14:13,466  DEBUG   aggressive_perceptron.py#169  
2024-02-12 19:14:13,466  DEBUG   aggressive_perceptron.py#151  Margin: 0.01   Learning rate: 1
2024-02-12 19:14:13,466  DEBUG   aggressive_perceptron.py#156    Cross validation 0
2024-02-12 19:14:13,476  DEBUG   aggressive_perceptron.py# 74      Epoch:  1    Accuracy: 0.7533333333333333
2024-02-12 19:14:13,488  DEBUG   aggressive_perceptron.py# 74      Epoch:  2    Accuracy: 0.76
2024-02-12 19:14:13,499  DEBUG   aggressive_perceptron.py# 74      Epoch:  3    Accuracy: 0.68
2024-02-12 19:14:13,510  DEBUG   aggressive_perceptron.py# 74      Epoch:  4    Accuracy: 0.7666666666666667
2024-02-12 19:14:13,521  DEBUG   aggressive_perceptron.py# 74      Epoch:  5    Accuracy: 0.7133333333333334
2024-02-12 19:14:13,532  DEBUG   aggressive_perceptron.py# 74      Epoch:  6    Accuracy: 0.7133333333333334
2024-02-12 19:14:13,543  DEBUG   aggressive_perceptron.py# 74      Epoch:  7    Accuracy: 0.7466666666666667
2024-02-12 19:14:13,554  DEBUG   aggressive_perceptron.py# 74      Epoch:  8    Accuracy: 0.7333333333333333
2024-02-12 19:14:13,565  DEBUG   aggressive_perceptron.py# 74      Epoch:  9    Accuracy: 0.6466666666666666
2024-02-12 19:14:13,576  DEBUG   aggressive_perceptron.py# 74      Epoch: 10    Accuracy: 0.7466666666666667
2024-02-12 19:14:13,576  DEBUG   aggressive_perceptron.py# 81      Best Epoch:  4    Test Fold Accuracy: 0.7666666666666667
2024-02-12 19:14:13,576  DEBUG   aggressive_perceptron.py#167  
2024-02-12 19:14:13,576  DEBUG   aggressive_perceptron.py#156    Cross validation 1
2024-02-12 19:14:13,587  DEBUG   aggressive_perceptron.py# 74      Epoch:  1    Accuracy: 0.6666666666666666
2024-02-12 19:14:13,598  DEBUG   aggressive_perceptron.py# 74      Epoch:  2    Accuracy: 0.5866666666666667
2024-02-12 19:14:13,609  DEBUG   aggressive_perceptron.py# 74      Epoch:  3    Accuracy: 0.74
2024-02-12 19:14:13,620  DEBUG   aggressive_perceptron.py# 74      Epoch:  4    Accuracy: 0.72
2024-02-12 19:14:13,631  DEBUG   aggressive_perceptron.py# 74      Epoch:  5    Accuracy: 0.7133333333333334
2024-02-12 19:14:13,642  DEBUG   aggressive_perceptron.py# 74      Epoch:  6    Accuracy: 0.7
2024-02-12 19:14:13,653  DEBUG   aggressive_perceptron.py# 74      Epoch:  7    Accuracy: 0.7
2024-02-12 19:14:13,664  DEBUG   aggressive_perceptron.py# 74      Epoch:  8    Accuracy: 0.6533333333333333
2024-02-12 19:14:13,675  DEBUG   aggressive_perceptron.py# 74      Epoch:  9    Accuracy: 0.6466666666666666
2024-02-12 19:14:13,686  DEBUG   aggressive_perceptron.py# 74      Epoch: 10    Accuracy: 0.6733333333333333
2024-02-12 19:14:13,686  DEBUG   aggressive_perceptron.py# 81      Best Epoch:  3    Test Fold Accuracy: 0.74
2024-02-12 19:14:13,686  DEBUG   aggressive_perceptron.py#167  
2024-02-12 19:14:13,686  DEBUG   aggressive_perceptron.py#156    Cross validation 2
2024-02-12 19:14:13,697  DEBUG   aggressive_perceptron.py# 74      Epoch:  1    Accuracy: 0.6
2024-02-12 19:14:13,708  DEBUG   aggressive_perceptron.py# 74      Epoch:  2    Accuracy: 0.7066666666666667
2024-02-12 19:14:13,719  DEBUG   aggressive_perceptron.py# 74      Epoch:  3    Accuracy: 0.6933333333333334
2024-02-12 19:14:13,730  DEBUG   aggressive_perceptron.py# 74      Epoch:  4    Accuracy: 0.6933333333333334
2024-02-12 19:14:13,741  DEBUG   aggressive_perceptron.py# 74      Epoch:  5    Accuracy: 0.6933333333333334
2024-02-12 19:14:13,753  DEBUG   aggressive_perceptron.py# 74      Epoch:  6    Accuracy: 0.7733333333333333
2024-02-12 19:14:13,764  DEBUG   aggressive_perceptron.py# 74      Epoch:  7    Accuracy: 0.74
2024-02-12 19:14:13,774  DEBUG   aggressive_perceptron.py# 74      Epoch:  8    Accuracy: 0.7133333333333334
2024-02-12 19:14:13,786  DEBUG   aggressive_perceptron.py# 74      Epoch:  9    Accuracy: 0.6733333333333333
2024-02-12 19:14:13,797  DEBUG   aggressive_perceptron.py# 74      Epoch: 10    Accuracy: 0.7266666666666667
2024-02-12 19:14:13,797  DEBUG   aggressive_perceptron.py# 81      Best Epoch:  6    Test Fold Accuracy: 0.7733333333333333
2024-02-12 19:14:13,797  DEBUG   aggressive_perceptron.py#167  
2024-02-12 19:14:13,797  DEBUG   aggressive_perceptron.py#156    Cross validation 3
2024-02-12 19:14:13,808  DEBUG   aggressive_perceptron.py# 74      Epoch:  1    Accuracy: 0.62
2024-02-12 19:14:13,819  DEBUG   aggressive_perceptron.py# 74      Epoch:  2    Accuracy: 0.68
2024-02-12 19:14:13,830  DEBUG   aggressive_perceptron.py# 74      Epoch:  3    Accuracy: 0.5866666666666667
2024-02-12 19:14:13,841  DEBUG   aggressive_perceptron.py# 74      Epoch:  4    Accuracy: 0.7
2024-02-12 19:14:13,852  DEBUG   aggressive_perceptron.py# 74      Epoch:  5    Accuracy: 0.6666666666666666
2024-02-12 19:14:13,863  DEBUG   aggressive_perceptron.py# 74      Epoch:  6    Accuracy: 0.7133333333333334
2024-02-12 19:14:13,874  DEBUG   aggressive_perceptron.py# 74      Epoch:  7    Accuracy: 0.6466666666666666
2024-02-12 19:14:13,884  DEBUG   aggressive_perceptron.py# 74      Epoch:  8    Accuracy: 0.7066666666666667
2024-02-12 19:14:13,896  DEBUG   aggressive_perceptron.py# 74      Epoch:  9    Accuracy: 0.7266666666666667
2024-02-12 19:14:13,907  DEBUG   aggressive_perceptron.py# 74      Epoch: 10    Accuracy: 0.68
2024-02-12 19:14:13,907  DEBUG   aggressive_perceptron.py# 81      Best Epoch:  9    Test Fold Accuracy: 0.7266666666666667
2024-02-12 19:14:13,907  DEBUG   aggressive_perceptron.py#167  
2024-02-12 19:14:13,907  DEBUG   aggressive_perceptron.py#156    Cross validation 4
2024-02-12 19:14:13,918  DEBUG   aggressive_perceptron.py# 74      Epoch:  1    Accuracy: 0.7066666666666667
2024-02-12 19:14:13,929  DEBUG   aggressive_perceptron.py# 74      Epoch:  2    Accuracy: 0.78
2024-02-12 19:14:13,940  DEBUG   aggressive_perceptron.py# 74      Epoch:  3    Accuracy: 0.5866666666666667
2024-02-12 19:14:13,951  DEBUG   aggressive_perceptron.py# 74      Epoch:  4    Accuracy: 0.6266666666666667
2024-02-12 19:14:13,962  DEBUG   aggressive_perceptron.py# 74      Epoch:  5    Accuracy: 0.6933333333333334
2024-02-12 19:14:13,973  DEBUG   aggressive_perceptron.py# 74      Epoch:  6    Accuracy: 0.66
2024-02-12 19:14:13,984  DEBUG   aggressive_perceptron.py# 74      Epoch:  7    Accuracy: 0.7666666666666667
2024-02-12 19:14:13,995  DEBUG   aggressive_perceptron.py# 74      Epoch:  8    Accuracy: 0.5533333333333333
2024-02-12 19:14:14,006  DEBUG   aggressive_perceptron.py# 74      Epoch:  9    Accuracy: 0.7533333333333333
2024-02-12 19:14:14,017  DEBUG   aggressive_perceptron.py# 74      Epoch: 10    Accuracy: 0.7533333333333333
2024-02-12 19:14:14,017  DEBUG   aggressive_perceptron.py# 81      Best Epoch:  2    Test Fold Accuracy: 0.78
2024-02-12 19:14:14,017  DEBUG   aggressive_perceptron.py#167  
2024-02-12 19:14:14,017  DEBUG   aggressive_perceptron.py#169  
2024-02-12 19:14:14,017  DEBUG   aggressive_perceptron.py#151  Margin: 0.01   Learning rate: 0.1
2024-02-12 19:14:14,017  DEBUG   aggressive_perceptron.py#156    Cross validation 0
2024-02-12 19:14:14,028  DEBUG   aggressive_perceptron.py# 74      Epoch:  1    Accuracy: 0.7466666666666667
2024-02-12 19:14:14,039  DEBUG   aggressive_perceptron.py# 74      Epoch:  2    Accuracy: 0.7533333333333333
2024-02-12 19:14:14,050  DEBUG   aggressive_perceptron.py# 74      Epoch:  3    Accuracy: 0.68
2024-02-12 19:14:14,061  DEBUG   aggressive_perceptron.py# 74      Epoch:  4    Accuracy: 0.76
2024-02-12 19:14:14,072  DEBUG   aggressive_perceptron.py# 74      Epoch:  5    Accuracy: 0.7066666666666667
2024-02-12 19:14:14,084  DEBUG   aggressive_perceptron.py# 74      Epoch:  6    Accuracy: 0.7266666666666667
2024-02-12 19:14:14,094  DEBUG   aggressive_perceptron.py# 74      Epoch:  7    Accuracy: 0.7466666666666667
2024-02-12 19:14:14,106  DEBUG   aggressive_perceptron.py# 74      Epoch:  8    Accuracy: 0.7333333333333333
2024-02-12 19:14:14,117  DEBUG   aggressive_perceptron.py# 74      Epoch:  9    Accuracy: 0.6466666666666666
2024-02-12 19:14:14,128  DEBUG   aggressive_perceptron.py# 74      Epoch: 10    Accuracy: 0.7666666666666667
2024-02-12 19:14:14,128  DEBUG   aggressive_perceptron.py# 81      Best Epoch: 10    Test Fold Accuracy: 0.7666666666666667
2024-02-12 19:14:14,128  DEBUG   aggressive_perceptron.py#167  
2024-02-12 19:14:14,128  DEBUG   aggressive_perceptron.py#156    Cross validation 1
2024-02-12 19:14:14,139  DEBUG   aggressive_perceptron.py# 74      Epoch:  1    Accuracy: 0.6733333333333333
2024-02-12 19:14:14,150  DEBUG   aggressive_perceptron.py# 74      Epoch:  2    Accuracy: 0.5866666666666667
2024-02-12 19:14:14,161  DEBUG   aggressive_perceptron.py# 74      Epoch:  3    Accuracy: 0.74
2024-02-12 19:14:14,172  DEBUG   aggressive_perceptron.py# 74      Epoch:  4    Accuracy: 0.72
2024-02-12 19:14:14,183  DEBUG   aggressive_perceptron.py# 74      Epoch:  5    Accuracy: 0.7133333333333334
2024-02-12 19:14:14,194  DEBUG   aggressive_perceptron.py# 74      Epoch:  6    Accuracy: 0.7133333333333334
2024-02-12 19:14:14,205  DEBUG   aggressive_perceptron.py# 74      Epoch:  7    Accuracy: 0.6933333333333334
2024-02-12 19:14:14,216  DEBUG   aggressive_perceptron.py# 74      Epoch:  8    Accuracy: 0.68
2024-02-12 19:14:14,227  DEBUG   aggressive_perceptron.py# 74      Epoch:  9    Accuracy: 0.66
2024-02-12 19:14:14,238  DEBUG   aggressive_perceptron.py# 74      Epoch: 10    Accuracy: 0.6666666666666666
2024-02-12 19:14:14,238  DEBUG   aggressive_perceptron.py# 81      Best Epoch:  3    Test Fold Accuracy: 0.74
2024-02-12 19:14:14,238  DEBUG   aggressive_perceptron.py#167  
2024-02-12 19:14:14,238  DEBUG   aggressive_perceptron.py#156    Cross validation 2
2024-02-12 19:14:14,249  DEBUG   aggressive_perceptron.py# 74      Epoch:  1    Accuracy: 0.6066666666666667
2024-02-12 19:14:14,260  DEBUG   aggressive_perceptron.py# 74      Epoch:  2    Accuracy: 0.68
2024-02-12 19:14:14,271  DEBUG   aggressive_perceptron.py# 74      Epoch:  3    Accuracy: 0.6933333333333334
2024-02-12 19:14:14,282  DEBUG   aggressive_perceptron.py# 74      Epoch:  4    Accuracy: 0.68
2024-02-12 19:14:14,293  DEBUG   aggressive_perceptron.py# 74      Epoch:  5    Accuracy: 0.6933333333333334
2024-02-12 19:14:14,304  DEBUG   aggressive_perceptron.py# 74      Epoch:  6    Accuracy: 0.7733333333333333
2024-02-12 19:14:14,315  DEBUG   aggressive_perceptron.py# 74      Epoch:  7    Accuracy: 0.7133333333333334
2024-02-12 19:14:14,326  DEBUG   aggressive_perceptron.py# 74      Epoch:  8    Accuracy: 0.72
2024-02-12 19:14:14,337  DEBUG   aggressive_perceptron.py# 74      Epoch:  9    Accuracy: 0.6866666666666666
2024-02-12 19:14:14,348  DEBUG   aggressive_perceptron.py# 74      Epoch: 10    Accuracy: 0.7133333333333334
2024-02-12 19:14:14,349  DEBUG   aggressive_perceptron.py# 81      Best Epoch:  6    Test Fold Accuracy: 0.7733333333333333
2024-02-12 19:14:14,349  DEBUG   aggressive_perceptron.py#167  
2024-02-12 19:14:14,349  DEBUG   aggressive_perceptron.py#156    Cross validation 3
2024-02-12 19:14:14,360  DEBUG   aggressive_perceptron.py# 74      Epoch:  1    Accuracy: 0.6133333333333333
2024-02-12 19:14:14,371  DEBUG   aggressive_perceptron.py# 74      Epoch:  2    Accuracy: 0.7066666666666667
2024-02-12 19:14:14,382  DEBUG   aggressive_perceptron.py# 74      Epoch:  3    Accuracy: 0.5933333333333334
2024-02-12 19:14:14,393  DEBUG   aggressive_perceptron.py# 74      Epoch:  4    Accuracy: 0.7
2024-02-12 19:14:14,404  DEBUG   aggressive_perceptron.py# 74      Epoch:  5    Accuracy: 0.6666666666666666
2024-02-12 19:14:14,415  DEBUG   aggressive_perceptron.py# 74      Epoch:  6    Accuracy: 0.72
2024-02-12 19:14:14,426  DEBUG   aggressive_perceptron.py# 74      Epoch:  7    Accuracy: 0.6466666666666666
2024-02-12 19:14:14,437  DEBUG   aggressive_perceptron.py# 74      Epoch:  8    Accuracy: 0.7133333333333334
2024-02-12 19:14:14,448  DEBUG   aggressive_perceptron.py# 74      Epoch:  9    Accuracy: 0.7133333333333334
2024-02-12 19:14:14,459  DEBUG   aggressive_perceptron.py# 74      Epoch: 10    Accuracy: 0.6666666666666666
2024-02-12 19:14:14,459  DEBUG   aggressive_perceptron.py# 81      Best Epoch:  6    Test Fold Accuracy: 0.72
2024-02-12 19:14:14,459  DEBUG   aggressive_perceptron.py#167  
2024-02-12 19:14:14,459  DEBUG   aggressive_perceptron.py#156    Cross validation 4
2024-02-12 19:14:14,470  DEBUG   aggressive_perceptron.py# 74      Epoch:  1    Accuracy: 0.6866666666666666
2024-02-12 19:14:14,481  DEBUG   aggressive_perceptron.py# 74      Epoch:  2    Accuracy: 0.7733333333333333
2024-02-12 19:14:14,492  DEBUG   aggressive_perceptron.py# 74      Epoch:  3    Accuracy: 0.58
2024-02-12 19:14:14,503  DEBUG   aggressive_perceptron.py# 74      Epoch:  4    Accuracy: 0.6266666666666667
2024-02-12 19:14:14,514  DEBUG   aggressive_perceptron.py# 74      Epoch:  5    Accuracy: 0.7
2024-02-12 19:14:14,525  DEBUG   aggressive_perceptron.py# 74      Epoch:  6    Accuracy: 0.6666666666666666
2024-02-12 19:14:14,536  DEBUG   aggressive_perceptron.py# 74      Epoch:  7    Accuracy: 0.76
2024-02-12 19:14:14,547  DEBUG   aggressive_perceptron.py# 74      Epoch:  8    Accuracy: 0.5733333333333334
2024-02-12 19:14:14,558  DEBUG   aggressive_perceptron.py# 74      Epoch:  9    Accuracy: 0.76
2024-02-12 19:14:14,569  DEBUG   aggressive_perceptron.py# 74      Epoch: 10    Accuracy: 0.7466666666666667
2024-02-12 19:14:14,569  DEBUG   aggressive_perceptron.py# 81      Best Epoch:  2    Test Fold Accuracy: 0.7733333333333333
2024-02-12 19:14:14,569  DEBUG   aggressive_perceptron.py#167  
2024-02-12 19:14:14,569  DEBUG   aggressive_perceptron.py#169  
2024-02-12 19:14:14,569  DEBUG   aggressive_perceptron.py#151  Margin: 0.01   Learning rate: 0.01
2024-02-12 19:14:14,569  DEBUG   aggressive_perceptron.py#156    Cross validation 0
2024-02-12 19:14:14,580  DEBUG   aggressive_perceptron.py# 74      Epoch:  1    Accuracy: 0.7533333333333333
2024-02-12 19:14:14,591  DEBUG   aggressive_perceptron.py# 74      Epoch:  2    Accuracy: 0.76
2024-02-12 19:14:14,602  DEBUG   aggressive_perceptron.py# 74      Epoch:  3    Accuracy: 0.68
2024-02-12 19:14:14,613  DEBUG   aggressive_perceptron.py# 74      Epoch:  4    Accuracy: 0.7733333333333333
2024-02-12 19:14:14,624  DEBUG   aggressive_perceptron.py# 74      Epoch:  5    Accuracy: 0.6933333333333334
2024-02-12 19:14:14,636  DEBUG   aggressive_perceptron.py# 74      Epoch:  6    Accuracy: 0.7333333333333333
2024-02-12 19:14:14,647  DEBUG   aggressive_perceptron.py# 74      Epoch:  7    Accuracy: 0.7333333333333333
2024-02-12 19:14:14,658  DEBUG   aggressive_perceptron.py# 74      Epoch:  8    Accuracy: 0.74
2024-02-12 19:14:14,669  DEBUG   aggressive_perceptron.py# 74      Epoch:  9    Accuracy: 0.6466666666666666
2024-02-12 19:14:14,680  DEBUG   aggressive_perceptron.py# 74      Epoch: 10    Accuracy: 0.7466666666666667
2024-02-12 19:14:14,680  DEBUG   aggressive_perceptron.py# 81      Best Epoch:  4    Test Fold Accuracy: 0.7733333333333333
2024-02-12 19:14:14,680  DEBUG   aggressive_perceptron.py#167  
2024-02-12 19:14:14,680  DEBUG   aggressive_perceptron.py#156    Cross validation 1
2024-02-12 19:14:14,691  DEBUG   aggressive_perceptron.py# 74      Epoch:  1    Accuracy: 0.6666666666666666
2024-02-12 19:14:14,702  DEBUG   aggressive_perceptron.py# 74      Epoch:  2    Accuracy: 0.6133333333333333
2024-02-12 19:14:14,713  DEBUG   aggressive_perceptron.py# 74      Epoch:  3    Accuracy: 0.74
2024-02-12 19:14:14,724  DEBUG   aggressive_perceptron.py# 74      Epoch:  4    Accuracy: 0.7133333333333334
2024-02-12 19:14:14,735  DEBUG   aggressive_perceptron.py# 74      Epoch:  5    Accuracy: 0.72
2024-02-12 19:14:14,746  DEBUG   aggressive_perceptron.py# 74      Epoch:  6    Accuracy: 0.7133333333333334
2024-02-12 19:14:14,757  DEBUG   aggressive_perceptron.py# 74      Epoch:  7    Accuracy: 0.6866666666666666
2024-02-12 19:14:14,768  DEBUG   aggressive_perceptron.py# 74      Epoch:  8    Accuracy: 0.6666666666666666
2024-02-12 19:14:14,779  DEBUG   aggressive_perceptron.py# 74      Epoch:  9    Accuracy: 0.6733333333333333
2024-02-12 19:14:14,790  DEBUG   aggressive_perceptron.py# 74      Epoch: 10    Accuracy: 0.68
2024-02-12 19:14:14,790  DEBUG   aggressive_perceptron.py# 81      Best Epoch:  3    Test Fold Accuracy: 0.74
2024-02-12 19:14:14,790  DEBUG   aggressive_perceptron.py#167  
2024-02-12 19:14:14,790  DEBUG   aggressive_perceptron.py#156    Cross validation 2
2024-02-12 19:14:14,801  DEBUG   aggressive_perceptron.py# 74      Epoch:  1    Accuracy: 0.6266666666666667
2024-02-12 19:14:14,812  DEBUG   aggressive_perceptron.py# 74      Epoch:  2    Accuracy: 0.6866666666666666
2024-02-12 19:14:14,823  DEBUG   aggressive_perceptron.py# 74      Epoch:  3    Accuracy: 0.6933333333333334
2024-02-12 19:14:14,834  DEBUG   aggressive_perceptron.py# 74      Epoch:  4    Accuracy: 0.6866666666666666
2024-02-12 19:14:14,846  DEBUG   aggressive_perceptron.py# 74      Epoch:  5    Accuracy: 0.6933333333333334
2024-02-12 19:14:14,856  DEBUG   aggressive_perceptron.py# 74      Epoch:  6    Accuracy: 0.76
2024-02-12 19:14:14,868  DEBUG   aggressive_perceptron.py# 74      Epoch:  7    Accuracy: 0.7266666666666667
2024-02-12 19:14:14,879  DEBUG   aggressive_perceptron.py# 74      Epoch:  8    Accuracy: 0.7266666666666667
2024-02-12 19:14:14,889  DEBUG   aggressive_perceptron.py# 74      Epoch:  9    Accuracy: 0.6933333333333334
2024-02-12 19:14:14,901  DEBUG   aggressive_perceptron.py# 74      Epoch: 10    Accuracy: 0.7
2024-02-12 19:14:14,901  DEBUG   aggressive_perceptron.py# 81      Best Epoch:  6    Test Fold Accuracy: 0.76
2024-02-12 19:14:14,901  DEBUG   aggressive_perceptron.py#167  
2024-02-12 19:14:14,901  DEBUG   aggressive_perceptron.py#156    Cross validation 3
2024-02-12 19:14:14,912  DEBUG   aggressive_perceptron.py# 74      Epoch:  1    Accuracy: 0.6133333333333333
2024-02-12 19:14:14,923  DEBUG   aggressive_perceptron.py# 74      Epoch:  2    Accuracy: 0.7
2024-02-12 19:14:14,934  DEBUG   aggressive_perceptron.py# 74      Epoch:  3    Accuracy: 0.5933333333333334
2024-02-12 19:14:14,945  DEBUG   aggressive_perceptron.py# 74      Epoch:  4    Accuracy: 0.7
2024-02-12 19:14:14,956  DEBUG   aggressive_perceptron.py# 74      Epoch:  5    Accuracy: 0.6666666666666666
2024-02-12 19:14:14,967  DEBUG   aggressive_perceptron.py# 74      Epoch:  6    Accuracy: 0.7466666666666667
2024-02-12 19:14:14,978  DEBUG   aggressive_perceptron.py# 74      Epoch:  7    Accuracy: 0.6533333333333333
2024-02-12 19:14:14,989  DEBUG   aggressive_perceptron.py# 74      Epoch:  8    Accuracy: 0.7066666666666667
2024-02-12 19:14:15,000  DEBUG   aggressive_perceptron.py# 74      Epoch:  9    Accuracy: 0.6733333333333333
2024-02-12 19:14:15,011  DEBUG   aggressive_perceptron.py# 74      Epoch: 10    Accuracy: 0.6733333333333333
2024-02-12 19:14:15,011  DEBUG   aggressive_perceptron.py# 81      Best Epoch:  6    Test Fold Accuracy: 0.7466666666666667
2024-02-12 19:14:15,011  DEBUG   aggressive_perceptron.py#167  
2024-02-12 19:14:15,011  DEBUG   aggressive_perceptron.py#156    Cross validation 4
2024-02-12 19:14:15,022  DEBUG   aggressive_perceptron.py# 74      Epoch:  1    Accuracy: 0.6866666666666666
2024-02-12 19:14:15,033  DEBUG   aggressive_perceptron.py# 74      Epoch:  2    Accuracy: 0.7733333333333333
2024-02-12 19:14:15,044  DEBUG   aggressive_perceptron.py# 74      Epoch:  3    Accuracy: 0.58
2024-02-12 19:14:15,055  DEBUG   aggressive_perceptron.py# 74      Epoch:  4    Accuracy: 0.62
2024-02-12 19:14:15,066  DEBUG   aggressive_perceptron.py# 74      Epoch:  5    Accuracy: 0.72
2024-02-12 19:14:15,077  DEBUG   aggressive_perceptron.py# 74      Epoch:  6    Accuracy: 0.64
2024-02-12 19:14:15,088  DEBUG   aggressive_perceptron.py# 74      Epoch:  7    Accuracy: 0.76
2024-02-12 19:14:15,099  DEBUG   aggressive_perceptron.py# 74      Epoch:  8    Accuracy: 0.5733333333333334
2024-02-12 19:14:15,110  DEBUG   aggressive_perceptron.py# 74      Epoch:  9    Accuracy: 0.76
2024-02-12 19:14:15,121  DEBUG   aggressive_perceptron.py# 74      Epoch: 10    Accuracy: 0.74
2024-02-12 19:14:15,121  DEBUG   aggressive_perceptron.py# 81      Best Epoch:  2    Test Fold Accuracy: 0.7733333333333333
2024-02-12 19:14:15,121  DEBUG   aggressive_perceptron.py#167  
2024-02-12 19:14:15,121  DEBUG   aggressive_perceptron.py#169  
2024-02-12 19:14:15,121  DEBUG   aggressive_perceptron.py#171  All CV accuracy dictionary: {1: {1: [0.5533333333333333, 0.6333333333333333, 0.6666666666666666, 0.5866666666666667, 0.5933333333333334], 0.1: [0.6133333333333333, 0.5666666666666667, 0.66, 0.56, 0.6], 0.01: [0.6133333333333333, 0.5666666666666667, 0.56, 0.6466666666666666, 0.5333333333333333]}, 0.1: {1: [0.6933333333333334, 0.74, 0.7533333333333333, 0.72, 0.7466666666666667], 0.1: [0.76, 0.74, 0.7533333333333333, 0.7266666666666667, 0.7733333333333333], 0.01: [0.7666666666666667, 0.74, 0.7733333333333333, 0.74, 0.78]}, 0.01: {1: [0.7666666666666667, 0.74, 0.7733333333333333, 0.7266666666666667, 0.78], 0.1: [0.7666666666666667, 0.74, 0.7733333333333333, 0.72, 0.7733333333333333], 0.01: [0.7733333333333333, 0.74, 0.76, 0.7466666666666667, 0.7733333333333333]}}
2024-02-12 19:14:15,121  DEBUG   aggressive_perceptron.py#187  Average accuracy of all folds with margin 1 & learning rate 1 is 0.6066666666666666
2024-02-12 19:14:15,121  DEBUG   aggressive_perceptron.py#187  Average accuracy of all folds with margin 1 & learning rate 0.1 is 0.6
2024-02-12 19:14:15,121  DEBUG   aggressive_perceptron.py#187  Average accuracy of all folds with margin 1 & learning rate 0.01 is 0.584
2024-02-12 19:14:15,121  DEBUG   aggressive_perceptron.py#187  Average accuracy of all folds with margin 0.1 & learning rate 1 is 0.7306666666666666
2024-02-12 19:14:15,121  DEBUG   aggressive_perceptron.py#187  Average accuracy of all folds with margin 0.1 & learning rate 0.1 is 0.7506666666666667
2024-02-12 19:14:15,121  DEBUG   aggressive_perceptron.py#187  Average accuracy of all folds with margin 0.1 & learning rate 0.01 is 0.7600000000000001
2024-02-12 19:14:15,121  DEBUG   aggressive_perceptron.py#187  Average accuracy of all folds with margin 0.01 & learning rate 1 is 0.7573333333333334
2024-02-12 19:14:15,121  DEBUG   aggressive_perceptron.py#187  Average accuracy of all folds with margin 0.01 & learning rate 0.1 is 0.7546666666666667
2024-02-12 19:14:15,121  DEBUG   aggressive_perceptron.py#187  Average accuracy of all folds with margin 0.01 & learning rate 0.01 is 0.7586666666666667
2024-02-12 19:14:15,121  DEBUG   aggressive_perceptron.py#198  --------------------------------------------------
2024-02-12 19:14:15,121  DEBUG   aggressive_perceptron.py#199  Online Training
2024-02-12 19:14:15,121  DEBUG   aggressive_perceptron.py# 93  Learning rate: 1
2024-02-12 19:14:15,136  DEBUG   aggressive_perceptron.py#105    Epoch:  1   Accuracy: 0.635
2024-02-12 19:14:15,150  DEBUG   aggressive_perceptron.py#105    Epoch:  2   Accuracy: 0.755
2024-02-12 19:14:15,164  DEBUG   aggressive_perceptron.py#105    Epoch:  3   Accuracy: 0.625
2024-02-12 19:14:15,177  DEBUG   aggressive_perceptron.py#105    Epoch:  4   Accuracy: 0.675
2024-02-12 19:14:15,192  DEBUG   aggressive_perceptron.py#105    Epoch:  5   Accuracy: 0.72
2024-02-12 19:14:15,206  DEBUG   aggressive_perceptron.py#105    Epoch:  6   Accuracy: 0.685
2024-02-12 19:14:15,220  DEBUG   aggressive_perceptron.py#105    Epoch:  7   Accuracy: 0.725
2024-02-12 19:14:15,234  DEBUG   aggressive_perceptron.py#105    Epoch:  8   Accuracy: 0.675
2024-02-12 19:14:15,248  DEBUG   aggressive_perceptron.py#105    Epoch:  9   Accuracy: 0.745
2024-02-12 19:14:15,261  DEBUG   aggressive_perceptron.py#105    Epoch: 10   Accuracy: 0.64
2024-02-12 19:14:15,275  DEBUG   aggressive_perceptron.py#105    Epoch: 11   Accuracy: 0.66
2024-02-12 19:14:15,289  DEBUG   aggressive_perceptron.py#105    Epoch: 12   Accuracy: 0.585
2024-02-12 19:14:15,303  DEBUG   aggressive_perceptron.py#105    Epoch: 13   Accuracy: 0.55
2024-02-12 19:14:15,317  DEBUG   aggressive_perceptron.py#105    Epoch: 14   Accuracy: 0.59
2024-02-12 19:14:15,331  DEBUG   aggressive_perceptron.py#105    Epoch: 15   Accuracy: 0.725
2024-02-12 19:14:15,345  DEBUG   aggressive_perceptron.py#105    Epoch: 16   Accuracy: 0.45
2024-02-12 19:14:15,359  DEBUG   aggressive_perceptron.py#105    Epoch: 17   Accuracy: 0.64
2024-02-12 19:14:15,373  DEBUG   aggressive_perceptron.py#105    Epoch: 18   Accuracy: 0.665
2024-02-12 19:14:15,387  DEBUG   aggressive_perceptron.py#105    Epoch: 19   Accuracy: 0.75
2024-02-12 19:14:15,401  DEBUG   aggressive_perceptron.py#105    Epoch: 20   Accuracy: 0.65
2024-02-12 19:14:15,401  DEBUG   aggressive_perceptron.py#116    Best Epoch:  2    Dev Accuracy: 0.755
2024-02-12 19:14:15,404  DEBUG   aggressive_perceptron.py#213  Test set accuracy for best hyper parameter (margin 0.01 & learning rate 1) is 0.7064676616915423
