2024-02-15 22:50:10,140  DEBUG                   utils.py# 29  Start logging
2024-02-15 22:50:10,140  DEBUG     decaying_perceptron.py#122  Initial bias: -0.007314740360700036
2024-02-15 22:50:10,140  DEBUG     decaying_perceptron.py#123  Initial weights: [-0.007314740360700036, -0.007314740360700036, -0.007314740360700036, -0.007314740360700036, -0.007314740360700036, -0.007314740360700036, -0.007314740360700036, -0.007314740360700036, -0.007314740360700036, -0.007314740360700036, -0.007314740360700036, -0.007314740360700036, -0.007314740360700036, -0.007314740360700036, -0.007314740360700036, -0.007314740360700036, -0.007314740360700036, -0.007314740360700036, -0.007314740360700036]
2024-02-15 22:50:10,150  DEBUG     decaying_perceptron.py#131  --------------------------------------------------
2024-02-15 22:50:10,150  DEBUG     decaying_perceptron.py#132  Cross Validation Training
2024-02-15 22:50:10,150  DEBUG     decaying_perceptron.py#139  Learning rate: 1
2024-02-15 22:50:10,233  DEBUG     decaying_perceptron.py#153    Cross validation (Fold 0) Accuracy: 0.6466666666666666
2024-02-15 22:50:10,316  DEBUG     decaying_perceptron.py#153    Cross validation (Fold 1) Accuracy: 0.7133333333333334
2024-02-15 22:50:10,399  DEBUG     decaying_perceptron.py#153    Cross validation (Fold 2) Accuracy: 0.68
2024-02-15 22:50:10,481  DEBUG     decaying_perceptron.py#153    Cross validation (Fold 3) Accuracy: 0.6533333333333333
2024-02-15 22:50:10,564  DEBUG     decaying_perceptron.py#153    Cross validation (Fold 4) Accuracy: 0.74
2024-02-15 22:50:10,564  DEBUG     decaying_perceptron.py#155  
2024-02-15 22:50:10,564  DEBUG     decaying_perceptron.py#139  Learning rate: 0.1
2024-02-15 22:50:10,646  DEBUG     decaying_perceptron.py#153    Cross validation (Fold 0) Accuracy: 0.7266666666666667
2024-02-15 22:50:10,728  DEBUG     decaying_perceptron.py#153    Cross validation (Fold 1) Accuracy: 0.7
2024-02-15 22:50:10,810  DEBUG     decaying_perceptron.py#153    Cross validation (Fold 2) Accuracy: 0.74
2024-02-15 22:50:10,892  DEBUG     decaying_perceptron.py#153    Cross validation (Fold 3) Accuracy: 0.7333333333333333
2024-02-15 22:50:10,974  DEBUG     decaying_perceptron.py#153    Cross validation (Fold 4) Accuracy: 0.7666666666666667
2024-02-15 22:50:10,974  DEBUG     decaying_perceptron.py#155  
2024-02-15 22:50:10,974  DEBUG     decaying_perceptron.py#139  Learning rate: 0.01
2024-02-15 22:50:11,055  DEBUG     decaying_perceptron.py#153    Cross validation (Fold 0) Accuracy: 0.7466666666666667
2024-02-15 22:50:11,137  DEBUG     decaying_perceptron.py#153    Cross validation (Fold 1) Accuracy: 0.72
2024-02-15 22:50:11,219  DEBUG     decaying_perceptron.py#153    Cross validation (Fold 2) Accuracy: 0.7533333333333333
2024-02-15 22:50:11,300  DEBUG     decaying_perceptron.py#153    Cross validation (Fold 3) Accuracy: 0.74
2024-02-15 22:50:11,382  DEBUG     decaying_perceptron.py#153    Cross validation (Fold 4) Accuracy: 0.7533333333333333
2024-02-15 22:50:11,382  DEBUG     decaying_perceptron.py#155  
2024-02-15 22:50:11,382  DEBUG     decaying_perceptron.py#157  All CV accuracy dictionary: {1: [0.6466666666666666, 0.7133333333333334, 0.68, 0.6533333333333333, 0.74], 0.1: [0.7266666666666667, 0.7, 0.74, 0.7333333333333333, 0.7666666666666667], 0.01: [0.7466666666666667, 0.72, 0.7533333333333333, 0.74, 0.7533333333333333]}
2024-02-15 22:50:11,382  DEBUG     decaying_perceptron.py#174  Average accuracy of all folds with learning rate 1 is 0.6866666666666668
2024-02-15 22:50:11,382  DEBUG     decaying_perceptron.py#174  Average accuracy of all folds with learning rate 0.1 is 0.7333333333333334
2024-02-15 22:50:11,382  DEBUG     decaying_perceptron.py#174  Average accuracy of all folds with learning rate 0.01 is 0.7426666666666667
2024-02-15 22:50:11,382  DEBUG     decaying_perceptron.py#180  All hyper parameter setting dictionary: {'learning rate 1': {'learning_rate': 1, 'accuracy': 0.6866666666666668}, 'learning rate 0.1': {'learning_rate': 0.1, 'accuracy': 0.7333333333333334}, 'learning rate 0.01': {'learning_rate': 0.01, 'accuracy': 0.7426666666666667}}
2024-02-15 22:50:11,383  DEBUG     decaying_perceptron.py#187  --------------------------------------------------
2024-02-15 22:50:11,383  DEBUG     decaying_perceptron.py#188  Online Training
2024-02-15 22:50:11,383  DEBUG     decaying_perceptron.py# 80  Learning rate: 0.01
2024-02-15 22:50:11,395  DEBUG     decaying_perceptron.py# 94    Epoch:  1    Learning rate: 0.01       Accuracy: 0.75
2024-02-15 22:50:11,408  DEBUG     decaying_perceptron.py# 94    Epoch:  2    Learning rate: 0.005      Accuracy: 0.735
2024-02-15 22:50:11,420  DEBUG     decaying_perceptron.py# 94    Epoch:  3    Learning rate: 0.00333    Accuracy: 0.745
2024-02-15 22:50:11,433  DEBUG     decaying_perceptron.py# 94    Epoch:  4    Learning rate: 0.0025     Accuracy: 0.74
2024-02-15 22:50:11,445  DEBUG     decaying_perceptron.py# 94    Epoch:  5    Learning rate: 0.002      Accuracy: 0.745
2024-02-15 22:50:11,458  DEBUG     decaying_perceptron.py# 94    Epoch:  6    Learning rate: 0.00167    Accuracy: 0.74
2024-02-15 22:50:11,470  DEBUG     decaying_perceptron.py# 94    Epoch:  7    Learning rate: 0.00143    Accuracy: 0.745
2024-02-15 22:50:11,483  DEBUG     decaying_perceptron.py# 94    Epoch:  8    Learning rate: 0.00125    Accuracy: 0.75
2024-02-15 22:50:11,495  DEBUG     decaying_perceptron.py# 94    Epoch:  9    Learning rate: 0.00111    Accuracy: 0.745
2024-02-15 22:50:11,508  DEBUG     decaying_perceptron.py# 94    Epoch: 10    Learning rate: 0.001      Accuracy: 0.745
2024-02-15 22:50:11,520  DEBUG     decaying_perceptron.py# 94    Epoch: 11    Learning rate: 0.00091    Accuracy: 0.74
2024-02-15 22:50:11,533  DEBUG     decaying_perceptron.py# 94    Epoch: 12    Learning rate: 0.00083    Accuracy: 0.745
2024-02-15 22:50:11,545  DEBUG     decaying_perceptron.py# 94    Epoch: 13    Learning rate: 0.00077    Accuracy: 0.755
2024-02-15 22:50:11,558  DEBUG     decaying_perceptron.py# 94    Epoch: 14    Learning rate: 0.00071    Accuracy: 0.75
2024-02-15 22:50:11,570  DEBUG     decaying_perceptron.py# 94    Epoch: 15    Learning rate: 0.00067    Accuracy: 0.745
2024-02-15 22:50:11,583  DEBUG     decaying_perceptron.py# 94    Epoch: 16    Learning rate: 0.00063    Accuracy: 0.745
2024-02-15 22:50:11,595  DEBUG     decaying_perceptron.py# 94    Epoch: 17    Learning rate: 0.00059    Accuracy: 0.745
2024-02-15 22:50:11,608  DEBUG     decaying_perceptron.py# 94    Epoch: 18    Learning rate: 0.00056    Accuracy: 0.745
2024-02-15 22:50:11,620  DEBUG     decaying_perceptron.py# 94    Epoch: 19    Learning rate: 0.00053    Accuracy: 0.755
2024-02-15 22:50:11,633  DEBUG     decaying_perceptron.py# 94    Epoch: 20    Learning rate: 0.0005     Accuracy: 0.755
2024-02-15 22:50:11,633  DEBUG     decaying_perceptron.py#105    Best Epoch: 20    Dev Accuracy: 0.755
2024-02-15 22:50:11,635  DEBUG     decaying_perceptron.py#201  Test set accuracy for best hyper parameter (learning rate 0.01) is 0.7611940298507462
