2024-02-12 19:14:01,863  DEBUG                   utils.py# 29  Start logging
2024-02-12 19:14:01,873  DEBUG       margin_perceptron.py#140  --------------------------------------------------
2024-02-12 19:14:01,873  DEBUG       margin_perceptron.py#141  Cross Validation Training
2024-02-12 19:14:01,873  DEBUG       margin_perceptron.py#153  Margin: 1   Learning rate: 1
2024-02-12 19:14:01,873  DEBUG       margin_perceptron.py#158    Cross validation 0
2024-02-12 19:14:01,884  DEBUG       margin_perceptron.py# 72      Epoch:  1    Learning rate: 1.0        Accuracy: 0.5466666666666666
2024-02-12 19:14:01,894  DEBUG       margin_perceptron.py# 72      Epoch:  2    Learning rate: 0.5        Accuracy: 0.5666666666666667
2024-02-12 19:14:01,904  DEBUG       margin_perceptron.py# 72      Epoch:  3    Learning rate: 0.33333    Accuracy: 0.5933333333333334
2024-02-12 19:14:01,914  DEBUG       margin_perceptron.py# 72      Epoch:  4    Learning rate: 0.25       Accuracy: 0.6333333333333333
2024-02-12 19:14:01,924  DEBUG       margin_perceptron.py# 72      Epoch:  5    Learning rate: 0.2        Accuracy: 0.56
2024-02-12 19:14:01,934  DEBUG       margin_perceptron.py# 72      Epoch:  6    Learning rate: 0.16667    Accuracy: 0.5933333333333334
2024-02-12 19:14:01,944  DEBUG       margin_perceptron.py# 72      Epoch:  7    Learning rate: 0.14286    Accuracy: 0.6266666666666667
2024-02-12 19:14:01,954  DEBUG       margin_perceptron.py# 72      Epoch:  8    Learning rate: 0.125      Accuracy: 0.6266666666666667
2024-02-12 19:14:01,964  DEBUG       margin_perceptron.py# 72      Epoch:  9    Learning rate: 0.11111    Accuracy: 0.6333333333333333
2024-02-12 19:14:01,974  DEBUG       margin_perceptron.py# 72      Epoch: 10    Learning rate: 0.1        Accuracy: 0.6466666666666666
2024-02-12 19:14:01,974  DEBUG       margin_perceptron.py# 81      Best Epoch: 10    Test Fold Accuracy: 0.6466666666666666
2024-02-12 19:14:01,974  DEBUG       margin_perceptron.py#169  
2024-02-12 19:14:01,974  DEBUG       margin_perceptron.py#158    Cross validation 1
2024-02-12 19:14:01,984  DEBUG       margin_perceptron.py# 72      Epoch:  1    Learning rate: 1.0        Accuracy: 0.6666666666666666
2024-02-12 19:14:01,994  DEBUG       margin_perceptron.py# 72      Epoch:  2    Learning rate: 0.5        Accuracy: 0.6333333333333333
2024-02-12 19:14:02,004  DEBUG       margin_perceptron.py# 72      Epoch:  3    Learning rate: 0.33333    Accuracy: 0.6933333333333334
2024-02-12 19:14:02,014  DEBUG       margin_perceptron.py# 72      Epoch:  4    Learning rate: 0.25       Accuracy: 0.6
2024-02-12 19:14:02,024  DEBUG       margin_perceptron.py# 72      Epoch:  5    Learning rate: 0.2        Accuracy: 0.46
2024-02-12 19:14:02,034  DEBUG       margin_perceptron.py# 72      Epoch:  6    Learning rate: 0.16667    Accuracy: 0.56
2024-02-12 19:14:02,044  DEBUG       margin_perceptron.py# 72      Epoch:  7    Learning rate: 0.14286    Accuracy: 0.7333333333333333
2024-02-12 19:14:02,054  DEBUG       margin_perceptron.py# 72      Epoch:  8    Learning rate: 0.125      Accuracy: 0.6866666666666666
2024-02-12 19:14:02,064  DEBUG       margin_perceptron.py# 72      Epoch:  9    Learning rate: 0.11111    Accuracy: 0.7333333333333333
2024-02-12 19:14:02,074  DEBUG       margin_perceptron.py# 72      Epoch: 10    Learning rate: 0.1        Accuracy: 0.68
2024-02-12 19:14:02,074  DEBUG       margin_perceptron.py# 81      Best Epoch:  9    Test Fold Accuracy: 0.7333333333333333
2024-02-12 19:14:02,074  DEBUG       margin_perceptron.py#169  
2024-02-12 19:14:02,074  DEBUG       margin_perceptron.py#158    Cross validation 2
2024-02-12 19:14:02,084  DEBUG       margin_perceptron.py# 72      Epoch:  1    Learning rate: 1.0        Accuracy: 0.6466666666666666
2024-02-12 19:14:02,094  DEBUG       margin_perceptron.py# 72      Epoch:  2    Learning rate: 0.5        Accuracy: 0.6333333333333333
2024-02-12 19:14:02,104  DEBUG       margin_perceptron.py# 72      Epoch:  3    Learning rate: 0.33333    Accuracy: 0.6466666666666666
2024-02-12 19:14:02,114  DEBUG       margin_perceptron.py# 72      Epoch:  4    Learning rate: 0.25       Accuracy: 0.6933333333333334
2024-02-12 19:14:02,124  DEBUG       margin_perceptron.py# 72      Epoch:  5    Learning rate: 0.2        Accuracy: 0.74
2024-02-12 19:14:02,134  DEBUG       margin_perceptron.py# 72      Epoch:  6    Learning rate: 0.16667    Accuracy: 0.72
2024-02-12 19:14:02,144  DEBUG       margin_perceptron.py# 72      Epoch:  7    Learning rate: 0.14286    Accuracy: 0.7666666666666667
2024-02-12 19:14:02,154  DEBUG       margin_perceptron.py# 72      Epoch:  8    Learning rate: 0.125      Accuracy: 0.6866666666666666
2024-02-12 19:14:02,164  DEBUG       margin_perceptron.py# 72      Epoch:  9    Learning rate: 0.11111    Accuracy: 0.72
2024-02-12 19:14:02,174  DEBUG       margin_perceptron.py# 72      Epoch: 10    Learning rate: 0.1        Accuracy: 0.6733333333333333
2024-02-12 19:14:02,174  DEBUG       margin_perceptron.py# 81      Best Epoch:  7    Test Fold Accuracy: 0.7666666666666667
2024-02-12 19:14:02,174  DEBUG       margin_perceptron.py#169  
2024-02-12 19:14:02,174  DEBUG       margin_perceptron.py#158    Cross validation 3
2024-02-12 19:14:02,184  DEBUG       margin_perceptron.py# 72      Epoch:  1    Learning rate: 1.0        Accuracy: 0.6866666666666666
2024-02-12 19:14:02,194  DEBUG       margin_perceptron.py# 72      Epoch:  2    Learning rate: 0.5        Accuracy: 0.6
2024-02-12 19:14:02,204  DEBUG       margin_perceptron.py# 72      Epoch:  3    Learning rate: 0.33333    Accuracy: 0.6133333333333333
2024-02-12 19:14:02,214  DEBUG       margin_perceptron.py# 72      Epoch:  4    Learning rate: 0.25       Accuracy: 0.6933333333333334
2024-02-12 19:14:02,223  DEBUG       margin_perceptron.py# 72      Epoch:  5    Learning rate: 0.2        Accuracy: 0.7
2024-02-12 19:14:02,233  DEBUG       margin_perceptron.py# 72      Epoch:  6    Learning rate: 0.16667    Accuracy: 0.6666666666666666
2024-02-12 19:14:02,243  DEBUG       margin_perceptron.py# 72      Epoch:  7    Learning rate: 0.14286    Accuracy: 0.68
2024-02-12 19:14:02,253  DEBUG       margin_perceptron.py# 72      Epoch:  8    Learning rate: 0.125      Accuracy: 0.68
2024-02-12 19:14:02,263  DEBUG       margin_perceptron.py# 72      Epoch:  9    Learning rate: 0.11111    Accuracy: 0.68
2024-02-12 19:14:02,273  DEBUG       margin_perceptron.py# 72      Epoch: 10    Learning rate: 0.1        Accuracy: 0.6466666666666666
2024-02-12 19:14:02,273  DEBUG       margin_perceptron.py# 81      Best Epoch:  5    Test Fold Accuracy: 0.7
2024-02-12 19:14:02,273  DEBUG       margin_perceptron.py#169  
2024-02-12 19:14:02,273  DEBUG       margin_perceptron.py#158    Cross validation 4
2024-02-12 19:14:02,283  DEBUG       margin_perceptron.py# 72      Epoch:  1    Learning rate: 1.0        Accuracy: 0.5866666666666667
2024-02-12 19:14:02,293  DEBUG       margin_perceptron.py# 72      Epoch:  2    Learning rate: 0.5        Accuracy: 0.7333333333333333
2024-02-12 19:14:02,303  DEBUG       margin_perceptron.py# 72      Epoch:  3    Learning rate: 0.33333    Accuracy: 0.6666666666666666
2024-02-12 19:14:02,313  DEBUG       margin_perceptron.py# 72      Epoch:  4    Learning rate: 0.25       Accuracy: 0.5666666666666667
2024-02-12 19:14:02,323  DEBUG       margin_perceptron.py# 72      Epoch:  5    Learning rate: 0.2        Accuracy: 0.7333333333333333
2024-02-12 19:14:02,333  DEBUG       margin_perceptron.py# 72      Epoch:  6    Learning rate: 0.16667    Accuracy: 0.6333333333333333
2024-02-12 19:14:02,343  DEBUG       margin_perceptron.py# 72      Epoch:  7    Learning rate: 0.14286    Accuracy: 0.7333333333333333
2024-02-12 19:14:02,353  DEBUG       margin_perceptron.py# 72      Epoch:  8    Learning rate: 0.125      Accuracy: 0.6666666666666666
2024-02-12 19:14:02,363  DEBUG       margin_perceptron.py# 72      Epoch:  9    Learning rate: 0.11111    Accuracy: 0.7066666666666667
2024-02-12 19:14:02,372  DEBUG       margin_perceptron.py# 72      Epoch: 10    Learning rate: 0.1        Accuracy: 0.74
2024-02-12 19:14:02,372  DEBUG       margin_perceptron.py# 81      Best Epoch: 10    Test Fold Accuracy: 0.74
2024-02-12 19:14:02,372  DEBUG       margin_perceptron.py#169  
2024-02-12 19:14:02,372  DEBUG       margin_perceptron.py#171  
2024-02-12 19:14:02,373  DEBUG       margin_perceptron.py#153  Margin: 1   Learning rate: 0.1
2024-02-12 19:14:02,373  DEBUG       margin_perceptron.py#158    Cross validation 0
2024-02-12 19:14:02,382  DEBUG       margin_perceptron.py# 72      Epoch:  1    Learning rate: 0.1        Accuracy: 0.7
2024-02-12 19:14:02,392  DEBUG       margin_perceptron.py# 72      Epoch:  2    Learning rate: 0.05       Accuracy: 0.7266666666666667
2024-02-12 19:14:02,402  DEBUG       margin_perceptron.py# 72      Epoch:  3    Learning rate: 0.03333    Accuracy: 0.74
2024-02-12 19:14:02,412  DEBUG       margin_perceptron.py# 72      Epoch:  4    Learning rate: 0.025      Accuracy: 0.7333333333333333
2024-02-12 19:14:02,422  DEBUG       margin_perceptron.py# 72      Epoch:  5    Learning rate: 0.02       Accuracy: 0.7266666666666667
2024-02-12 19:14:02,432  DEBUG       margin_perceptron.py# 72      Epoch:  6    Learning rate: 0.01667    Accuracy: 0.72
2024-02-12 19:14:02,441  DEBUG       margin_perceptron.py# 72      Epoch:  7    Learning rate: 0.01429    Accuracy: 0.7266666666666667
2024-02-12 19:14:02,451  DEBUG       margin_perceptron.py# 72      Epoch:  8    Learning rate: 0.0125     Accuracy: 0.7333333333333333
2024-02-12 19:14:02,461  DEBUG       margin_perceptron.py# 72      Epoch:  9    Learning rate: 0.01111    Accuracy: 0.72
2024-02-12 19:14:02,471  DEBUG       margin_perceptron.py# 72      Epoch: 10    Learning rate: 0.01       Accuracy: 0.7266666666666667
2024-02-12 19:14:02,471  DEBUG       margin_perceptron.py# 81      Best Epoch:  3    Test Fold Accuracy: 0.74
2024-02-12 19:14:02,471  DEBUG       margin_perceptron.py#169  
2024-02-12 19:14:02,471  DEBUG       margin_perceptron.py#158    Cross validation 1
2024-02-12 19:14:02,481  DEBUG       margin_perceptron.py# 72      Epoch:  1    Learning rate: 0.1        Accuracy: 0.7533333333333333
2024-02-12 19:14:02,491  DEBUG       margin_perceptron.py# 72      Epoch:  2    Learning rate: 0.05       Accuracy: 0.6
2024-02-12 19:14:02,501  DEBUG       margin_perceptron.py# 72      Epoch:  3    Learning rate: 0.03333    Accuracy: 0.7133333333333334
2024-02-12 19:14:02,511  DEBUG       margin_perceptron.py# 72      Epoch:  4    Learning rate: 0.025      Accuracy: 0.7333333333333333
2024-02-12 19:14:02,521  DEBUG       margin_perceptron.py# 72      Epoch:  5    Learning rate: 0.02       Accuracy: 0.74
2024-02-12 19:14:02,531  DEBUG       margin_perceptron.py# 72      Epoch:  6    Learning rate: 0.01667    Accuracy: 0.7066666666666667
2024-02-12 19:14:02,540  DEBUG       margin_perceptron.py# 72      Epoch:  7    Learning rate: 0.01429    Accuracy: 0.72
2024-02-12 19:14:02,550  DEBUG       margin_perceptron.py# 72      Epoch:  8    Learning rate: 0.0125     Accuracy: 0.76
2024-02-12 19:14:02,560  DEBUG       margin_perceptron.py# 72      Epoch:  9    Learning rate: 0.01111    Accuracy: 0.74
2024-02-12 19:14:02,570  DEBUG       margin_perceptron.py# 72      Epoch: 10    Learning rate: 0.01       Accuracy: 0.7133333333333334
2024-02-12 19:14:02,570  DEBUG       margin_perceptron.py# 81      Best Epoch:  8    Test Fold Accuracy: 0.76
2024-02-12 19:14:02,570  DEBUG       margin_perceptron.py#169  
2024-02-12 19:14:02,570  DEBUG       margin_perceptron.py#158    Cross validation 2
2024-02-12 19:14:02,580  DEBUG       margin_perceptron.py# 72      Epoch:  1    Learning rate: 0.1        Accuracy: 0.6533333333333333
2024-02-12 19:14:02,590  DEBUG       margin_perceptron.py# 72      Epoch:  2    Learning rate: 0.05       Accuracy: 0.74
2024-02-12 19:14:02,600  DEBUG       margin_perceptron.py# 72      Epoch:  3    Learning rate: 0.03333    Accuracy: 0.7466666666666667
2024-02-12 19:14:02,610  DEBUG       margin_perceptron.py# 72      Epoch:  4    Learning rate: 0.025      Accuracy: 0.7466666666666667
2024-02-12 19:14:02,619  DEBUG       margin_perceptron.py# 72      Epoch:  5    Learning rate: 0.02       Accuracy: 0.74
2024-02-12 19:14:02,629  DEBUG       margin_perceptron.py# 72      Epoch:  6    Learning rate: 0.01667    Accuracy: 0.7466666666666667
2024-02-12 19:14:02,639  DEBUG       margin_perceptron.py# 72      Epoch:  7    Learning rate: 0.01429    Accuracy: 0.7466666666666667
2024-02-12 19:14:02,649  DEBUG       margin_perceptron.py# 72      Epoch:  8    Learning rate: 0.0125     Accuracy: 0.7066666666666667
2024-02-12 19:14:02,659  DEBUG       margin_perceptron.py# 72      Epoch:  9    Learning rate: 0.01111    Accuracy: 0.7466666666666667
2024-02-12 19:14:02,669  DEBUG       margin_perceptron.py# 72      Epoch: 10    Learning rate: 0.01       Accuracy: 0.7333333333333333
2024-02-12 19:14:02,669  DEBUG       margin_perceptron.py# 81      Best Epoch:  9    Test Fold Accuracy: 0.7466666666666667
2024-02-12 19:14:02,669  DEBUG       margin_perceptron.py#169  
2024-02-12 19:14:02,669  DEBUG       margin_perceptron.py#158    Cross validation 3
2024-02-12 19:14:02,679  DEBUG       margin_perceptron.py# 72      Epoch:  1    Learning rate: 0.1        Accuracy: 0.6533333333333333
2024-02-12 19:14:02,689  DEBUG       margin_perceptron.py# 72      Epoch:  2    Learning rate: 0.05       Accuracy: 0.7133333333333334
2024-02-12 19:14:02,699  DEBUG       margin_perceptron.py# 72      Epoch:  3    Learning rate: 0.03333    Accuracy: 0.72
2024-02-12 19:14:02,708  DEBUG       margin_perceptron.py# 72      Epoch:  4    Learning rate: 0.025      Accuracy: 0.7466666666666667
2024-02-12 19:14:02,718  DEBUG       margin_perceptron.py# 72      Epoch:  5    Learning rate: 0.02       Accuracy: 0.74
2024-02-12 19:14:02,728  DEBUG       margin_perceptron.py# 72      Epoch:  6    Learning rate: 0.01667    Accuracy: 0.7333333333333333
2024-02-12 19:14:02,738  DEBUG       margin_perceptron.py# 72      Epoch:  7    Learning rate: 0.01429    Accuracy: 0.6933333333333334
2024-02-12 19:14:02,748  DEBUG       margin_perceptron.py# 72      Epoch:  8    Learning rate: 0.0125     Accuracy: 0.72
2024-02-12 19:14:02,758  DEBUG       margin_perceptron.py# 72      Epoch:  9    Learning rate: 0.01111    Accuracy: 0.7333333333333333
2024-02-12 19:14:02,768  DEBUG       margin_perceptron.py# 72      Epoch: 10    Learning rate: 0.01       Accuracy: 0.74
2024-02-12 19:14:02,768  DEBUG       margin_perceptron.py# 81      Best Epoch:  4    Test Fold Accuracy: 0.7466666666666667
2024-02-12 19:14:02,768  DEBUG       margin_perceptron.py#169  
2024-02-12 19:14:02,768  DEBUG       margin_perceptron.py#158    Cross validation 4
2024-02-12 19:14:02,777  DEBUG       margin_perceptron.py# 72      Epoch:  1    Learning rate: 0.1        Accuracy: 0.7466666666666667
2024-02-12 19:14:02,787  DEBUG       margin_perceptron.py# 72      Epoch:  2    Learning rate: 0.05       Accuracy: 0.7666666666666667
2024-02-12 19:14:02,797  DEBUG       margin_perceptron.py# 72      Epoch:  3    Learning rate: 0.03333    Accuracy: 0.6933333333333334
2024-02-12 19:14:02,807  DEBUG       margin_perceptron.py# 72      Epoch:  4    Learning rate: 0.025      Accuracy: 0.7666666666666667
2024-02-12 19:14:02,817  DEBUG       margin_perceptron.py# 72      Epoch:  5    Learning rate: 0.02       Accuracy: 0.74
2024-02-12 19:14:02,827  DEBUG       margin_perceptron.py# 72      Epoch:  6    Learning rate: 0.01667    Accuracy: 0.7666666666666667
2024-02-12 19:14:02,837  DEBUG       margin_perceptron.py# 72      Epoch:  7    Learning rate: 0.01429    Accuracy: 0.8066666666666666
2024-02-12 19:14:02,847  DEBUG       margin_perceptron.py# 72      Epoch:  8    Learning rate: 0.0125     Accuracy: 0.7666666666666667
2024-02-12 19:14:02,856  DEBUG       margin_perceptron.py# 72      Epoch:  9    Learning rate: 0.01111    Accuracy: 0.7333333333333333
2024-02-12 19:14:02,866  DEBUG       margin_perceptron.py# 72      Epoch: 10    Learning rate: 0.01       Accuracy: 0.76
2024-02-12 19:14:02,867  DEBUG       margin_perceptron.py# 81      Best Epoch:  7    Test Fold Accuracy: 0.8066666666666666
2024-02-12 19:14:02,867  DEBUG       margin_perceptron.py#169  
2024-02-12 19:14:02,867  DEBUG       margin_perceptron.py#171  
2024-02-12 19:14:02,867  DEBUG       margin_perceptron.py#153  Margin: 1   Learning rate: 0.01
2024-02-12 19:14:02,867  DEBUG       margin_perceptron.py#158    Cross validation 0
2024-02-12 19:14:02,876  DEBUG       margin_perceptron.py# 72      Epoch:  1    Learning rate: 0.01       Accuracy: 0.76
2024-02-12 19:14:02,886  DEBUG       margin_perceptron.py# 72      Epoch:  2    Learning rate: 0.005      Accuracy: 0.7466666666666667
2024-02-12 19:14:02,896  DEBUG       margin_perceptron.py# 72      Epoch:  3    Learning rate: 0.00333    Accuracy: 0.7466666666666667
2024-02-12 19:14:02,906  DEBUG       margin_perceptron.py# 72      Epoch:  4    Learning rate: 0.0025     Accuracy: 0.76
2024-02-12 19:14:02,916  DEBUG       margin_perceptron.py# 72      Epoch:  5    Learning rate: 0.002      Accuracy: 0.7533333333333333
2024-02-12 19:14:02,926  DEBUG       margin_perceptron.py# 72      Epoch:  6    Learning rate: 0.00167    Accuracy: 0.7533333333333333
2024-02-12 19:14:02,936  DEBUG       margin_perceptron.py# 72      Epoch:  7    Learning rate: 0.00143    Accuracy: 0.7533333333333333
2024-02-12 19:14:02,945  DEBUG       margin_perceptron.py# 72      Epoch:  8    Learning rate: 0.00125    Accuracy: 0.7466666666666667
2024-02-12 19:14:02,955  DEBUG       margin_perceptron.py# 72      Epoch:  9    Learning rate: 0.00111    Accuracy: 0.7533333333333333
2024-02-12 19:14:02,965  DEBUG       margin_perceptron.py# 72      Epoch: 10    Learning rate: 0.001      Accuracy: 0.7533333333333333
2024-02-12 19:14:02,965  DEBUG       margin_perceptron.py# 81      Best Epoch:  4    Test Fold Accuracy: 0.76
2024-02-12 19:14:02,965  DEBUG       margin_perceptron.py#169  
2024-02-12 19:14:02,965  DEBUG       margin_perceptron.py#158    Cross validation 1
2024-02-12 19:14:02,975  DEBUG       margin_perceptron.py# 72      Epoch:  1    Learning rate: 0.01       Accuracy: 0.7333333333333333
2024-02-12 19:14:02,985  DEBUG       margin_perceptron.py# 72      Epoch:  2    Learning rate: 0.005      Accuracy: 0.7066666666666667
2024-02-12 19:14:02,995  DEBUG       margin_perceptron.py# 72      Epoch:  3    Learning rate: 0.00333    Accuracy: 0.72
2024-02-12 19:14:03,005  DEBUG       margin_perceptron.py# 72      Epoch:  4    Learning rate: 0.0025     Accuracy: 0.72
2024-02-12 19:14:03,014  DEBUG       margin_perceptron.py# 72      Epoch:  5    Learning rate: 0.002      Accuracy: 0.72
2024-02-12 19:14:03,024  DEBUG       margin_perceptron.py# 72      Epoch:  6    Learning rate: 0.00167    Accuracy: 0.7133333333333334
2024-02-12 19:14:03,034  DEBUG       margin_perceptron.py# 72      Epoch:  7    Learning rate: 0.00143    Accuracy: 0.7066666666666667
2024-02-12 19:14:03,044  DEBUG       margin_perceptron.py# 72      Epoch:  8    Learning rate: 0.00125    Accuracy: 0.7333333333333333
2024-02-12 19:14:03,054  DEBUG       margin_perceptron.py# 72      Epoch:  9    Learning rate: 0.00111    Accuracy: 0.7266666666666667
2024-02-12 19:14:03,064  DEBUG       margin_perceptron.py# 72      Epoch: 10    Learning rate: 0.001      Accuracy: 0.7066666666666667
2024-02-12 19:14:03,064  DEBUG       margin_perceptron.py# 81      Best Epoch:  8    Test Fold Accuracy: 0.7333333333333333
2024-02-12 19:14:03,064  DEBUG       margin_perceptron.py#169  
2024-02-12 19:14:03,064  DEBUG       margin_perceptron.py#158    Cross validation 2
2024-02-12 19:14:03,073  DEBUG       margin_perceptron.py# 72      Epoch:  1    Learning rate: 0.01       Accuracy: 0.7266666666666667
2024-02-12 19:14:03,083  DEBUG       margin_perceptron.py# 72      Epoch:  2    Learning rate: 0.005      Accuracy: 0.7266666666666667
2024-02-12 19:14:03,093  DEBUG       margin_perceptron.py# 72      Epoch:  3    Learning rate: 0.00333    Accuracy: 0.7266666666666667
2024-02-12 19:14:03,103  DEBUG       margin_perceptron.py# 72      Epoch:  4    Learning rate: 0.0025     Accuracy: 0.72
2024-02-12 19:14:03,113  DEBUG       margin_perceptron.py# 72      Epoch:  5    Learning rate: 0.002      Accuracy: 0.7333333333333333
2024-02-12 19:14:03,123  DEBUG       margin_perceptron.py# 72      Epoch:  6    Learning rate: 0.00167    Accuracy: 0.7333333333333333
2024-02-12 19:14:03,133  DEBUG       margin_perceptron.py# 72      Epoch:  7    Learning rate: 0.00143    Accuracy: 0.7466666666666667
2024-02-12 19:14:03,142  DEBUG       margin_perceptron.py# 72      Epoch:  8    Learning rate: 0.00125    Accuracy: 0.7333333333333333
2024-02-12 19:14:03,152  DEBUG       margin_perceptron.py# 72      Epoch:  9    Learning rate: 0.00111    Accuracy: 0.7333333333333333
2024-02-12 19:14:03,162  DEBUG       margin_perceptron.py# 72      Epoch: 10    Learning rate: 0.001      Accuracy: 0.7333333333333333
2024-02-12 19:14:03,162  DEBUG       margin_perceptron.py# 81      Best Epoch:  7    Test Fold Accuracy: 0.7466666666666667
2024-02-12 19:14:03,162  DEBUG       margin_perceptron.py#169  
2024-02-12 19:14:03,162  DEBUG       margin_perceptron.py#158    Cross validation 3
2024-02-12 19:14:03,172  DEBUG       margin_perceptron.py# 72      Epoch:  1    Learning rate: 0.01       Accuracy: 0.7133333333333334
2024-02-12 19:14:03,182  DEBUG       margin_perceptron.py# 72      Epoch:  2    Learning rate: 0.005      Accuracy: 0.7266666666666667
2024-02-12 19:14:03,192  DEBUG       margin_perceptron.py# 72      Epoch:  3    Learning rate: 0.00333    Accuracy: 0.7333333333333333
2024-02-12 19:14:03,201  DEBUG       margin_perceptron.py# 72      Epoch:  4    Learning rate: 0.0025     Accuracy: 0.7466666666666667
2024-02-12 19:14:03,211  DEBUG       margin_perceptron.py# 72      Epoch:  5    Learning rate: 0.002      Accuracy: 0.7466666666666667
2024-02-12 19:14:03,221  DEBUG       margin_perceptron.py# 72      Epoch:  6    Learning rate: 0.00167    Accuracy: 0.7466666666666667
2024-02-12 19:14:03,231  DEBUG       margin_perceptron.py# 72      Epoch:  7    Learning rate: 0.00143    Accuracy: 0.74
2024-02-12 19:14:03,241  DEBUG       margin_perceptron.py# 72      Epoch:  8    Learning rate: 0.00125    Accuracy: 0.74
2024-02-12 19:14:03,251  DEBUG       margin_perceptron.py# 72      Epoch:  9    Learning rate: 0.00111    Accuracy: 0.7466666666666667
2024-02-12 19:14:03,260  DEBUG       margin_perceptron.py# 72      Epoch: 10    Learning rate: 0.001      Accuracy: 0.7533333333333333
2024-02-12 19:14:03,260  DEBUG       margin_perceptron.py# 81      Best Epoch: 10    Test Fold Accuracy: 0.7533333333333333
2024-02-12 19:14:03,260  DEBUG       margin_perceptron.py#169  
2024-02-12 19:14:03,260  DEBUG       margin_perceptron.py#158    Cross validation 4
2024-02-12 19:14:03,270  DEBUG       margin_perceptron.py# 72      Epoch:  1    Learning rate: 0.01       Accuracy: 0.7266666666666667
2024-02-12 19:14:03,280  DEBUG       margin_perceptron.py# 72      Epoch:  2    Learning rate: 0.005      Accuracy: 0.74
2024-02-12 19:14:03,290  DEBUG       margin_perceptron.py# 72      Epoch:  3    Learning rate: 0.00333    Accuracy: 0.74
2024-02-12 19:14:03,300  DEBUG       margin_perceptron.py# 72      Epoch:  4    Learning rate: 0.0025     Accuracy: 0.7466666666666667
2024-02-12 19:14:03,310  DEBUG       margin_perceptron.py# 72      Epoch:  5    Learning rate: 0.002      Accuracy: 0.7733333333333333
2024-02-12 19:14:03,320  DEBUG       margin_perceptron.py# 72      Epoch:  6    Learning rate: 0.00167    Accuracy: 0.7666666666666667
2024-02-12 19:14:03,330  DEBUG       margin_perceptron.py# 72      Epoch:  7    Learning rate: 0.00143    Accuracy: 0.7733333333333333
2024-02-12 19:14:03,339  DEBUG       margin_perceptron.py# 72      Epoch:  8    Learning rate: 0.00125    Accuracy: 0.7533333333333333
2024-02-12 19:14:03,349  DEBUG       margin_perceptron.py# 72      Epoch:  9    Learning rate: 0.00111    Accuracy: 0.7666666666666667
2024-02-12 19:14:03,359  DEBUG       margin_perceptron.py# 72      Epoch: 10    Learning rate: 0.001      Accuracy: 0.7533333333333333
2024-02-12 19:14:03,359  DEBUG       margin_perceptron.py# 81      Best Epoch:  7    Test Fold Accuracy: 0.7733333333333333
2024-02-12 19:14:03,359  DEBUG       margin_perceptron.py#169  
2024-02-12 19:14:03,359  DEBUG       margin_perceptron.py#171  
2024-02-12 19:14:03,359  DEBUG       margin_perceptron.py#153  Margin: 0.1   Learning rate: 1
2024-02-12 19:14:03,359  DEBUG       margin_perceptron.py#158    Cross validation 0
2024-02-12 19:14:03,369  DEBUG       margin_perceptron.py# 72      Epoch:  1    Learning rate: 1.0        Accuracy: 0.52
2024-02-12 19:14:03,379  DEBUG       margin_perceptron.py# 72      Epoch:  2    Learning rate: 0.5        Accuracy: 0.6266666666666667
2024-02-12 19:14:03,389  DEBUG       margin_perceptron.py# 72      Epoch:  3    Learning rate: 0.33333    Accuracy: 0.5933333333333334
2024-02-12 19:14:03,399  DEBUG       margin_perceptron.py# 72      Epoch:  4    Learning rate: 0.25       Accuracy: 0.68
2024-02-12 19:14:03,409  DEBUG       margin_perceptron.py# 72      Epoch:  5    Learning rate: 0.2        Accuracy: 0.62
2024-02-12 19:14:03,419  DEBUG       margin_perceptron.py# 72      Epoch:  6    Learning rate: 0.16667    Accuracy: 0.6866666666666666
2024-02-12 19:14:03,429  DEBUG       margin_perceptron.py# 72      Epoch:  7    Learning rate: 0.14286    Accuracy: 0.7066666666666667
2024-02-12 19:14:03,439  DEBUG       margin_perceptron.py# 72      Epoch:  8    Learning rate: 0.125      Accuracy: 0.72
2024-02-12 19:14:03,448  DEBUG       margin_perceptron.py# 72      Epoch:  9    Learning rate: 0.11111    Accuracy: 0.72
2024-02-12 19:14:03,458  DEBUG       margin_perceptron.py# 72      Epoch: 10    Learning rate: 0.1        Accuracy: 0.7066666666666667
2024-02-12 19:14:03,458  DEBUG       margin_perceptron.py# 81      Best Epoch:  9    Test Fold Accuracy: 0.72
2024-02-12 19:14:03,458  DEBUG       margin_perceptron.py#169  
2024-02-12 19:14:03,458  DEBUG       margin_perceptron.py#158    Cross validation 1
2024-02-12 19:14:03,468  DEBUG       margin_perceptron.py# 72      Epoch:  1    Learning rate: 1.0        Accuracy: 0.6266666666666667
2024-02-12 19:14:03,478  DEBUG       margin_perceptron.py# 72      Epoch:  2    Learning rate: 0.5        Accuracy: 0.5866666666666667
2024-02-12 19:14:03,488  DEBUG       margin_perceptron.py# 72      Epoch:  3    Learning rate: 0.33333    Accuracy: 0.7066666666666667
2024-02-12 19:14:03,498  DEBUG       margin_perceptron.py# 72      Epoch:  4    Learning rate: 0.25       Accuracy: 0.6133333333333333
2024-02-12 19:14:03,508  DEBUG       margin_perceptron.py# 72      Epoch:  5    Learning rate: 0.2        Accuracy: 0.5666666666666667
2024-02-12 19:14:03,518  DEBUG       margin_perceptron.py# 72      Epoch:  6    Learning rate: 0.16667    Accuracy: 0.7
2024-02-12 19:14:03,528  DEBUG       margin_perceptron.py# 72      Epoch:  7    Learning rate: 0.14286    Accuracy: 0.7266666666666667
2024-02-12 19:14:03,538  DEBUG       margin_perceptron.py# 72      Epoch:  8    Learning rate: 0.125      Accuracy: 0.6466666666666666
2024-02-12 19:14:03,548  DEBUG       margin_perceptron.py# 72      Epoch:  9    Learning rate: 0.11111    Accuracy: 0.7266666666666667
2024-02-12 19:14:03,557  DEBUG       margin_perceptron.py# 72      Epoch: 10    Learning rate: 0.1        Accuracy: 0.7
2024-02-12 19:14:03,557  DEBUG       margin_perceptron.py# 81      Best Epoch:  9    Test Fold Accuracy: 0.7266666666666667
2024-02-12 19:14:03,558  DEBUG       margin_perceptron.py#169  
2024-02-12 19:14:03,558  DEBUG       margin_perceptron.py#158    Cross validation 2
2024-02-12 19:14:03,568  DEBUG       margin_perceptron.py# 72      Epoch:  1    Learning rate: 1.0        Accuracy: 0.41333333333333333
2024-02-12 19:14:03,578  DEBUG       margin_perceptron.py# 72      Epoch:  2    Learning rate: 0.5        Accuracy: 0.6466666666666666
2024-02-12 19:14:03,587  DEBUG       margin_perceptron.py# 72      Epoch:  3    Learning rate: 0.33333    Accuracy: 0.6933333333333334
2024-02-12 19:14:03,597  DEBUG       margin_perceptron.py# 72      Epoch:  4    Learning rate: 0.25       Accuracy: 0.6933333333333334
2024-02-12 19:14:03,607  DEBUG       margin_perceptron.py# 72      Epoch:  5    Learning rate: 0.2        Accuracy: 0.7333333333333333
2024-02-12 19:14:03,617  DEBUG       margin_perceptron.py# 72      Epoch:  6    Learning rate: 0.16667    Accuracy: 0.76
2024-02-12 19:14:03,627  DEBUG       margin_perceptron.py# 72      Epoch:  7    Learning rate: 0.14286    Accuracy: 0.74
2024-02-12 19:14:03,637  DEBUG       margin_perceptron.py# 72      Epoch:  8    Learning rate: 0.125      Accuracy: 0.74
2024-02-12 19:14:03,647  DEBUG       margin_perceptron.py# 72      Epoch:  9    Learning rate: 0.11111    Accuracy: 0.7666666666666667
2024-02-12 19:14:03,657  DEBUG       margin_perceptron.py# 72      Epoch: 10    Learning rate: 0.1        Accuracy: 0.6866666666666666
2024-02-12 19:14:03,657  DEBUG       margin_perceptron.py# 81      Best Epoch:  9    Test Fold Accuracy: 0.7666666666666667
2024-02-12 19:14:03,657  DEBUG       margin_perceptron.py#169  
2024-02-12 19:14:03,657  DEBUG       margin_perceptron.py#158    Cross validation 3
2024-02-12 19:14:03,667  DEBUG       margin_perceptron.py# 72      Epoch:  1    Learning rate: 1.0        Accuracy: 0.49333333333333335
2024-02-12 19:14:03,677  DEBUG       margin_perceptron.py# 72      Epoch:  2    Learning rate: 0.5        Accuracy: 0.6466666666666666
2024-02-12 19:14:03,687  DEBUG       margin_perceptron.py# 72      Epoch:  3    Learning rate: 0.33333    Accuracy: 0.6533333333333333
2024-02-12 19:14:03,697  DEBUG       margin_perceptron.py# 72      Epoch:  4    Learning rate: 0.25       Accuracy: 0.68
2024-02-12 19:14:03,706  DEBUG       margin_perceptron.py# 72      Epoch:  5    Learning rate: 0.2        Accuracy: 0.6733333333333333
2024-02-12 19:14:03,716  DEBUG       margin_perceptron.py# 72      Epoch:  6    Learning rate: 0.16667    Accuracy: 0.72
2024-02-12 19:14:03,726  DEBUG       margin_perceptron.py# 72      Epoch:  7    Learning rate: 0.14286    Accuracy: 0.7133333333333334
2024-02-12 19:14:03,736  DEBUG       margin_perceptron.py# 72      Epoch:  8    Learning rate: 0.125      Accuracy: 0.6733333333333333
2024-02-12 19:14:03,746  DEBUG       margin_perceptron.py# 72      Epoch:  9    Learning rate: 0.11111    Accuracy: 0.7333333333333333
2024-02-12 19:14:03,756  DEBUG       margin_perceptron.py# 72      Epoch: 10    Learning rate: 0.1        Accuracy: 0.6733333333333333
2024-02-12 19:14:03,756  DEBUG       margin_perceptron.py# 81      Best Epoch:  9    Test Fold Accuracy: 0.7333333333333333
2024-02-12 19:14:03,756  DEBUG       margin_perceptron.py#169  
2024-02-12 19:14:03,756  DEBUG       margin_perceptron.py#158    Cross validation 4
2024-02-12 19:14:03,766  DEBUG       margin_perceptron.py# 72      Epoch:  1    Learning rate: 1.0        Accuracy: 0.6
2024-02-12 19:14:03,776  DEBUG       margin_perceptron.py# 72      Epoch:  2    Learning rate: 0.5        Accuracy: 0.5066666666666667
2024-02-12 19:14:03,786  DEBUG       margin_perceptron.py# 72      Epoch:  3    Learning rate: 0.33333    Accuracy: 0.5333333333333333
2024-02-12 19:14:03,796  DEBUG       margin_perceptron.py# 72      Epoch:  4    Learning rate: 0.25       Accuracy: 0.6466666666666666
2024-02-12 19:14:03,805  DEBUG       margin_perceptron.py# 72      Epoch:  5    Learning rate: 0.2        Accuracy: 0.74
2024-02-12 19:14:03,815  DEBUG       margin_perceptron.py# 72      Epoch:  6    Learning rate: 0.16667    Accuracy: 0.68
2024-02-12 19:14:03,825  DEBUG       margin_perceptron.py# 72      Epoch:  7    Learning rate: 0.14286    Accuracy: 0.8066666666666666
2024-02-12 19:14:03,835  DEBUG       margin_perceptron.py# 72      Epoch:  8    Learning rate: 0.125      Accuracy: 0.7066666666666667
2024-02-12 19:14:03,845  DEBUG       margin_perceptron.py# 72      Epoch:  9    Learning rate: 0.11111    Accuracy: 0.7666666666666667
2024-02-12 19:14:03,855  DEBUG       margin_perceptron.py# 72      Epoch: 10    Learning rate: 0.1        Accuracy: 0.8
2024-02-12 19:14:03,855  DEBUG       margin_perceptron.py# 81      Best Epoch:  7    Test Fold Accuracy: 0.8066666666666666
2024-02-12 19:14:03,855  DEBUG       margin_perceptron.py#169  
2024-02-12 19:14:03,855  DEBUG       margin_perceptron.py#171  
2024-02-12 19:14:03,855  DEBUG       margin_perceptron.py#153  Margin: 0.1   Learning rate: 0.1
2024-02-12 19:14:03,855  DEBUG       margin_perceptron.py#158    Cross validation 0
2024-02-12 19:14:03,865  DEBUG       margin_perceptron.py# 72      Epoch:  1    Learning rate: 0.1        Accuracy: 0.7333333333333333
2024-02-12 19:14:03,875  DEBUG       margin_perceptron.py# 72      Epoch:  2    Learning rate: 0.05       Accuracy: 0.7466666666666667
2024-02-12 19:14:03,885  DEBUG       margin_perceptron.py# 72      Epoch:  3    Learning rate: 0.03333    Accuracy: 0.7333333333333333
2024-02-12 19:14:03,894  DEBUG       margin_perceptron.py# 72      Epoch:  4    Learning rate: 0.025      Accuracy: 0.7266666666666667
2024-02-12 19:14:03,904  DEBUG       margin_perceptron.py# 72      Epoch:  5    Learning rate: 0.02       Accuracy: 0.7333333333333333
2024-02-12 19:14:03,914  DEBUG       margin_perceptron.py# 72      Epoch:  6    Learning rate: 0.01667    Accuracy: 0.74
2024-02-12 19:14:03,924  DEBUG       margin_perceptron.py# 72      Epoch:  7    Learning rate: 0.01429    Accuracy: 0.7333333333333333
2024-02-12 19:14:03,934  DEBUG       margin_perceptron.py# 72      Epoch:  8    Learning rate: 0.0125     Accuracy: 0.7333333333333333
2024-02-12 19:14:03,944  DEBUG       margin_perceptron.py# 72      Epoch:  9    Learning rate: 0.01111    Accuracy: 0.7333333333333333
2024-02-12 19:14:03,954  DEBUG       margin_perceptron.py# 72      Epoch: 10    Learning rate: 0.01       Accuracy: 0.7333333333333333
2024-02-12 19:14:03,954  DEBUG       margin_perceptron.py# 81      Best Epoch:  2    Test Fold Accuracy: 0.7466666666666667
2024-02-12 19:14:03,954  DEBUG       margin_perceptron.py#169  
2024-02-12 19:14:03,954  DEBUG       margin_perceptron.py#158    Cross validation 1
2024-02-12 19:14:03,964  DEBUG       margin_perceptron.py# 72      Epoch:  1    Learning rate: 0.1        Accuracy: 0.7066666666666667
2024-02-12 19:14:03,973  DEBUG       margin_perceptron.py# 72      Epoch:  2    Learning rate: 0.05       Accuracy: 0.6
2024-02-12 19:14:03,983  DEBUG       margin_perceptron.py# 72      Epoch:  3    Learning rate: 0.03333    Accuracy: 0.6933333333333334
2024-02-12 19:14:03,993  DEBUG       margin_perceptron.py# 72      Epoch:  4    Learning rate: 0.025      Accuracy: 0.7266666666666667
2024-02-12 19:14:04,003  DEBUG       margin_perceptron.py# 72      Epoch:  5    Learning rate: 0.02       Accuracy: 0.74
2024-02-12 19:14:04,013  DEBUG       margin_perceptron.py# 72      Epoch:  6    Learning rate: 0.01667    Accuracy: 0.7
2024-02-12 19:14:04,023  DEBUG       margin_perceptron.py# 72      Epoch:  7    Learning rate: 0.01429    Accuracy: 0.6866666666666666
2024-02-12 19:14:04,033  DEBUG       margin_perceptron.py# 72      Epoch:  8    Learning rate: 0.0125     Accuracy: 0.76
2024-02-12 19:14:04,042  DEBUG       margin_perceptron.py# 72      Epoch:  9    Learning rate: 0.01111    Accuracy: 0.7066666666666667
2024-02-12 19:14:04,052  DEBUG       margin_perceptron.py# 72      Epoch: 10    Learning rate: 0.01       Accuracy: 0.7
2024-02-12 19:14:04,052  DEBUG       margin_perceptron.py# 81      Best Epoch:  8    Test Fold Accuracy: 0.76
2024-02-12 19:14:04,052  DEBUG       margin_perceptron.py#169  
2024-02-12 19:14:04,052  DEBUG       margin_perceptron.py#158    Cross validation 2
2024-02-12 19:14:04,062  DEBUG       margin_perceptron.py# 72      Epoch:  1    Learning rate: 0.1        Accuracy: 0.6733333333333333
2024-02-12 19:14:04,072  DEBUG       margin_perceptron.py# 72      Epoch:  2    Learning rate: 0.05       Accuracy: 0.7466666666666667
2024-02-12 19:14:04,082  DEBUG       margin_perceptron.py# 72      Epoch:  3    Learning rate: 0.03333    Accuracy: 0.74
2024-02-12 19:14:04,092  DEBUG       margin_perceptron.py# 72      Epoch:  4    Learning rate: 0.025      Accuracy: 0.7266666666666667
2024-02-12 19:14:04,102  DEBUG       margin_perceptron.py# 72      Epoch:  5    Learning rate: 0.02       Accuracy: 0.72
2024-02-12 19:14:04,111  DEBUG       margin_perceptron.py# 72      Epoch:  6    Learning rate: 0.01667    Accuracy: 0.7266666666666667
2024-02-12 19:14:04,121  DEBUG       margin_perceptron.py# 72      Epoch:  7    Learning rate: 0.01429    Accuracy: 0.7266666666666667
2024-02-12 19:14:04,131  DEBUG       margin_perceptron.py# 72      Epoch:  8    Learning rate: 0.0125     Accuracy: 0.7133333333333334
2024-02-12 19:14:04,141  DEBUG       margin_perceptron.py# 72      Epoch:  9    Learning rate: 0.01111    Accuracy: 0.72
2024-02-12 19:14:04,151  DEBUG       margin_perceptron.py# 72      Epoch: 10    Learning rate: 0.01       Accuracy: 0.72
2024-02-12 19:14:04,151  DEBUG       margin_perceptron.py# 81      Best Epoch:  2    Test Fold Accuracy: 0.7466666666666667
2024-02-12 19:14:04,151  DEBUG       margin_perceptron.py#169  
2024-02-12 19:14:04,151  DEBUG       margin_perceptron.py#158    Cross validation 3
2024-02-12 19:14:04,161  DEBUG       margin_perceptron.py# 72      Epoch:  1    Learning rate: 0.1        Accuracy: 0.6333333333333333
2024-02-12 19:14:04,171  DEBUG       margin_perceptron.py# 72      Epoch:  2    Learning rate: 0.05       Accuracy: 0.7066666666666667
2024-02-12 19:14:04,181  DEBUG       margin_perceptron.py# 72      Epoch:  3    Learning rate: 0.03333    Accuracy: 0.7466666666666667
2024-02-12 19:14:04,190  DEBUG       margin_perceptron.py# 72      Epoch:  4    Learning rate: 0.025      Accuracy: 0.7666666666666667
2024-02-12 19:14:04,200  DEBUG       margin_perceptron.py# 72      Epoch:  5    Learning rate: 0.02       Accuracy: 0.7666666666666667
2024-02-12 19:14:04,210  DEBUG       margin_perceptron.py# 72      Epoch:  6    Learning rate: 0.01667    Accuracy: 0.7666666666666667
2024-02-12 19:14:04,221  DEBUG       margin_perceptron.py# 72      Epoch:  7    Learning rate: 0.01429    Accuracy: 0.72
2024-02-12 19:14:04,231  DEBUG       margin_perceptron.py# 72      Epoch:  8    Learning rate: 0.0125     Accuracy: 0.72
2024-02-12 19:14:04,241  DEBUG       margin_perceptron.py# 72      Epoch:  9    Learning rate: 0.01111    Accuracy: 0.7533333333333333
2024-02-12 19:14:04,251  DEBUG       margin_perceptron.py# 72      Epoch: 10    Learning rate: 0.01       Accuracy: 0.7466666666666667
2024-02-12 19:14:04,251  DEBUG       margin_perceptron.py# 81      Best Epoch:  6    Test Fold Accuracy: 0.7666666666666667
2024-02-12 19:14:04,251  DEBUG       margin_perceptron.py#169  
2024-02-12 19:14:04,251  DEBUG       margin_perceptron.py#158    Cross validation 4
2024-02-12 19:14:04,261  DEBUG       margin_perceptron.py# 72      Epoch:  1    Learning rate: 0.1        Accuracy: 0.7866666666666666
2024-02-12 19:14:04,271  DEBUG       margin_perceptron.py# 72      Epoch:  2    Learning rate: 0.05       Accuracy: 0.7533333333333333
2024-02-12 19:14:04,281  DEBUG       margin_perceptron.py# 72      Epoch:  3    Learning rate: 0.03333    Accuracy: 0.6866666666666666
2024-02-12 19:14:04,291  DEBUG       margin_perceptron.py# 72      Epoch:  4    Learning rate: 0.025      Accuracy: 0.7666666666666667
2024-02-12 19:14:04,300  DEBUG       margin_perceptron.py# 72      Epoch:  5    Learning rate: 0.02       Accuracy: 0.7666666666666667
2024-02-12 19:14:04,310  DEBUG       margin_perceptron.py# 72      Epoch:  6    Learning rate: 0.01667    Accuracy: 0.7133333333333334
2024-02-12 19:14:04,320  DEBUG       margin_perceptron.py# 72      Epoch:  7    Learning rate: 0.01429    Accuracy: 0.8333333333333334
2024-02-12 19:14:04,330  DEBUG       margin_perceptron.py# 72      Epoch:  8    Learning rate: 0.0125     Accuracy: 0.78
2024-02-12 19:14:04,340  DEBUG       margin_perceptron.py# 72      Epoch:  9    Learning rate: 0.01111    Accuracy: 0.7666666666666667
2024-02-12 19:14:04,350  DEBUG       margin_perceptron.py# 72      Epoch: 10    Learning rate: 0.01       Accuracy: 0.7333333333333333
2024-02-12 19:14:04,350  DEBUG       margin_perceptron.py# 81      Best Epoch:  7    Test Fold Accuracy: 0.8333333333333334
2024-02-12 19:14:04,351  DEBUG       margin_perceptron.py#169  
2024-02-12 19:14:04,351  DEBUG       margin_perceptron.py#171  
2024-02-12 19:14:04,351  DEBUG       margin_perceptron.py#153  Margin: 0.1   Learning rate: 0.01
2024-02-12 19:14:04,351  DEBUG       margin_perceptron.py#158    Cross validation 0
2024-02-12 19:14:04,360  DEBUG       margin_perceptron.py# 72      Epoch:  1    Learning rate: 0.01       Accuracy: 0.7866666666666666
2024-02-12 19:14:04,370  DEBUG       margin_perceptron.py# 72      Epoch:  2    Learning rate: 0.005      Accuracy: 0.7666666666666667
2024-02-12 19:14:04,380  DEBUG       margin_perceptron.py# 72      Epoch:  3    Learning rate: 0.00333    Accuracy: 0.7733333333333333
2024-02-12 19:14:04,390  DEBUG       margin_perceptron.py# 72      Epoch:  4    Learning rate: 0.0025     Accuracy: 0.7533333333333333
2024-02-12 19:14:04,400  DEBUG       margin_perceptron.py# 72      Epoch:  5    Learning rate: 0.002      Accuracy: 0.7466666666666667
2024-02-12 19:14:04,410  DEBUG       margin_perceptron.py# 72      Epoch:  6    Learning rate: 0.00167    Accuracy: 0.76
2024-02-12 19:14:04,420  DEBUG       margin_perceptron.py# 72      Epoch:  7    Learning rate: 0.00143    Accuracy: 0.7733333333333333
2024-02-12 19:14:04,430  DEBUG       margin_perceptron.py# 72      Epoch:  8    Learning rate: 0.00125    Accuracy: 0.76
2024-02-12 19:14:04,439  DEBUG       margin_perceptron.py# 72      Epoch:  9    Learning rate: 0.00111    Accuracy: 0.7533333333333333
2024-02-12 19:14:04,449  DEBUG       margin_perceptron.py# 72      Epoch: 10    Learning rate: 0.001      Accuracy: 0.7733333333333333
2024-02-12 19:14:04,449  DEBUG       margin_perceptron.py# 81      Best Epoch:  1    Test Fold Accuracy: 0.7866666666666666
2024-02-12 19:14:04,449  DEBUG       margin_perceptron.py#169  
2024-02-12 19:14:04,449  DEBUG       margin_perceptron.py#158    Cross validation 1
2024-02-12 19:14:04,459  DEBUG       margin_perceptron.py# 72      Epoch:  1    Learning rate: 0.01       Accuracy: 0.74
2024-02-12 19:14:04,469  DEBUG       margin_perceptron.py# 72      Epoch:  2    Learning rate: 0.005      Accuracy: 0.7066666666666667
2024-02-12 19:14:04,479  DEBUG       margin_perceptron.py# 72      Epoch:  3    Learning rate: 0.00333    Accuracy: 0.7066666666666667
2024-02-12 19:14:04,489  DEBUG       margin_perceptron.py# 72      Epoch:  4    Learning rate: 0.0025     Accuracy: 0.7
2024-02-12 19:14:04,499  DEBUG       margin_perceptron.py# 72      Epoch:  5    Learning rate: 0.002      Accuracy: 0.7266666666666667
2024-02-12 19:14:04,508  DEBUG       margin_perceptron.py# 72      Epoch:  6    Learning rate: 0.00167    Accuracy: 0.72
2024-02-12 19:14:04,518  DEBUG       margin_perceptron.py# 72      Epoch:  7    Learning rate: 0.00143    Accuracy: 0.7066666666666667
2024-02-12 19:14:04,528  DEBUG       margin_perceptron.py# 72      Epoch:  8    Learning rate: 0.00125    Accuracy: 0.7333333333333333
2024-02-12 19:14:04,538  DEBUG       margin_perceptron.py# 72      Epoch:  9    Learning rate: 0.00111    Accuracy: 0.72
2024-02-12 19:14:04,548  DEBUG       margin_perceptron.py# 72      Epoch: 10    Learning rate: 0.001      Accuracy: 0.7066666666666667
2024-02-12 19:14:04,548  DEBUG       margin_perceptron.py# 81      Best Epoch:  1    Test Fold Accuracy: 0.74
2024-02-12 19:14:04,548  DEBUG       margin_perceptron.py#169  
2024-02-12 19:14:04,548  DEBUG       margin_perceptron.py#158    Cross validation 2
2024-02-12 19:14:04,558  DEBUG       margin_perceptron.py# 72      Epoch:  1    Learning rate: 0.01       Accuracy: 0.7266666666666667
2024-02-12 19:14:04,568  DEBUG       margin_perceptron.py# 72      Epoch:  2    Learning rate: 0.005      Accuracy: 0.7266666666666667
2024-02-12 19:14:04,577  DEBUG       margin_perceptron.py# 72      Epoch:  3    Learning rate: 0.00333    Accuracy: 0.7133333333333334
2024-02-12 19:14:04,587  DEBUG       margin_perceptron.py# 72      Epoch:  4    Learning rate: 0.0025     Accuracy: 0.72
2024-02-12 19:14:04,597  DEBUG       margin_perceptron.py# 72      Epoch:  5    Learning rate: 0.002      Accuracy: 0.72
2024-02-12 19:14:04,607  DEBUG       margin_perceptron.py# 72      Epoch:  6    Learning rate: 0.00167    Accuracy: 0.72
2024-02-12 19:14:04,617  DEBUG       margin_perceptron.py# 72      Epoch:  7    Learning rate: 0.00143    Accuracy: 0.72
2024-02-12 19:14:04,626  DEBUG       margin_perceptron.py# 72      Epoch:  8    Learning rate: 0.00125    Accuracy: 0.7266666666666667
2024-02-12 19:14:04,636  DEBUG       margin_perceptron.py# 72      Epoch:  9    Learning rate: 0.00111    Accuracy: 0.7133333333333334
2024-02-12 19:14:04,646  DEBUG       margin_perceptron.py# 72      Epoch: 10    Learning rate: 0.001      Accuracy: 0.72
2024-02-12 19:14:04,646  DEBUG       margin_perceptron.py# 81      Best Epoch:  8    Test Fold Accuracy: 0.7266666666666667
2024-02-12 19:14:04,646  DEBUG       margin_perceptron.py#169  
2024-02-12 19:14:04,646  DEBUG       margin_perceptron.py#158    Cross validation 3
2024-02-12 19:14:04,656  DEBUG       margin_perceptron.py# 72      Epoch:  1    Learning rate: 0.01       Accuracy: 0.7333333333333333
2024-02-12 19:14:04,666  DEBUG       margin_perceptron.py# 72      Epoch:  2    Learning rate: 0.005      Accuracy: 0.7533333333333333
2024-02-12 19:14:04,676  DEBUG       margin_perceptron.py# 72      Epoch:  3    Learning rate: 0.00333    Accuracy: 0.7466666666666667
2024-02-12 19:14:04,685  DEBUG       margin_perceptron.py# 72      Epoch:  4    Learning rate: 0.0025     Accuracy: 0.76
2024-02-12 19:14:04,695  DEBUG       margin_perceptron.py# 72      Epoch:  5    Learning rate: 0.002      Accuracy: 0.7666666666666667
2024-02-12 19:14:04,705  DEBUG       margin_perceptron.py# 72      Epoch:  6    Learning rate: 0.00167    Accuracy: 0.7533333333333333
2024-02-12 19:14:04,715  DEBUG       margin_perceptron.py# 72      Epoch:  7    Learning rate: 0.00143    Accuracy: 0.74
2024-02-12 19:14:04,725  DEBUG       margin_perceptron.py# 72      Epoch:  8    Learning rate: 0.00125    Accuracy: 0.74
2024-02-12 19:14:04,734  DEBUG       margin_perceptron.py# 72      Epoch:  9    Learning rate: 0.00111    Accuracy: 0.74
2024-02-12 19:14:04,744  DEBUG       margin_perceptron.py# 72      Epoch: 10    Learning rate: 0.001      Accuracy: 0.7466666666666667
2024-02-12 19:14:04,744  DEBUG       margin_perceptron.py# 81      Best Epoch:  5    Test Fold Accuracy: 0.7666666666666667
2024-02-12 19:14:04,744  DEBUG       margin_perceptron.py#169  
2024-02-12 19:14:04,744  DEBUG       margin_perceptron.py#158    Cross validation 4
2024-02-12 19:14:04,754  DEBUG       margin_perceptron.py# 72      Epoch:  1    Learning rate: 0.01       Accuracy: 0.76
2024-02-12 19:14:04,764  DEBUG       margin_perceptron.py# 72      Epoch:  2    Learning rate: 0.005      Accuracy: 0.76
2024-02-12 19:14:04,774  DEBUG       margin_perceptron.py# 72      Epoch:  3    Learning rate: 0.00333    Accuracy: 0.7466666666666667
2024-02-12 19:14:04,784  DEBUG       margin_perceptron.py# 72      Epoch:  4    Learning rate: 0.0025     Accuracy: 0.7533333333333333
2024-02-12 19:14:04,793  DEBUG       margin_perceptron.py# 72      Epoch:  5    Learning rate: 0.002      Accuracy: 0.7533333333333333
2024-02-12 19:14:04,803  DEBUG       margin_perceptron.py# 72      Epoch:  6    Learning rate: 0.00167    Accuracy: 0.7666666666666667
2024-02-12 19:14:04,813  DEBUG       margin_perceptron.py# 72      Epoch:  7    Learning rate: 0.00143    Accuracy: 0.7666666666666667
2024-02-12 19:14:04,823  DEBUG       margin_perceptron.py# 72      Epoch:  8    Learning rate: 0.00125    Accuracy: 0.7533333333333333
2024-02-12 19:14:04,833  DEBUG       margin_perceptron.py# 72      Epoch:  9    Learning rate: 0.00111    Accuracy: 0.7666666666666667
2024-02-12 19:14:04,843  DEBUG       margin_perceptron.py# 72      Epoch: 10    Learning rate: 0.001      Accuracy: 0.7666666666666667
2024-02-12 19:14:04,843  DEBUG       margin_perceptron.py# 81      Best Epoch: 10    Test Fold Accuracy: 0.7666666666666667
2024-02-12 19:14:04,843  DEBUG       margin_perceptron.py#169  
2024-02-12 19:14:04,843  DEBUG       margin_perceptron.py#171  
2024-02-12 19:14:04,843  DEBUG       margin_perceptron.py#153  Margin: 0.01   Learning rate: 1
2024-02-12 19:14:04,843  DEBUG       margin_perceptron.py#158    Cross validation 0
2024-02-12 19:14:04,853  DEBUG       margin_perceptron.py# 72      Epoch:  1    Learning rate: 1.0        Accuracy: 0.56
2024-02-12 19:14:04,863  DEBUG       margin_perceptron.py# 72      Epoch:  2    Learning rate: 0.5        Accuracy: 0.64
2024-02-12 19:14:04,873  DEBUG       margin_perceptron.py# 72      Epoch:  3    Learning rate: 0.33333    Accuracy: 0.6733333333333333
2024-02-12 19:14:04,883  DEBUG       margin_perceptron.py# 72      Epoch:  4    Learning rate: 0.25       Accuracy: 0.7066666666666667
2024-02-12 19:14:04,892  DEBUG       margin_perceptron.py# 72      Epoch:  5    Learning rate: 0.2        Accuracy: 0.62
2024-02-12 19:14:04,902  DEBUG       margin_perceptron.py# 72      Epoch:  6    Learning rate: 0.16667    Accuracy: 0.6933333333333334
2024-02-12 19:14:04,912  DEBUG       margin_perceptron.py# 72      Epoch:  7    Learning rate: 0.14286    Accuracy: 0.74
2024-02-12 19:14:04,922  DEBUG       margin_perceptron.py# 72      Epoch:  8    Learning rate: 0.125      Accuracy: 0.7133333333333334
2024-02-12 19:14:04,932  DEBUG       margin_perceptron.py# 72      Epoch:  9    Learning rate: 0.11111    Accuracy: 0.7066666666666667
2024-02-12 19:14:04,942  DEBUG       margin_perceptron.py# 72      Epoch: 10    Learning rate: 0.1        Accuracy: 0.74
2024-02-12 19:14:04,942  DEBUG       margin_perceptron.py# 81      Best Epoch: 10    Test Fold Accuracy: 0.74
2024-02-12 19:14:04,942  DEBUG       margin_perceptron.py#169  
2024-02-12 19:14:04,942  DEBUG       margin_perceptron.py#158    Cross validation 1
2024-02-12 19:14:04,952  DEBUG       margin_perceptron.py# 72      Epoch:  1    Learning rate: 1.0        Accuracy: 0.6466666666666666
2024-02-12 19:14:04,962  DEBUG       margin_perceptron.py# 72      Epoch:  2    Learning rate: 0.5        Accuracy: 0.5333333333333333
2024-02-12 19:14:04,972  DEBUG       margin_perceptron.py# 72      Epoch:  3    Learning rate: 0.33333    Accuracy: 0.7333333333333333
2024-02-12 19:14:04,982  DEBUG       margin_perceptron.py# 72      Epoch:  4    Learning rate: 0.25       Accuracy: 0.64
2024-02-12 19:14:04,991  DEBUG       margin_perceptron.py# 72      Epoch:  5    Learning rate: 0.2        Accuracy: 0.6333333333333333
2024-02-12 19:14:05,001  DEBUG       margin_perceptron.py# 72      Epoch:  6    Learning rate: 0.16667    Accuracy: 0.7
2024-02-12 19:14:05,011  DEBUG       margin_perceptron.py# 72      Epoch:  7    Learning rate: 0.14286    Accuracy: 0.7266666666666667
2024-02-12 19:14:05,021  DEBUG       margin_perceptron.py# 72      Epoch:  8    Learning rate: 0.125      Accuracy: 0.7133333333333334
2024-02-12 19:14:05,031  DEBUG       margin_perceptron.py# 72      Epoch:  9    Learning rate: 0.11111    Accuracy: 0.7266666666666667
2024-02-12 19:14:05,041  DEBUG       margin_perceptron.py# 72      Epoch: 10    Learning rate: 0.1        Accuracy: 0.7066666666666667
2024-02-12 19:14:05,041  DEBUG       margin_perceptron.py# 81      Best Epoch:  3    Test Fold Accuracy: 0.7333333333333333
2024-02-12 19:14:05,041  DEBUG       margin_perceptron.py#169  
2024-02-12 19:14:05,041  DEBUG       margin_perceptron.py#158    Cross validation 2
2024-02-12 19:14:05,051  DEBUG       margin_perceptron.py# 72      Epoch:  1    Learning rate: 1.0        Accuracy: 0.4266666666666667
2024-02-12 19:14:05,061  DEBUG       margin_perceptron.py# 72      Epoch:  2    Learning rate: 0.5        Accuracy: 0.6866666666666666
2024-02-12 19:14:05,070  DEBUG       margin_perceptron.py# 72      Epoch:  3    Learning rate: 0.33333    Accuracy: 0.6933333333333334
2024-02-12 19:14:05,080  DEBUG       margin_perceptron.py# 72      Epoch:  4    Learning rate: 0.25       Accuracy: 0.7333333333333333
2024-02-12 19:14:05,090  DEBUG       margin_perceptron.py# 72      Epoch:  5    Learning rate: 0.2        Accuracy: 0.6733333333333333
2024-02-12 19:14:05,100  DEBUG       margin_perceptron.py# 72      Epoch:  6    Learning rate: 0.16667    Accuracy: 0.76
2024-02-12 19:14:05,110  DEBUG       margin_perceptron.py# 72      Epoch:  7    Learning rate: 0.14286    Accuracy: 0.7266666666666667
2024-02-12 19:14:05,120  DEBUG       margin_perceptron.py# 72      Epoch:  8    Learning rate: 0.125      Accuracy: 0.76
2024-02-12 19:14:05,130  DEBUG       margin_perceptron.py# 72      Epoch:  9    Learning rate: 0.11111    Accuracy: 0.7466666666666667
2024-02-12 19:14:05,140  DEBUG       margin_perceptron.py# 72      Epoch: 10    Learning rate: 0.1        Accuracy: 0.7066666666666667
2024-02-12 19:14:05,140  DEBUG       margin_perceptron.py# 81      Best Epoch:  8    Test Fold Accuracy: 0.76
2024-02-12 19:14:05,140  DEBUG       margin_perceptron.py#169  
2024-02-12 19:14:05,140  DEBUG       margin_perceptron.py#158    Cross validation 3
2024-02-12 19:14:05,150  DEBUG       margin_perceptron.py# 72      Epoch:  1    Learning rate: 1.0        Accuracy: 0.5266666666666666
2024-02-12 19:14:05,159  DEBUG       margin_perceptron.py# 72      Epoch:  2    Learning rate: 0.5        Accuracy: 0.6666666666666666
2024-02-12 19:14:05,169  DEBUG       margin_perceptron.py# 72      Epoch:  3    Learning rate: 0.33333    Accuracy: 0.74
2024-02-12 19:14:05,179  DEBUG       margin_perceptron.py# 72      Epoch:  4    Learning rate: 0.25       Accuracy: 0.6866666666666666
2024-02-12 19:14:05,189  DEBUG       margin_perceptron.py# 72      Epoch:  5    Learning rate: 0.2        Accuracy: 0.66
2024-02-12 19:14:05,199  DEBUG       margin_perceptron.py# 72      Epoch:  6    Learning rate: 0.16667    Accuracy: 0.74
2024-02-12 19:14:05,209  DEBUG       margin_perceptron.py# 72      Epoch:  7    Learning rate: 0.14286    Accuracy: 0.7
2024-02-12 19:14:05,219  DEBUG       margin_perceptron.py# 72      Epoch:  8    Learning rate: 0.125      Accuracy: 0.6533333333333333
2024-02-12 19:14:05,229  DEBUG       margin_perceptron.py# 72      Epoch:  9    Learning rate: 0.11111    Accuracy: 0.76
2024-02-12 19:14:05,239  DEBUG       margin_perceptron.py# 72      Epoch: 10    Learning rate: 0.1        Accuracy: 0.6733333333333333
2024-02-12 19:14:05,239  DEBUG       margin_perceptron.py# 81      Best Epoch:  9    Test Fold Accuracy: 0.76
2024-02-12 19:14:05,239  DEBUG       margin_perceptron.py#169  
2024-02-12 19:14:05,239  DEBUG       margin_perceptron.py#158    Cross validation 4
2024-02-12 19:14:05,249  DEBUG       margin_perceptron.py# 72      Epoch:  1    Learning rate: 1.0        Accuracy: 0.52
2024-02-12 19:14:05,259  DEBUG       margin_perceptron.py# 72      Epoch:  2    Learning rate: 0.5        Accuracy: 0.8
2024-02-12 19:14:05,269  DEBUG       margin_perceptron.py# 72      Epoch:  3    Learning rate: 0.33333    Accuracy: 0.64
2024-02-12 19:14:05,278  DEBUG       margin_perceptron.py# 72      Epoch:  4    Learning rate: 0.25       Accuracy: 0.6933333333333334
2024-02-12 19:14:05,288  DEBUG       margin_perceptron.py# 72      Epoch:  5    Learning rate: 0.2        Accuracy: 0.7733333333333333
2024-02-12 19:14:05,298  DEBUG       margin_perceptron.py# 72      Epoch:  6    Learning rate: 0.16667    Accuracy: 0.6466666666666666
2024-02-12 19:14:05,308  DEBUG       margin_perceptron.py# 72      Epoch:  7    Learning rate: 0.14286    Accuracy: 0.7866666666666666
2024-02-12 19:14:05,318  DEBUG       margin_perceptron.py# 72      Epoch:  8    Learning rate: 0.125      Accuracy: 0.68
2024-02-12 19:14:05,328  DEBUG       margin_perceptron.py# 72      Epoch:  9    Learning rate: 0.11111    Accuracy: 0.76
2024-02-12 19:14:05,337  DEBUG       margin_perceptron.py# 72      Epoch: 10    Learning rate: 0.1        Accuracy: 0.7666666666666667
2024-02-12 19:14:05,338  DEBUG       margin_perceptron.py# 81      Best Epoch:  2    Test Fold Accuracy: 0.8
2024-02-12 19:14:05,338  DEBUG       margin_perceptron.py#169  
2024-02-12 19:14:05,338  DEBUG       margin_perceptron.py#171  
2024-02-12 19:14:05,338  DEBUG       margin_perceptron.py#153  Margin: 0.01   Learning rate: 0.1
2024-02-12 19:14:05,338  DEBUG       margin_perceptron.py#158    Cross validation 0
2024-02-12 19:14:05,348  DEBUG       margin_perceptron.py# 72      Epoch:  1    Learning rate: 0.1        Accuracy: 0.7333333333333333
2024-02-12 19:14:05,357  DEBUG       margin_perceptron.py# 72      Epoch:  2    Learning rate: 0.05       Accuracy: 0.76
2024-02-12 19:14:05,367  DEBUG       margin_perceptron.py# 72      Epoch:  3    Learning rate: 0.03333    Accuracy: 0.7333333333333333
2024-02-12 19:14:05,377  DEBUG       margin_perceptron.py# 72      Epoch:  4    Learning rate: 0.025      Accuracy: 0.7533333333333333
2024-02-12 19:14:05,387  DEBUG       margin_perceptron.py# 72      Epoch:  5    Learning rate: 0.02       Accuracy: 0.7466666666666667
2024-02-12 19:14:05,397  DEBUG       margin_perceptron.py# 72      Epoch:  6    Learning rate: 0.01667    Accuracy: 0.7666666666666667
2024-02-12 19:14:05,406  DEBUG       margin_perceptron.py# 72      Epoch:  7    Learning rate: 0.01429    Accuracy: 0.7466666666666667
2024-02-12 19:14:05,416  DEBUG       margin_perceptron.py# 72      Epoch:  8    Learning rate: 0.0125     Accuracy: 0.74
2024-02-12 19:14:05,426  DEBUG       margin_perceptron.py# 72      Epoch:  9    Learning rate: 0.01111    Accuracy: 0.74
2024-02-12 19:14:05,436  DEBUG       margin_perceptron.py# 72      Epoch: 10    Learning rate: 0.01       Accuracy: 0.7733333333333333
2024-02-12 19:14:05,436  DEBUG       margin_perceptron.py# 81      Best Epoch: 10    Test Fold Accuracy: 0.7733333333333333
2024-02-12 19:14:05,436  DEBUG       margin_perceptron.py#169  
2024-02-12 19:14:05,436  DEBUG       margin_perceptron.py#158    Cross validation 1
2024-02-12 19:14:05,446  DEBUG       margin_perceptron.py# 72      Epoch:  1    Learning rate: 0.1        Accuracy: 0.72
2024-02-12 19:14:05,456  DEBUG       margin_perceptron.py# 72      Epoch:  2    Learning rate: 0.05       Accuracy: 0.62
2024-02-12 19:14:05,466  DEBUG       margin_perceptron.py# 72      Epoch:  3    Learning rate: 0.03333    Accuracy: 0.7066666666666667
2024-02-12 19:14:05,475  DEBUG       margin_perceptron.py# 72      Epoch:  4    Learning rate: 0.025      Accuracy: 0.72
2024-02-12 19:14:05,485  DEBUG       margin_perceptron.py# 72      Epoch:  5    Learning rate: 0.02       Accuracy: 0.7133333333333334
2024-02-12 19:14:05,495  DEBUG       margin_perceptron.py# 72      Epoch:  6    Learning rate: 0.01667    Accuracy: 0.6733333333333333
2024-02-12 19:14:05,505  DEBUG       margin_perceptron.py# 72      Epoch:  7    Learning rate: 0.01429    Accuracy: 0.7133333333333334
2024-02-12 19:14:05,515  DEBUG       margin_perceptron.py# 72      Epoch:  8    Learning rate: 0.0125     Accuracy: 0.7666666666666667
2024-02-12 19:14:05,525  DEBUG       margin_perceptron.py# 72      Epoch:  9    Learning rate: 0.01111    Accuracy: 0.7066666666666667
2024-02-12 19:14:05,534  DEBUG       margin_perceptron.py# 72      Epoch: 10    Learning rate: 0.01       Accuracy: 0.7133333333333334
2024-02-12 19:14:05,534  DEBUG       margin_perceptron.py# 81      Best Epoch:  8    Test Fold Accuracy: 0.7666666666666667
2024-02-12 19:14:05,535  DEBUG       margin_perceptron.py#169  
2024-02-12 19:14:05,535  DEBUG       margin_perceptron.py#158    Cross validation 2
2024-02-12 19:14:05,544  DEBUG       margin_perceptron.py# 72      Epoch:  1    Learning rate: 0.1        Accuracy: 0.74
2024-02-12 19:14:05,554  DEBUG       margin_perceptron.py# 72      Epoch:  2    Learning rate: 0.05       Accuracy: 0.7466666666666667
2024-02-12 19:14:05,564  DEBUG       margin_perceptron.py# 72      Epoch:  3    Learning rate: 0.03333    Accuracy: 0.7333333333333333
2024-02-12 19:14:05,574  DEBUG       margin_perceptron.py# 72      Epoch:  4    Learning rate: 0.025      Accuracy: 0.7266666666666667
2024-02-12 19:14:05,584  DEBUG       margin_perceptron.py# 72      Epoch:  5    Learning rate: 0.02       Accuracy: 0.7266666666666667
2024-02-12 19:14:05,593  DEBUG       margin_perceptron.py# 72      Epoch:  6    Learning rate: 0.01667    Accuracy: 0.7266666666666667
2024-02-12 19:14:05,603  DEBUG       margin_perceptron.py# 72      Epoch:  7    Learning rate: 0.01429    Accuracy: 0.72
2024-02-12 19:14:05,613  DEBUG       margin_perceptron.py# 72      Epoch:  8    Learning rate: 0.0125     Accuracy: 0.74
2024-02-12 19:14:05,623  DEBUG       margin_perceptron.py# 72      Epoch:  9    Learning rate: 0.01111    Accuracy: 0.7466666666666667
2024-02-12 19:14:05,633  DEBUG       margin_perceptron.py# 72      Epoch: 10    Learning rate: 0.01       Accuracy: 0.74
2024-02-12 19:14:05,633  DEBUG       margin_perceptron.py# 81      Best Epoch:  9    Test Fold Accuracy: 0.7466666666666667
2024-02-12 19:14:05,633  DEBUG       margin_perceptron.py#169  
2024-02-12 19:14:05,633  DEBUG       margin_perceptron.py#158    Cross validation 3
2024-02-12 19:14:05,643  DEBUG       margin_perceptron.py# 72      Epoch:  1    Learning rate: 0.1        Accuracy: 0.6533333333333333
2024-02-12 19:14:05,652  DEBUG       margin_perceptron.py# 72      Epoch:  2    Learning rate: 0.05       Accuracy: 0.7333333333333333
2024-02-12 19:14:05,662  DEBUG       margin_perceptron.py# 72      Epoch:  3    Learning rate: 0.03333    Accuracy: 0.7666666666666667
2024-02-12 19:14:05,672  DEBUG       margin_perceptron.py# 72      Epoch:  4    Learning rate: 0.025      Accuracy: 0.7733333333333333
2024-02-12 19:14:05,682  DEBUG       margin_perceptron.py# 72      Epoch:  5    Learning rate: 0.02       Accuracy: 0.76
2024-02-12 19:14:05,692  DEBUG       margin_perceptron.py# 72      Epoch:  6    Learning rate: 0.01667    Accuracy: 0.78
2024-02-12 19:14:05,702  DEBUG       margin_perceptron.py# 72      Epoch:  7    Learning rate: 0.01429    Accuracy: 0.7333333333333333
2024-02-12 19:14:05,711  DEBUG       margin_perceptron.py# 72      Epoch:  8    Learning rate: 0.0125     Accuracy: 0.72
2024-02-12 19:14:05,721  DEBUG       margin_perceptron.py# 72      Epoch:  9    Learning rate: 0.01111    Accuracy: 0.7466666666666667
2024-02-12 19:14:05,731  DEBUG       margin_perceptron.py# 72      Epoch: 10    Learning rate: 0.01       Accuracy: 0.7333333333333333
2024-02-12 19:14:05,731  DEBUG       margin_perceptron.py# 81      Best Epoch:  6    Test Fold Accuracy: 0.78
2024-02-12 19:14:05,731  DEBUG       margin_perceptron.py#169  
2024-02-12 19:14:05,731  DEBUG       margin_perceptron.py#158    Cross validation 4
2024-02-12 19:14:05,741  DEBUG       margin_perceptron.py# 72      Epoch:  1    Learning rate: 0.1        Accuracy: 0.7666666666666667
2024-02-12 19:14:05,751  DEBUG       margin_perceptron.py# 72      Epoch:  2    Learning rate: 0.05       Accuracy: 0.7533333333333333
2024-02-12 19:14:05,761  DEBUG       margin_perceptron.py# 72      Epoch:  3    Learning rate: 0.03333    Accuracy: 0.7133333333333334
2024-02-12 19:14:05,771  DEBUG       margin_perceptron.py# 72      Epoch:  4    Learning rate: 0.025      Accuracy: 0.76
2024-02-12 19:14:05,780  DEBUG       margin_perceptron.py# 72      Epoch:  5    Learning rate: 0.02       Accuracy: 0.7533333333333333
2024-02-12 19:14:05,790  DEBUG       margin_perceptron.py# 72      Epoch:  6    Learning rate: 0.01667    Accuracy: 0.7466666666666667
2024-02-12 19:14:05,800  DEBUG       margin_perceptron.py# 72      Epoch:  7    Learning rate: 0.01429    Accuracy: 0.7933333333333333
2024-02-12 19:14:05,810  DEBUG       margin_perceptron.py# 72      Epoch:  8    Learning rate: 0.0125     Accuracy: 0.76
2024-02-12 19:14:05,820  DEBUG       margin_perceptron.py# 72      Epoch:  9    Learning rate: 0.01111    Accuracy: 0.7466666666666667
2024-02-12 19:14:05,830  DEBUG       margin_perceptron.py# 72      Epoch: 10    Learning rate: 0.01       Accuracy: 0.7266666666666667
2024-02-12 19:14:05,830  DEBUG       margin_perceptron.py# 81      Best Epoch:  7    Test Fold Accuracy: 0.7933333333333333
2024-02-12 19:14:05,830  DEBUG       margin_perceptron.py#169  
2024-02-12 19:14:05,830  DEBUG       margin_perceptron.py#171  
2024-02-12 19:14:05,830  DEBUG       margin_perceptron.py#153  Margin: 0.01   Learning rate: 0.01
2024-02-12 19:14:05,830  DEBUG       margin_perceptron.py#158    Cross validation 0
2024-02-12 19:14:05,840  DEBUG       margin_perceptron.py# 72      Epoch:  1    Learning rate: 0.01       Accuracy: 0.7933333333333333
2024-02-12 19:14:05,850  DEBUG       margin_perceptron.py# 72      Epoch:  2    Learning rate: 0.005      Accuracy: 0.7733333333333333
2024-02-12 19:14:05,859  DEBUG       margin_perceptron.py# 72      Epoch:  3    Learning rate: 0.00333    Accuracy: 0.7666666666666667
2024-02-12 19:14:05,869  DEBUG       margin_perceptron.py# 72      Epoch:  4    Learning rate: 0.0025     Accuracy: 0.76
2024-02-12 19:14:05,879  DEBUG       margin_perceptron.py# 72      Epoch:  5    Learning rate: 0.002      Accuracy: 0.74
2024-02-12 19:14:05,889  DEBUG       margin_perceptron.py# 72      Epoch:  6    Learning rate: 0.00167    Accuracy: 0.7466666666666667
2024-02-12 19:14:05,899  DEBUG       margin_perceptron.py# 72      Epoch:  7    Learning rate: 0.00143    Accuracy: 0.7666666666666667
2024-02-12 19:14:05,909  DEBUG       margin_perceptron.py# 72      Epoch:  8    Learning rate: 0.00125    Accuracy: 0.7533333333333333
2024-02-12 19:14:05,919  DEBUG       margin_perceptron.py# 72      Epoch:  9    Learning rate: 0.00111    Accuracy: 0.76
2024-02-12 19:14:05,928  DEBUG       margin_perceptron.py# 72      Epoch: 10    Learning rate: 0.001      Accuracy: 0.76
2024-02-12 19:14:05,928  DEBUG       margin_perceptron.py# 81      Best Epoch:  1    Test Fold Accuracy: 0.7933333333333333
2024-02-12 19:14:05,928  DEBUG       margin_perceptron.py#169  
2024-02-12 19:14:05,928  DEBUG       margin_perceptron.py#158    Cross validation 1
2024-02-12 19:14:05,938  DEBUG       margin_perceptron.py# 72      Epoch:  1    Learning rate: 0.01       Accuracy: 0.72
2024-02-12 19:14:05,948  DEBUG       margin_perceptron.py# 72      Epoch:  2    Learning rate: 0.005      Accuracy: 0.6933333333333334
2024-02-12 19:14:05,958  DEBUG       margin_perceptron.py# 72      Epoch:  3    Learning rate: 0.00333    Accuracy: 0.7
2024-02-12 19:14:05,968  DEBUG       margin_perceptron.py# 72      Epoch:  4    Learning rate: 0.0025     Accuracy: 0.7
2024-02-12 19:14:05,978  DEBUG       margin_perceptron.py# 72      Epoch:  5    Learning rate: 0.002      Accuracy: 0.7066666666666667
2024-02-12 19:14:05,987  DEBUG       margin_perceptron.py# 72      Epoch:  6    Learning rate: 0.00167    Accuracy: 0.7066666666666667
2024-02-12 19:14:05,997  DEBUG       margin_perceptron.py# 72      Epoch:  7    Learning rate: 0.00143    Accuracy: 0.7066666666666667
2024-02-12 19:14:06,007  DEBUG       margin_perceptron.py# 72      Epoch:  8    Learning rate: 0.00125    Accuracy: 0.7333333333333333
2024-02-12 19:14:06,017  DEBUG       margin_perceptron.py# 72      Epoch:  9    Learning rate: 0.00111    Accuracy: 0.7333333333333333
2024-02-12 19:14:06,027  DEBUG       margin_perceptron.py# 72      Epoch: 10    Learning rate: 0.001      Accuracy: 0.7133333333333334
2024-02-12 19:14:06,027  DEBUG       margin_perceptron.py# 81      Best Epoch:  9    Test Fold Accuracy: 0.7333333333333333
2024-02-12 19:14:06,027  DEBUG       margin_perceptron.py#169  
2024-02-12 19:14:06,027  DEBUG       margin_perceptron.py#158    Cross validation 2
2024-02-12 19:14:06,037  DEBUG       margin_perceptron.py# 72      Epoch:  1    Learning rate: 0.01       Accuracy: 0.72
2024-02-12 19:14:06,047  DEBUG       margin_perceptron.py# 72      Epoch:  2    Learning rate: 0.005      Accuracy: 0.7266666666666667
2024-02-12 19:14:06,056  DEBUG       margin_perceptron.py# 72      Epoch:  3    Learning rate: 0.00333    Accuracy: 0.72
2024-02-12 19:14:06,066  DEBUG       margin_perceptron.py# 72      Epoch:  4    Learning rate: 0.0025     Accuracy: 0.7266666666666667
2024-02-12 19:14:06,076  DEBUG       margin_perceptron.py# 72      Epoch:  5    Learning rate: 0.002      Accuracy: 0.74
2024-02-12 19:14:06,086  DEBUG       margin_perceptron.py# 72      Epoch:  6    Learning rate: 0.00167    Accuracy: 0.7333333333333333
2024-02-12 19:14:06,096  DEBUG       margin_perceptron.py# 72      Epoch:  7    Learning rate: 0.00143    Accuracy: 0.7333333333333333
2024-02-12 19:14:06,106  DEBUG       margin_perceptron.py# 72      Epoch:  8    Learning rate: 0.00125    Accuracy: 0.74
2024-02-12 19:14:06,115  DEBUG       margin_perceptron.py# 72      Epoch:  9    Learning rate: 0.00111    Accuracy: 0.7266666666666667
2024-02-12 19:14:06,125  DEBUG       margin_perceptron.py# 72      Epoch: 10    Learning rate: 0.001      Accuracy: 0.7333333333333333
2024-02-12 19:14:06,125  DEBUG       margin_perceptron.py# 81      Best Epoch:  8    Test Fold Accuracy: 0.74
2024-02-12 19:14:06,125  DEBUG       margin_perceptron.py#169  
2024-02-12 19:14:06,125  DEBUG       margin_perceptron.py#158    Cross validation 3
2024-02-12 19:14:06,135  DEBUG       margin_perceptron.py# 72      Epoch:  1    Learning rate: 0.01       Accuracy: 0.7066666666666667
2024-02-12 19:14:06,145  DEBUG       margin_perceptron.py# 72      Epoch:  2    Learning rate: 0.005      Accuracy: 0.76
2024-02-12 19:14:06,155  DEBUG       margin_perceptron.py# 72      Epoch:  3    Learning rate: 0.00333    Accuracy: 0.7666666666666667
2024-02-12 19:14:06,165  DEBUG       margin_perceptron.py# 72      Epoch:  4    Learning rate: 0.0025     Accuracy: 0.7666666666666667
2024-02-12 19:14:06,175  DEBUG       margin_perceptron.py# 72      Epoch:  5    Learning rate: 0.002      Accuracy: 0.7666666666666667
2024-02-12 19:14:06,184  DEBUG       margin_perceptron.py# 72      Epoch:  6    Learning rate: 0.00167    Accuracy: 0.7533333333333333
2024-02-12 19:14:06,194  DEBUG       margin_perceptron.py# 72      Epoch:  7    Learning rate: 0.00143    Accuracy: 0.7133333333333334
2024-02-12 19:14:06,204  DEBUG       margin_perceptron.py# 72      Epoch:  8    Learning rate: 0.00125    Accuracy: 0.7533333333333333
2024-02-12 19:14:06,214  DEBUG       margin_perceptron.py# 72      Epoch:  9    Learning rate: 0.00111    Accuracy: 0.7266666666666667
2024-02-12 19:14:06,224  DEBUG       margin_perceptron.py# 72      Epoch: 10    Learning rate: 0.001      Accuracy: 0.7133333333333334
2024-02-12 19:14:06,224  DEBUG       margin_perceptron.py# 81      Best Epoch:  5    Test Fold Accuracy: 0.7666666666666667
2024-02-12 19:14:06,224  DEBUG       margin_perceptron.py#169  
2024-02-12 19:14:06,224  DEBUG       margin_perceptron.py#158    Cross validation 4
2024-02-12 19:14:06,234  DEBUG       margin_perceptron.py# 72      Epoch:  1    Learning rate: 0.01       Accuracy: 0.74
2024-02-12 19:14:06,243  DEBUG       margin_perceptron.py# 72      Epoch:  2    Learning rate: 0.005      Accuracy: 0.74
2024-02-12 19:14:06,253  DEBUG       margin_perceptron.py# 72      Epoch:  3    Learning rate: 0.00333    Accuracy: 0.7466666666666667
2024-02-12 19:14:06,263  DEBUG       margin_perceptron.py# 72      Epoch:  4    Learning rate: 0.0025     Accuracy: 0.7466666666666667
2024-02-12 19:14:06,273  DEBUG       margin_perceptron.py# 72      Epoch:  5    Learning rate: 0.002      Accuracy: 0.74
2024-02-12 19:14:06,283  DEBUG       margin_perceptron.py# 72      Epoch:  6    Learning rate: 0.00167    Accuracy: 0.7466666666666667
2024-02-12 19:14:06,293  DEBUG       margin_perceptron.py# 72      Epoch:  7    Learning rate: 0.00143    Accuracy: 0.7666666666666667
2024-02-12 19:14:06,303  DEBUG       margin_perceptron.py# 72      Epoch:  8    Learning rate: 0.00125    Accuracy: 0.7466666666666667
2024-02-12 19:14:06,312  DEBUG       margin_perceptron.py# 72      Epoch:  9    Learning rate: 0.00111    Accuracy: 0.7533333333333333
2024-02-12 19:14:06,322  DEBUG       margin_perceptron.py# 72      Epoch: 10    Learning rate: 0.001      Accuracy: 0.7466666666666667
2024-02-12 19:14:06,322  DEBUG       margin_perceptron.py# 81      Best Epoch:  7    Test Fold Accuracy: 0.7666666666666667
2024-02-12 19:14:06,322  DEBUG       margin_perceptron.py#169  
2024-02-12 19:14:06,322  DEBUG       margin_perceptron.py#171  
2024-02-12 19:14:06,322  DEBUG       margin_perceptron.py#173  All CV accuracy dictionary: {1: {1: [0.6466666666666666, 0.7333333333333333, 0.7666666666666667, 0.7, 0.74], 0.1: [0.74, 0.76, 0.7466666666666667, 0.7466666666666667, 0.8066666666666666], 0.01: [0.76, 0.7333333333333333, 0.7466666666666667, 0.7533333333333333, 0.7733333333333333]}, 0.1: {1: [0.72, 0.7266666666666667, 0.7666666666666667, 0.7333333333333333, 0.8066666666666666], 0.1: [0.7466666666666667, 0.76, 0.7466666666666667, 0.7666666666666667, 0.8333333333333334], 0.01: [0.7866666666666666, 0.74, 0.7266666666666667, 0.7666666666666667, 0.7666666666666667]}, 0.01: {1: [0.74, 0.7333333333333333, 0.76, 0.76, 0.8], 0.1: [0.7733333333333333, 0.7666666666666667, 0.7466666666666667, 0.78, 0.7933333333333333], 0.01: [0.7933333333333333, 0.7333333333333333, 0.74, 0.7666666666666667, 0.7666666666666667]}}
2024-02-12 19:14:06,322  DEBUG       margin_perceptron.py#189  Average accuracy of all folds with margin 1 & learning rate 1 is 0.7173333333333334
2024-02-12 19:14:06,322  DEBUG       margin_perceptron.py#189  Average accuracy of all folds with margin 1 & learning rate 0.1 is 0.76
2024-02-12 19:14:06,322  DEBUG       margin_perceptron.py#189  Average accuracy of all folds with margin 1 & learning rate 0.01 is 0.7533333333333333
2024-02-12 19:14:06,322  DEBUG       margin_perceptron.py#189  Average accuracy of all folds with margin 0.1 & learning rate 1 is 0.7506666666666667
2024-02-12 19:14:06,322  DEBUG       margin_perceptron.py#189  Average accuracy of all folds with margin 0.1 & learning rate 0.1 is 0.7706666666666667
2024-02-12 19:14:06,322  DEBUG       margin_perceptron.py#189  Average accuracy of all folds with margin 0.1 & learning rate 0.01 is 0.7573333333333333
2024-02-12 19:14:06,322  DEBUG       margin_perceptron.py#189  Average accuracy of all folds with margin 0.01 & learning rate 1 is 0.7586666666666666
2024-02-12 19:14:06,323  DEBUG       margin_perceptron.py#189  Average accuracy of all folds with margin 0.01 & learning rate 0.1 is 0.772
2024-02-12 19:14:06,323  DEBUG       margin_perceptron.py#189  Average accuracy of all folds with margin 0.01 & learning rate 0.01 is 0.76
2024-02-12 19:14:06,323  DEBUG       margin_perceptron.py#200  --------------------------------------------------
2024-02-12 19:14:06,323  DEBUG       margin_perceptron.py#201  Online Training
2024-02-12 19:14:06,323  DEBUG       margin_perceptron.py# 93  Learning rate: 0.1
2024-02-12 19:14:06,335  DEBUG       margin_perceptron.py#107    Epoch:  1    Learning rate: 0.1        Accuracy: 0.735
2024-02-12 19:14:06,348  DEBUG       margin_perceptron.py#107    Epoch:  2    Learning rate: 0.05       Accuracy: 0.725
2024-02-12 19:14:06,360  DEBUG       margin_perceptron.py#107    Epoch:  3    Learning rate: 0.03333    Accuracy: 0.725
2024-02-12 19:14:06,373  DEBUG       margin_perceptron.py#107    Epoch:  4    Learning rate: 0.025      Accuracy: 0.745
2024-02-12 19:14:06,385  DEBUG       margin_perceptron.py#107    Epoch:  5    Learning rate: 0.02       Accuracy: 0.745
2024-02-12 19:14:06,397  DEBUG       margin_perceptron.py#107    Epoch:  6    Learning rate: 0.01667    Accuracy: 0.725
2024-02-12 19:14:06,410  DEBUG       margin_perceptron.py#107    Epoch:  7    Learning rate: 0.01429    Accuracy: 0.76
2024-02-12 19:14:06,422  DEBUG       margin_perceptron.py#107    Epoch:  8    Learning rate: 0.0125     Accuracy: 0.725
2024-02-12 19:14:06,435  DEBUG       margin_perceptron.py#107    Epoch:  9    Learning rate: 0.01111    Accuracy: 0.745
2024-02-12 19:14:06,447  DEBUG       margin_perceptron.py#107    Epoch: 10    Learning rate: 0.01       Accuracy: 0.735
2024-02-12 19:14:06,460  DEBUG       margin_perceptron.py#107    Epoch: 11    Learning rate: 0.00909    Accuracy: 0.735
2024-02-12 19:14:06,472  DEBUG       margin_perceptron.py#107    Epoch: 12    Learning rate: 0.00833    Accuracy: 0.74
2024-02-12 19:14:06,485  DEBUG       margin_perceptron.py#107    Epoch: 13    Learning rate: 0.00769    Accuracy: 0.735
2024-02-12 19:14:06,497  DEBUG       margin_perceptron.py#107    Epoch: 14    Learning rate: 0.00714    Accuracy: 0.745
2024-02-12 19:14:06,509  DEBUG       margin_perceptron.py#107    Epoch: 15    Learning rate: 0.00667    Accuracy: 0.74
2024-02-12 19:14:06,522  DEBUG       margin_perceptron.py#107    Epoch: 16    Learning rate: 0.00625    Accuracy: 0.745
2024-02-12 19:14:06,534  DEBUG       margin_perceptron.py#107    Epoch: 17    Learning rate: 0.00588    Accuracy: 0.74
2024-02-12 19:14:06,547  DEBUG       margin_perceptron.py#107    Epoch: 18    Learning rate: 0.00556    Accuracy: 0.73
2024-02-12 19:14:06,559  DEBUG       margin_perceptron.py#107    Epoch: 19    Learning rate: 0.00526    Accuracy: 0.745
2024-02-12 19:14:06,572  DEBUG       margin_perceptron.py#107    Epoch: 20    Learning rate: 0.005      Accuracy: 0.745
2024-02-12 19:14:06,572  DEBUG       margin_perceptron.py#118    Best Epoch:  7    Dev Accuracy: 0.76
2024-02-12 19:14:06,574  DEBUG       margin_perceptron.py#215  Test set accuracy for best hyper parameter (margin 0.1 & learning rate 0.1) is 0.7761194029850746
