2024-02-15 22:50:07,964  DEBUG                   utils.py# 29  Start logging
2024-02-15 22:50:07,965  DEBUG       simple_perceptron.py#117  Initial bias: 4.885231466871323e-06
2024-02-15 22:50:07,965  DEBUG       simple_perceptron.py#118  Initial weights: [4.885231466871323e-06, 4.885231466871323e-06, 4.885231466871323e-06, 4.885231466871323e-06, 4.885231466871323e-06, 4.885231466871323e-06, 4.885231466871323e-06, 4.885231466871323e-06, 4.885231466871323e-06, 4.885231466871323e-06, 4.885231466871323e-06, 4.885231466871323e-06, 4.885231466871323e-06, 4.885231466871323e-06, 4.885231466871323e-06, 4.885231466871323e-06, 4.885231466871323e-06, 4.885231466871323e-06, 4.885231466871323e-06]
2024-02-15 22:50:07,975  DEBUG       simple_perceptron.py#126  --------------------------------------------------
2024-02-15 22:50:07,975  DEBUG       simple_perceptron.py#127  Cross Validation Training
2024-02-15 22:50:07,975  DEBUG       simple_perceptron.py#134  Learning rate: 1
2024-02-15 22:50:08,059  DEBUG       simple_perceptron.py#148    Cross validation (Fold 0) Accuracy: 0.56
2024-02-15 22:50:08,142  DEBUG       simple_perceptron.py#148    Cross validation (Fold 1) Accuracy: 0.6866666666666666
2024-02-15 22:50:08,225  DEBUG       simple_perceptron.py#148    Cross validation (Fold 2) Accuracy: 0.6866666666666666
2024-02-15 22:50:08,309  DEBUG       simple_perceptron.py#148    Cross validation (Fold 3) Accuracy: 0.6533333333333333
2024-02-15 22:50:08,392  DEBUG       simple_perceptron.py#148    Cross validation (Fold 4) Accuracy: 0.6666666666666666
2024-02-15 22:50:08,392  DEBUG       simple_perceptron.py#150  
2024-02-15 22:50:08,392  DEBUG       simple_perceptron.py#134  Learning rate: 0.1
2024-02-15 22:50:08,474  DEBUG       simple_perceptron.py#148    Cross validation (Fold 0) Accuracy: 0.76
2024-02-15 22:50:08,556  DEBUG       simple_perceptron.py#148    Cross validation (Fold 1) Accuracy: 0.7133333333333334
2024-02-15 22:50:08,638  DEBUG       simple_perceptron.py#148    Cross validation (Fold 2) Accuracy: 0.7066666666666667
2024-02-15 22:50:08,720  DEBUG       simple_perceptron.py#148    Cross validation (Fold 3) Accuracy: 0.6333333333333333
2024-02-15 22:50:08,802  DEBUG       simple_perceptron.py#148    Cross validation (Fold 4) Accuracy: 0.72
2024-02-15 22:50:08,802  DEBUG       simple_perceptron.py#150  
2024-02-15 22:50:08,802  DEBUG       simple_perceptron.py#134  Learning rate: 0.01
2024-02-15 22:50:08,884  DEBUG       simple_perceptron.py#148    Cross validation (Fold 0) Accuracy: 0.7733333333333333
2024-02-15 22:50:08,965  DEBUG       simple_perceptron.py#148    Cross validation (Fold 1) Accuracy: 0.7133333333333334
2024-02-15 22:50:09,053  DEBUG       simple_perceptron.py#148    Cross validation (Fold 2) Accuracy: 0.7266666666666667
2024-02-15 22:50:09,135  DEBUG       simple_perceptron.py#148    Cross validation (Fold 3) Accuracy: 0.76
2024-02-15 22:50:09,218  DEBUG       simple_perceptron.py#148    Cross validation (Fold 4) Accuracy: 0.76
2024-02-15 22:50:09,218  DEBUG       simple_perceptron.py#150  
2024-02-15 22:50:09,218  DEBUG       simple_perceptron.py#152  All CV accuracy dictionary: {1: [0.56, 0.6866666666666666, 0.6866666666666666, 0.6533333333333333, 0.6666666666666666], 0.1: [0.76, 0.7133333333333334, 0.7066666666666667, 0.6333333333333333, 0.72], 0.01: [0.7733333333333333, 0.7133333333333334, 0.7266666666666667, 0.76, 0.76]}
2024-02-15 22:50:09,218  DEBUG       simple_perceptron.py#169  Average accuracy of all folds with learning rate 1 is 0.6506666666666666
2024-02-15 22:50:09,218  DEBUG       simple_perceptron.py#169  Average accuracy of all folds with learning rate 0.1 is 0.7066666666666667
2024-02-15 22:50:09,218  DEBUG       simple_perceptron.py#169  Average accuracy of all folds with learning rate 0.01 is 0.7466666666666667
2024-02-15 22:50:09,218  DEBUG       simple_perceptron.py#175  All hyper parameter setting dictionary: {'learning rate 1': {'learning_rate': 1, 'accuracy': 0.6506666666666666}, 'learning rate 0.1': {'learning_rate': 0.1, 'accuracy': 0.7066666666666667}, 'learning rate 0.01': {'learning_rate': 0.01, 'accuracy': 0.7466666666666667}}
2024-02-15 22:50:09,218  DEBUG       simple_perceptron.py#182  --------------------------------------------------
2024-02-15 22:50:09,218  DEBUG       simple_perceptron.py#183  Online Training
2024-02-15 22:50:09,218  DEBUG       simple_perceptron.py# 80  Learning rate: 0.01
2024-02-15 22:50:09,230  DEBUG       simple_perceptron.py# 90    Epoch:  1    Dev Accuracy: 0.73
2024-02-15 22:50:09,243  DEBUG       simple_perceptron.py# 90    Epoch:  2    Dev Accuracy: 0.755
2024-02-15 22:50:09,256  DEBUG       simple_perceptron.py# 90    Epoch:  3    Dev Accuracy: 0.74
2024-02-15 22:50:09,268  DEBUG       simple_perceptron.py# 90    Epoch:  4    Dev Accuracy: 0.74
2024-02-15 22:50:09,281  DEBUG       simple_perceptron.py# 90    Epoch:  5    Dev Accuracy: 0.745
2024-02-15 22:50:09,293  DEBUG       simple_perceptron.py# 90    Epoch:  6    Dev Accuracy: 0.73
2024-02-15 22:50:09,306  DEBUG       simple_perceptron.py# 90    Epoch:  7    Dev Accuracy: 0.735
2024-02-15 22:50:09,318  DEBUG       simple_perceptron.py# 90    Epoch:  8    Dev Accuracy: 0.74
2024-02-15 22:50:09,331  DEBUG       simple_perceptron.py# 90    Epoch:  9    Dev Accuracy: 0.73
2024-02-15 22:50:09,343  DEBUG       simple_perceptron.py# 90    Epoch: 10    Dev Accuracy: 0.745
2024-02-15 22:50:09,356  DEBUG       simple_perceptron.py# 90    Epoch: 11    Dev Accuracy: 0.75
2024-02-15 22:50:09,368  DEBUG       simple_perceptron.py# 90    Epoch: 12    Dev Accuracy: 0.72
2024-02-15 22:50:09,381  DEBUG       simple_perceptron.py# 90    Epoch: 13    Dev Accuracy: 0.745
2024-02-15 22:50:09,394  DEBUG       simple_perceptron.py# 90    Epoch: 14    Dev Accuracy: 0.745
2024-02-15 22:50:09,406  DEBUG       simple_perceptron.py# 90    Epoch: 15    Dev Accuracy: 0.74
2024-02-15 22:50:09,419  DEBUG       simple_perceptron.py# 90    Epoch: 16    Dev Accuracy: 0.745
2024-02-15 22:50:09,431  DEBUG       simple_perceptron.py# 90    Epoch: 17    Dev Accuracy: 0.74
2024-02-15 22:50:09,444  DEBUG       simple_perceptron.py# 90    Epoch: 18    Dev Accuracy: 0.75
2024-02-15 22:50:09,456  DEBUG       simple_perceptron.py# 90    Epoch: 19    Dev Accuracy: 0.745
2024-02-15 22:50:09,469  DEBUG       simple_perceptron.py# 90    Epoch: 20    Dev Accuracy: 0.745
2024-02-15 22:50:09,469  DEBUG       simple_perceptron.py#101    Best Epoch:  2    Dev Accuracy: 0.755
2024-02-15 22:50:09,471  DEBUG       simple_perceptron.py#196  Test set accuracy for best hyper parameter (learning rate 0.01) is 0.7711442786069652
